205
858
21
1654
46
31
2
4
70
1791
897
1033
9
2239
982
31
2063
1251
5
43
27
1286
31
39
580
29
1634
1034
48
1036
1886
1031
665
1314
1570
33
25
51
38
28
589
2357
1738
994
657
29
22
605
411
407
902
65
1896
31
1141
1176
1318
1399
977
30
35
41
37
18
615
27
55
792
4
6
1204
40
39
11
11
51
856
11
1557
848
49
35
19
1176
43
37
1121
19
29
2119
276
11
1752
2195
34
641
6
2073
552
34
883
3
35
441
28
39
34
396
63
12
25
1136
19
47
13
50
482
1905
1233
22
2213
38
39
660
42
47
637
25
1592
1521
32
10
41
270
47
35
10
1472
12
1353
29
47
1913
10
1729
415
35
9
18
30
22
399
305
1357
1172
1462
665
37
908
866
15
572
24
14
16
3
38
18
31
902
679
1500
879
39
442
60
21
76
267
56
18
560
30
43
660
14
44
1671
43
1589
67
10
720
34
718
36
35
13
782
1663
754
39
1125
36
503
1049
610
32
1439
511
18
1478
344
17
14
39
827
23
25
419
20
836
599
921
590
568
975
1
539
40
867
8
1122
1095
640
25
32
1894
115
34
1236
13
612
920
368
14
298
27
21
25
630
1355
1270
1386
1697
744
31
512
906
40
631
504
66
169
30
24
1202
27
615
20
1801
897
48
515
241
24
17
40
17
484
4
5
36
19
34
1665
1736
867
20
68
1801
20
45
625
61
10
361
58
45
20
39
871
690
14
87
51
38
1615
15
1439
1905
1530
14
11
1867
4
15
13
23
9
36
18
1171
1132
1877
1072
55
71
60
23
40
872
60
738
60
1057
36
16
34
23
13
732
4
41
16
7
1194
1313
626
1048
46
46
8
42
712
509
29
19
25
1345
845
35
1149
46
10
890
679
38
869
1390
18
4
38
539
1005
27
1979
937
1269
948
38
657
7
39
8
1940
7
26
57
53
534
45
17
37
24
44
1410
1121
675
1095
57
630
30
46
17
1753
766
3
40
1292
30
39
1951
32
1116
1351
1215
805
1175
6
386
18
65
12
1298
28
26
1440
13
43
25
1317
944
879
876
939
1231
28
36
1386
16
887
923
1199
27
37
100
45
10
51
15
841
216
632
1232
31
52
14
422
83
17
59
51
950
455
41
1380
1432
882
1047
49
1497
1300
317
569
36
13
339
433
42
397
13
20
15
24
1236
530
1341
1601
20
15
656
638
596
41
461
619
442
1811
815
49
787
46
58
1511
41
39
1378
19
1890
577
50
971
966
1430
57
843
707
197
32
16
34
38
25
397
1718
24
1389
799
31
41
486
25
21
1533
53
180
1034
5
34
68
922
1343
895
17
41
1645
40
1341
20
1352
564
33
23
33
504
1257
33
500
1802
1511
1011
13
62
761
52
15
85
14
1011
23
855
1476
36
306
832
28
57
15
16
541
249
475
51
571
970
162
36
39
1233
15
1148
13
24
683
15
893
1325
991
14
172
23
8
3
1395
9
1158
1599
949
29
1293
137
15
12
283
14
39
353
25
1067
53
18
16
930
1390
1491
56
883
623
34
18
48
47
55
496
892
69
53
641
717
698
154
1396
39
803
32
2018
420
413
1088
430
38
41
51
781
633
237
25
25
15
333
31
74
27
38
500
6
389
20
6
36
49
233
1724
22
1633
20
1610
1204
54
790
43
1477
12
33
39
73
9
27
26
38
15
42
6
851
978
1388
750
31
623
1390
48
572
30
36
1506
42
175
58
345
28
1704
70
1101
759
18
190
736
9
1144
33
45
1629
21
25
13
50
12
24
1610
50
1008
607
792
1081
30
28
1219
55
41
49
577
1025
50
1342
929
217
18
721
2083
54
827
600
671
27
62
22
439
913
38
8
1491
580
1324
30
14
580
1415
1446
30
19
962
23
21
423
838
1853
999
980
920
763
11
1712
505
52
18
1706
678
451
1763
37
906
1001
29
37
1077
28
40
804
28
1450
687
2031
1155
1401
36
803
1506
1594
1262
21
13
351
1770
25
1585
30
11
1300
1263
49
51
17
40
1285
69
461
1682
1939
26
12
27
44
28
352
1537
30
1395
25
476
12
53
42
1097
1019
25
38
1412
23
919
1003
1311
249
560
5
1178
35
45
9
1846
60
1887
30
1176
202
10
269
22
27
1381
37
1328
2175
656
516
73
707
1020
783
16
616
1418
392
1007
26
458
35
1430
41
27
24
1081
20
43
63
14
2223
29
447
10
24
139
26
1282
62
1130
1028
726
987
28
1643
120
1259
581
895
21
68
382
53
120
2074
51
50
722
24
13
1403
1095
79
37
1779
966
1291
7
953
305
38
53
55
479
763
53
15
1328
40
40
37
1337
1158
50
50
52
31
1687
7
417
218
1470
34
1668
1139
20
874
181
37
61
48
652
1283
395
25
1117
2251
1401
44
71
277
1808
368
1440
55
1247
40
75
444
705
27
1033
767
12
23
35
1008
61
1179
13
181
30
28
264
1337
939
45
36
43
34
653
12
385
39
759
51
568
52
18
48
1255
1727
36
4
1276
744
1392
43
10
990
26
1495
18
1601
19
385
555
1623
41
718
190
1111
1064
491
21
1346
23
12
11
1119
162
42
719
780
37
6
1448
45
45
1432
1053
1480
435
32
34
1310
6
17
2
257
2142
51
1205
22
18
1286
9
11
14
22
16
1599
1287
31
1601
39
1231
1772
41
1721
7
1095
8
328
24
674
1386
1512
29
629
975
899
14
80
1300
25
2
1099
9
5
635
48
47
23
21
15
520
338
738
16
14
1368
35
26
55
825
12
15
306
509
919
12
861
1817
4
42
723
1111
14
1221
2402
1025
632
68
1800
779
705
2010
775
14
19
52
57
1215
1891
1338
25
467
37
1360
28
36
829
40
1623
314
12
796
40
2075
132
1269
75
468
1764
63
14
1132
15
1428
1159
54
69
114
18
11
320
1159
32
529
1089
1577
732
45
489
1164
920
1038
869
1008
2104
38
40
40
1018
1082
1685
11
27
1049
34
59
469
1273
22
995
48
954
1914
47
22
891
1488
19
35
45
14
1423
1583
586
13
23
1114
305
80
36
1540
38
2032
353
979
402
1228
720
2072
507
16
40
145
1023
1176
569
918
1095
9
833
16
30
524
574
34
1108
21
89
17
30
1761
301
31
1533
890
32
41
7
13
867
25
1668
1058
1516
1
522
1265
164
1312
1151
1597
39
1395
25
1241
23
1562
50
796
1251
20
35
39
14
68
13
427
41
42
26
15
29
17
1025
10
44
52
19
653
1265
33
456
22
618
394
39
431
12
28
825
216
27
28
22
35
747
15
45
1306
38
975
19
1435
32
1458
33
1690
32
6
672
9
449
492
29
64
42
44
56
963
687
27
981
28
1214
731
861
507
2004
591
874
50
511
42
647
212
252
1401
1575
731
1139
8
963
38
1399
463
52
29
1645
981
20
1754
511
56
391
46
519
35
42
659
1629
33
419
17
39
14
45
54
634
605
29
1320
1147
748
11
1563
41
243
1744
43
25
174
67
313
1543
65
31
39
1253
513
4
53
1889
1193
45
1005
397
50
30
423
32
11
1347
31
1050
29
1700
1141
24
22
20
1065
523
1644
1050
25
31
1005
38
1623
167
348
52
17
471
1383
719
50
566
33
50
1879
35
555
299
464
2333
1714
43
812
1385
970
20
23
53
43
311
54
34
1170
50
1495
26
608
42
878
1245
84
1035
19
598
591
23
34
1319
18
52
1208
459
1106
18
325
387
24
28
19
52
62
818
208
841
2094
481
10
366
8
1075
55
729
39
25
1045
50
1012
50
1646
1648
566
11
974
441
1759
1195
16
14
1043
33
575
29
543
1708
23
756
295
57
1087
1409
16
39
34
48
1261
6
17
1095
49
31
42
1212
36
23
405
1395
1985
39
21
25
13
11
1484
39
21
776
833
1617
11
1519
9
947
36
38
484
334
7
5
25
31
555
33
9
49
334
17
83
1218
1126
14
482
26
937
346
7
731
37
14
1394
44
51
82
54
21
73
1578
1186
437
1354
46
730
1447
21
15
38
23
46
388
319
1064
1095
203
1193
42
329
1087
1788
10
1148
4
30
896
20
568
19
46
37
189
1032
24
799
556
1424
1414
1698
53
37
813
12
31
34
1283
17
780
727
28
881
399
58
9
19
175
1110
42
1381
1086
52
1571
1620
972
33
637
518
1207
785
1997
758
517
631
66
18
1234
42
1845
55
14
1770
531
16
478
907
28
803
657
20
30
56
48
19
12
41
867
38
43
1757
784
25
41
9
1661
189
1407
13
1122
509
1588
40
50
289
1572
1442
1103
63
20
810
951
1334
514
26
29
1756
115
287
2028
982
383
1071
31
30
49
49
26
27
68
542
2
20
537
57
43
21
33
1141
57
1943
31
282
24
13
1182
41
1239
1291
19
1826
790
39
1008
37
30
1057
499
2142
1219
52
26
1002
45
759
21
667
21
39
37
27
10
554
64
478
579
416
411
33
1213
21
595
1204
1125
1794
895
42
1171
33
1649
790
1517
61
315
1176
1472
21
880
56
285
1494
75
1766
775
24
25
93
1460
20
15
23
15
327
19
37
45
21
50
1762
1102
46
1089
2057
475
20
1028
35
418
1735
538
1520
725
982
14
1082
6
583
39
483
23
610
1264
33
657
984
992
2118
1255
48
762
822
1353
16
85
990
26
1423
30
68
24
306
1133
901
50
696
29
980
53
22
2170
351
12
14
19
28
22
1456
30
20
38
23
448
1552
27
38
1588
1127
44
761
863
39
1421
368
269
1465
847
1129
718
47
1835
1765
59
19
4
44
14
65
1260
24
43
368
23
576
3
32
810
13
156
1886
18
32
540
2282
684
1969
1177
852
1582
26
2
775
586
1629
1269
1190
2246
465
47
11
43
801
659
10
20
45
862
1177
418
46
504
1476
41
22
180
65
1796
706
1270
509
1646
27
1417
58
1429
39
1738
178
1421
55
262
689
32
34
1108
4
1191
250
7
1278
882
41
193
44
496
1166
617
1331
50
548
1394
20
654
1620
1684
968
749
629
161
39
21
1007
1419
18
503
396
34
45
1266
46
1058
969
581
753
1109
1400
26
1939
1481
25
36
16
38
18
30
976
36
32
843
789
770
73
609
161
1265
41
1363
1730
1017
66
20
2198
41
34
206
14
22
21
32
459
658
12
1079
41
43
15
3
485
918
22
25
1359
16
333
40
1304
14
859
1289
688
22
3
53
1263
28
542
18
1938
32
46
644
19
29
40
569
1380
36
592
36
816
24
11
1179
743
1018
1840
31
11
68
42
1122
15
1601
31
40
1359
36
158
948
23
19
1293
1176
1040
1446
286
40
42
28
28
721
15
25
37
21
33
1762
1198
413
117
65
1644
44
208
18
27
916
13
20
928
462
1530
60
1674
1361
33
31
29
24
12
22
385
778
16
51
47
52
50
26
1881
1742
21
1214
248
1400
56
47
1545
1170
19
47
9
236
1817
32
880
21
25
26
1099
852
30
1410
28
22
11
751
58
1170
39
38
16
967
44
28
6
49
44
511
14
955
20
634
17
141
1324
36
1179
64
564
38
353
1210
30
40
1159
32
922
1357
2212
1355
1053
16
529
10
34
1603
53
1318
31
9
13
1332
1412
22
1558
18
52
31
788
621
24
1725
4
13
43
532
17
824
534
14
624
20
822
1722
496
764
1790
837
637
1019
1051
14
423
1134
35
1545
16
37
32
1605
8
39
18
1730
1144
1447
24
21
924
37
18
386
52
1708
1803
1824
32
1485
1445
464
4
22
598
1223
636
37
37
37
721
11
1152
501
1569
29
1359
40
479
13
9
1551
47
40
45
730
63
52
698
27
33
206
24
346
1079
2031
13
32
30
24
40
34
133
1567
48
797
31
1664
21
554
24
54
21
61
39
36
40
1481
35
56
21
8
978
417
704
1489
34
20
474
10
1798
13
15
46
25
1452
28
1112
1262
27
2389
1490
921
493
53
36
27
39
1799
18
1134
36
56
1410
23
45
1944
1563
36
25
18
47
15
22
8
1228
24
22
269
1215
193
888
49
9
16
8
284
1021
767
723
1068
26
17
1412
340
29
39
25
34
35
23
1311
673
36
13
72
1309
1402
10
29
653
147
412
34
222
5
926
29
592
615
8
1714
653
1330
725
37
55
831
1601
45
1257
863
20
35
26
663
2118
34
42
986
35
31
16
26
902
1199
54
23
39
530
382
2067
28
20
613
37
2139
22
22
43
58
34
269
27
1168
8
1556
845
52
26
11
819
28
56
1291
1767
538
13
1729
29
39
414
690
46
14
36
1177
985
782
47
1657
1558
71
1143
651
704
1114
1723
45
32
777
26
1140
91
26
293
31
46
1778
1486
1297
1229
35
193
661
838
1211
415
36
48
592
21
34
950
143
1602
1220
25
1472
42
1304
877
36
24
10
40
19
726
27
248
33
3
50
45
1021
73
29
858
39
1406
844
610
18
975
25
1638
51
2055
703
15
1232
247
2177
1893
1663
46
25
21
1516
24
35
36
1409
188
1057
1019
1150
47
823
1217
382
36
1734
17
548
1711
42
26
45
594
677
619
1308
32
1946
1156
1594
64
41
14
737
1044
4
458
1494
1251
811
1561
50
47
2238
53
763
40
52
19
1328
1672
45
747
15
30
296
36
866
12
345
1326
418
2034
22
748
9
582
729
22
916
792
68
788
