32
72
72
12277
146
81
95
147
158
242
2826
127
44
99
1750
112
9
7073
6
12274
791
2153
115
8546
9
16
841
1127
116
1906
347
592
122
121
7180
1113
81
105
3078
1038
7
376
1052
222
7071
160
88
1295
3290
128
9350
761
415
45
485
222
53
990
8506
4336
9
2226
18846
967
1189
134
86
78
80
241
129
156
324
23
50
1579
5190
1058
24
6473
2399
1303
275
225
4131
16412
90
397
41
82
85
23
142
48
99
96
31
105
31
29
202
127
56
33
856
210
2708
85
1131
2022
10620
215
523
224
100
11092
5201
203
2111
31
280
99
155
237
4898
60
140
2149
65
108
68
26
536
2818
274
1546
131
5497
7628
491
78
51
0
508
199
2831
2171
15562
221
104
66
97
2995
3887
8558
113
132
143
2908
110
496
101
138
0
40
2032
3268
851
212
3793
30
146
16996
120
99
1432
3855
128
9083
5615
1660
1194
143
6
202
