10
10174
96
540
3206
21
577
53
130
322
1248
97
8369
113
5
49
2935
61
1525
16
3831
195
42
4
1465
148
183
120
13
5356
12
118
28
184
3
127
41
3738
3304
1563
94
1198
78
1410
53
4251
174
756
62
135
2449
69
8372
56
146
15
19
18
1084
226
132
12825
133
76
84
78
0
865
161
1562
90
7135
380
7627
5205
2665
300
21
193
36
82
1
197
12
533
42
1905
138
147
192
138
138
1
65
0
108
1461
85
61
133
815
213
2699
3303
5553
81
1188
352
97
201
40
2954
19
9650
534
616
624
51
120
282
7349
4118
19
127
209
784
94
178
70
359
113
48
79
772
189
3132
120
14
14
429
131
3
246
852
49
1616
54
710
88
49
3061
108
73
1073
123
34
5249
1923
1064
49
202
68
135
118
29
13
1616
55
156
104
115
142
145
153
258
3264
9
717
38
7855
82
137
0
2938
138
55
63
98
1501
14
92
9843
132
147
99
1643
1336
70
1151
1796
110
50
6
16
73
53
123
829
150
1618
9321
109
229
8413
116
11929
8244
229
22
43
659
75
1023
90
18
5991
65
53
85
16
5664
4580
101
862
49
96
14
1936
14031
15
528
108
68
180
2147
670
88
80
156
279
313
48
55
112
8366
532
955
411
13
1558
70
72
459
83
4924
203
12883
17
55
103
152
48
132
130
15
368
52
108
128
2509
72
72
331
159
26
288
287
4203
58
3479
144
2397
62
1613
111
7857
253
142
3204
