113975
2809
3879785
138250
807
730
3899215
3835371
3871542
87963
3874217
2802
2794
605
3874290
2810
1080
3829780
3871542
811749
357287
3944056
89
377182
1543
2803
568
851356
3851935
1851
1325241
3846483
75769
2780
3879866
1303700
3832564
549847
2783
3835306
1051
3899407
3876929
720064
2834
5468
2508
992160
2830
95035
1124
2789
2807
1085
709578
3872
2807
2835
3907642
3832574
3921782
3865786
779238
2791
13106
2807
3835306
3810470
2804
3893651
2833
41751
47722
3960955
130308
2786
3854826
1963
1276
2788
644
3938505
111073
2793
3921695
2809
2826
8815
2798
195854
3821518
3666
3966724
2780
2796
679
2775
3874147
576106
2804
3868735
2790
3888112
2813
3885286
1155
125
2768
1721
15463
3913168
1036
112065
140237
2776
2109
3854756
875
3888218
3930063
1293
3857482
3818749
5990
2113
4000530
3902164
3860266
337
58188
2769
1272
66331
33876
3975148
3871523
3924494
1433
1436
2726
3888049
1446
86791
3916159
2786
1012
1698
2005
2491
2768
228590
3840916
2791
18616
2801
573
641
934797
1191
2819
1059
2790
3904779
3958214
2790
1222
3832534
2809
3902195
3865983
2782
2822
975
760
2771
3879712
3949705
2816
18505
21290
111108
2998
1098
3944094
599386
3885274
3935627
2802
3874162
3916110
2810
36159
3932816
2808
431
2829
3927227
3921725
728
3882658
3851953
77442
663764
3918899
379954
2794
13569
3902129
2758
2792
3857466
3804982
3854762
2772
2774
716
1195
2785
6150
689
2301
1798
1834
1887
24008
2814
2788
3921770
2785
3918803
28487
2817
2766
2790
526
83967
2795
15524
2830
2788
2799
1017
3958269
55666
3849151
1770
197629
3829845
2819
1461
1061
760
2757
3879716
3949740
941
3857639
15107
2798
2771
538453
708
347
3907610
5165
45503
355772
29974
461993
2105
2818
2784
910
3952414
2795
3843601
470
2811
2800
14845
626
2085
33647
3938384
46278
515317
49949
3882600
90056
3969425
299003
1912
4003324
16189
63333
3882503
2792
3896600
3910666
1921
2798
3932871
1513427
2804
2808
126241
139928
2539790
189444
2790
3907875
1107
436
2793
54216
1757
1478
59066
3941310
411
929414
3813233
2809
2813
3874169
1205
1058
1102
18284
21339
2785
12490
1716
2794
3935755
38510
2786
3882503
2775
19804
2763
3871366
2817
3882653
2784
851
734
1091
697373
1228
869
2429
1590
446305
2806
800011
2765
186474
345418
0
3977887
115
274
1821
3916072
20904
3997655
1550
7818
2777
3896600
876
2787
2809
2800
378
1678
2800
3876940
3821506
3854860
2788
2793
3893678
2818
58241
42589
3871358
1935
2799
2784
1262
37046
906751
2793
574
395635
2792
1234
1606
2326
645
2804
2773
249789
2789
1452
1784
2793
294
911
3885461
1275
3852023
3827013
3899235
276742
966
1500
2793
401
60939
2198
524432
2779
765
529
333
1175241
3871381
45201
2812
3829803
970
868
1306
1217
42784
3904857
2771
979
2218
3879820
3815990
598
409248
2772
1142
3905006
15104
3857534
2813
1060
3857545
436
3804945
2803
2784
1237
624581
3846483
2833
1029
2796
3840850
1159
3896437
31302
3977927
1323
3843694
3888162
71982
1372
136239
3860306
73922
7854
765
3860250
2817
2801
2765
1757
869
6585
61
2760
1478642
751
148167
1156863
1580
73535
3832566
2801
3
2807
2782
2038
1035
17711
2825
901
3955403
1385
2800
3946946
2819
3854837
2791
3815979
3827092
543
3907714
1183
1815
2777
902
1780
2785
18410
2797
1710
1678
1368
13446
2161
2824
1659
72703
153
492532
3899313
2121
3896429
3947047
2823
145900
689
489744
3913343
2795
2295
2787
2778
1316
1549
554
2794
2831
3916102
2761
2770
3960975
2804
2793
2820
681
688
2758
1176
2793
2823
1650
4006096
3865828
2795
1129
3854691
3832585
920
973
3896490
3827059
256
3955310
2781
517
1625
18179
1392
40074
897621
2806
817
2800
2763
3932936
3868717
3930096
3958270
807
3899227
868
117189
2779
3899255
2836
2786
2796
3885435
1177104
2808
3904849
595
1472
2791
145
2775
641
2804
920
1217
55182
756681
3788459
483681
3902129
3846392
57854
3882624
454715
2776
2802
2773
2775
309213
604
3916009
2769
794
3863019
885
2797
3838174
1932
8983
2159609
2796
1730
164322
3865813
8121
2794
23014
2782
376354
74282
3935690
1065
32584
2775
1665
2812
2789
33441
3882530
3829800
3838082
3863072
902
444
56541
2800
1573
1004
2825
2754
298
1434574
2803
3851908
292423
829
126543
1227
3865798
233986
1205
2813
2814
6337
177776
295956
1187
517
142202
246
2779
2136
3877070
1368
2070
3882530
785720
2794
11666
2810
3893640
3891028
3827014
2809
3849161
759
1683
1326
46246
574056
510145
3832542
640732
744303
173870
3879866
6021
3840835
2797
3821483
882
2835
810
11435
1134
2789
2817
2800
31281
3818748
171577
2810
3868754
159
3888049
702
2375933
3904826
3891008
2771
1909
3879810
478
2778
2782
3860351
3840831
3860250
3851953
2785
1042
2355
3843609
1555
8942
196335
1713
1433
3818760
2806
2746
1114
2778
3846404
1762
2756
2804
110589
214
3946992
946
2784
865
2801
1387
2798
2796
175697
1146
3921580
316
3882669
26743
1954
965
378
1488
82846
729830
307935
332565
2799
2794
492
60285
486
1851
28757
3921570
3868640
128787
3810476
2246
3916225
830
1156
1288
19482
685
1676
3840847
181710
3902120
141181
2798
4011778
2797
3910354
1171
2816
1321829
17220
14306
2795
3879731
1043
3840856
4008931
2760
3958236
2788
7
385040
2261
29947
15290
3835329
996
2755
3849160
1250
2810
258
2819
738
2806
3994833
1001
3921713
2349
556
2870
1861
309
3807710
1886
2803
2320
3893663
541
233168
2768
2792
3843613
3877091
505
3810478
2788
2820
3857588
3969329
796
2825
3913175
3910576
1297
2824
2783
2780
2795
2790
3865814
307386
728
873
3972301
3854702
751
3852023
3913319
56039
2779
10713
2814
3902064
2810
1249
2788
9035
2842
814
2042333
539
2808
272
2762
3843625
2794
3838079
517
3851928
21882
167
442332
83337
1383
3838149
2781
418855
966
106710
6172
793
500
66
3913270
2767
12660
160724
1695
2786
1855
2815
2826
3949731
2825
3907762
2770
3992001
3860381
41704
116772
783631
2779
3877070
522801
3882493
1019
1755
3851932
2804
282
1022
544
1634
2816
25731
3958067
3821507
195176
438786
3816002
3874127
2799
3893655
516
3813211
3837
3888150
571062
3868592
2792
3876929
3918765
3888187
1347
2811
331
2797
3838082
13691
546
1133
2808
109953
3818749
2807
3818736
2788
27099
704866
3818782
3896475
209256
97916
2811
877
681
2817
2805
2791
1376
1192
455
1898
3821495
3874150
78466
3849162
3910429
15184
3818771
760
852
663
42606
362
183912
134
2773
3871484
3846380
3827019
3863114
2826
2178
3896530
3910530
3849161
2776
19154
2788
3829832
3868578
2795
2801
2806
3910412
635834
3904841
2799
2832
2821
3874139
3865952
327
3357
2237
843
2808
1309
3980660
1287
2812
3888080
379045
2790
174227
2804
2783
3888087
3902072
726
2760
3882550
3899344
305
1503
3893650
2794
693
2771
3868754
55
3857479
3846519
11660
2798
480455
3846451
3838082
734
2776
2790
90
2807
1512
10896
2803
1294226
980
1341
423
3916236
715
50271
2788
2763
3929941
2825
3893739
38943
3818737
2813
3930230
1260
2792
936
54111
1891
1103
801
103
93323
346733
247
3963759
3977859
2783
1556
1083
113784
90
3857476
2805
2819
2785
2783
2824
2784
3910412
7071
1061
2122
2766
1705
406316
2772
371506
2835
610499
2821
3938429
3865983
1521
2721056
606
904
3907714
3865805
3921836
2120
81269
536
148
2812
2767
1663
3879832
2011
3930036
1255670
1773
2789
765748
1894
3955301
527200
2772
2812
335169
410603
3899484
2039
650
1553
9262
2794
1701
212567
19019
3938469
560531
2798
279411
4034508
327605
1384
47112
1463
3821541
3913175
1587
721867
3891002
3851925
2797
49146
1253066
2812
3824255
3804971
2790
216150
3969522
2806
3854710
1953
1
916
3840841
2761
3876936
2809
2776
20935
1562
798351
3876925
82349
526397
3916091
2384
3935802
3827084
3843601
26282
3824258
2834
497851
1369389
2800
1322
2786
663
208791
3863027
2801
945
2787
544093
129177
469
2780
2776
1829
3910576
1981
2786
107613
743
502
819293
2810
2096
14380
2829
850
2754
959
5749
32151
2786
934
3802207
1532
293330
2801
14133
3835323
3932897
85872
2783
3846416
695
2802
197883
289
862699
3916110
1831
3824287
2777
2808
3924408
3874284
180
2797
1850
2810
3835386
1498
1731686
69430
3888150
1170
181
1622
2803
3904963
2799
4030
3863042
2784
57285
3930016
3829780
2793
2803
3871452
790
2821
3857466
2803
709
722
1932
1819
2769
1430
3874301
2796
2830
163
1306
3899288
2784
2815
2795
1442
437723
325392
740655
3882647
628676
279643
2834
791
58631
2807
1228
3927408
2793
1376
539
3824277
65446
3829787
3811
3857639
2789
395871
1948
1736
1017
2783
1075
2057
21354
97475
384
372
409326
3896609
3810470
2784
174
3907585
3893712
3824266
204
6182
1870
189
4492
142039
2820
3941311
1452
3854747
3835317
2766
1659
168822
2802
965
779
3796688
3832553
354490
36379
2769
2751
2784
259545
293161
949
2818
3947047
2784
1403
47523
3904838
2814
3927149
3846462
54862
72451
1588
3899298
1236
1022
754
2816
1256
3963786
3846446
831
158
3882508
784054
2815
1024
282728
2796
3910488
292285
650
4385
1219
95871
308954
118581
1417
2799
2763
3941380
2813
702
767
2814
2796
3913156
1534
777534
2802
583437
537538
2785
3851908
3791192
2787
3935814
5114
69663
180
502
2791
3980714
2754
1139
101013
3918896
2035
562
75130
2774
896
142944
798
2770
3905016
2754
3930076
3852023
3890844
2787
2784
2779
2797
2790
388
2781
341
2632
2770
3888087
186331
3818725
2790
3877120
3821552
777
3818739
406635
1235213
3882493
195782
3796713
24550
1526
2789
2846
495175
3854710
45346
3902015
189089
227
2795
3793963
192
3865806
245319
2804
3924483
294
1871
1095
2819
1180
3941387
3949747
1324
29739
168892
3840850
3893844
2816
3944024
1728
3006
1828
3890978
3935690
1747
791
139261
2794
2843
3969452
2824
3896490
3818736
896
258
197860
2782
616
1153
531
2785
2834
1181
1726
3921713
1405
2803
3915969
360201
2346
7643
92128
527
2819
2258
706
1798
3918925
2439
815734
290800
672
2790
3876933
801
48194
2801
3851914
3527
3832528
1614
142427
1756
3902046
3910372
3865941
196324
2771
3840951
2753
13075
739
1124
7048
2773
623744
3815980
3865877
3840881
3916159
2804
2807
2332
966
1893
3852012
565
242988
3799455
3807736
1742
327732
126
2809
286179
3849207
2798
2783
2799
2774
990325
1413
66
2808
688494
2775
2809
259630
1439
40883
3910452
3919043
515
70967
2808
2137
3885393
7479
1110
2801
3857577
3832566
560
905
347979
3857466
2776
1503
924
628
852
3788459
500
3885313
3868627
12753
2800
536
3821497
3829787
3857639
2829
481
400
2808
3913232
205
1147088
2774
2784
1132
3958222
1291
10799
3921600
1359
3958139
2820
116
3938494
134475
2810
2811
3924461
1439
2795
1382
2826
9223
3818746
3810477
44570
501
792
1694
2399939
2800
1411
116414
1474
2789
17684
2810
2826
3868728
2815
504
3882563
2783
1804337
3896517
1391
1447
3877041
2774
454
2798
2827
2786
1481
1772
3824280
3893774
3899365
4011885
1471126
3938540
3835378
3921725
123612
383
256576
655
1881
2818
1654
3857518
30517
469
2796
25151
638
2014
2763
2785
2791
2804
2778
3815979
2820
1466
1462
967
151
48553
2764
1626
2803
3874190
3824323
2778
3838144
3879724
2810
2792
2804
776
2790
2836
3879747
495
3890863
2814
21955
668
2793
3893844
3804977
1271
41896
771250
2786
74694
6006
3860340
573
3865798
3824254
210
3927430
2800
562985
60228
3813222
3827027
3963789
220671
3899224
115241
3885301
1730
3921782
766
303312
424
1075
1100
3899313
2821
636
3835296
3907774
2823
3924377
1043
1353
2801
995
57257
746
2831
3851917
2770
3431
2768
2762
2793
761
2751
99695
1259
1000
3868717
1629
793
1324
41734
851
1258
1811
2791
1146
2163
734030
3877019
2803
3932906
3885313
2794
19965
2773
126497
2774
3843625
3854805
2800
1416
290
2788
2114
3868735
1478
2820
1321
698
17852
2027
513250
3854710
2800
215071
533
298506
16131
2792
3818749
2805
58105
1158344
3966592
3882669
2807
2783
3896490
3175
3885370
111650
2823
3952538
1076
2792
2821
86727
1026
487
2784
2763
3827001
369
1089
1092
2787
2816
1199
71260
1237
540403
1168
2765
1101
2788
2790
2781
3882516
1601
259591
3821519
3863155
4842
925
2800
3854784
3868573
65232
2780
1002
9504
2806
1134
27217
3885405
1550
2776
1504388
3879724
2787
3902164
2788
1737
2806
3876964
2807
2771
525789
3997634
3896407
2826
2117
3799475
3846427
2820
1025
2827
2781
107175
2809
3955223
696413
3871452
3868754
2805
2794
2802
3824266
2761
2823
6100
3868583
482
74099
3949618
1341480
3829860
3890845
3902034
2804
196143
2767
2452
845
650
513
2793
232420
1608
3941290
2821
494942
709
3992115
2770
2812
869
2799
674
1655
2799
2787
2820
527
156922
888
8111
2821
578765
1195
1137
3876937
185565
511811
2800
511
2827
104384
1266
90855
3899307
3854710
456
3935693
2783
738
3857474
2776
2821
6054
85
144433
1573
9949
1172
3924577
2776
3796688
30261
457396
2802
2501
2777
3868652
3913168
1689
353
307671
3860243
66872
7233
3918803
8214
1726
312741
537
3888218
2798
1916
101383
1535
2788
2782
2788
2810
3924366
74630
1894
2765
38654
76586
2804
2815
767
3910511
2802
1199
2775
2793
725751
2779
2783
2806
1625
970
602651
493
104543
45
2824
104577
128407
8418
131545
6881
1806
2801
34484
2795
2794
2780
800
4905
2780
2786
3904779
3941221
36785
42098
16190
38656
2803
3879711
3932846
639
2034
2769
17218
59914
1266
3874156
2793
2023
342460
2801
263
22654
2793
32112
2822
847
29467
85244
1278
2453
2797
3868578
1222
22705
1137
1137
3821497
3865813
83
2766
3818748
10743
1519
2814
65631
1029
2791
2777
1276
1025
1800
580186
1151
1935
2790
3949768
162
2823
173250
2793
14783
213924
3508
1129396
566
193
358860
1596534
2769
2805
1166436
1290
2782
2837
3846496
2832
3843613
2172
3904929
3882631
2836
559
2825
3910452
3851914
3818749
594
1859474
3946881
9592
2786
493786
3871358
2273
1098
2809
4888
1136
63592
3930142
1997
3929960
246
35688
3868592
1114
25793
452
2454
1906
2808
3986400
2782
2804
3989249
3899250
147
1042
107499
1203
3876967
3821497
2787
837
2787
2790
3852034
963598
3854756
134050
27081
2814
2806
3863028
98950
3885350
225122
522
2795
1015
308
3796701
704865
7596
3913469
970
2782
11954
926
346
3907752
929
49314
3804956
2787
637
2802
2807
3882493
2295
2803
3860299
3818759
3882689
3849172
826
2159
2788
3879750
1782
3919053
3824280
149
327136
2802
54300
1551
2793
1872
112621
3918833
2780
3854837
3885435
3885282
1858
262
748011
3829811
710115
1020
3791203
1262
1461
718
2786
397
3877041
3863155
2815
2793
1626
851
3888162
10584
2820
50837
2779
605
342777
875
2027
3824254
3913306
1677
1670
3877063
17530
561
84983
2772
3796724
2786
3851917
114217
2813
1506
2780
291198
2767
3927373
5173
2790
388
641
2814
2829
3854735
101729
2794
2139
2790
3890864
342681
3821541
3840841
3802207
2777
2685
114183
2791
3835309
3879731
448
56963
2793
2815
3921713
2804
2791
1475
3846519
3885343
533371
2805
1318
2784
18700
3904929
2796
2814
351
2827
91389
24935
2785
3810478
3868717
690
1121
2790
821
1352
2808
860
34976
2765
2804
3860242
214933
2812
674
2784
2777
3877070
449
64207
113483
2787
20232
1832216
1
817435
2109
2831
2825
1770
2788
2785
2788
312
438908
124795
452
1565
2802
22066
1463523
132078
1764
3813234
602
826
1032438
113732
2814
1948
2770
3927267
3857599
1879
3924467
2778
2804
3958155
3854784
3857527
355
1031434
3810466
903
1632
38648
3910609
763
40572
3846427
3893650
938
544377
1591
1399
635
2757
310387
2758
1461
512
94192
1523
3818736
952
2235
238856
3849147
3824300
2221
171898
850
1743407
2808
266
20995
3893774
2827
2794
2778
422
2783
183987
2783
57305
331124
20344
2784
603631
2792
194
3865922
1343
1168
2808
411107
2801
47
742776
2776
593020
2818
814868
2781
2335
1312
478
26938
2808
609202
10790
17805
3932801
2962
1411
2772
2828
3916194
55337
1612
3854756
2786
2831
2792
249
1156
3846392
3882612
724
3840859
3893693
3907573
25573
3877007
3905047
3885482
1609
214
2763
4017482
37699
22314
3882577
3838093
3846446
3791206
1049
3885293
3896546
205
859
2784
2789
2833
71
615
36409
2806
2790
3885381
2205
3890855
516
2810
323267
81530
368846
3879765
3802213
1469
290655
2824
3857490
3952494
374
1287
3918921
2793
3868707
137157
2803
3863166
2778
3840892
3921731
405
1391
3932991
2815
1525
298
1240
210
750124
131564
245359
620868
4003334
2788
1765
267963
2784
2804
505339
1707
3952585
3852002
448771
1053
3829774
3807711
3840902
86705
1227
122
3863125
114466
2761
2811
903
953
59073
3827084
2810
194312
1955
2796
256938
2822
2114
75789
1489
3893867
2777
3818746
2799
3882530
3827017
422
3901981
793
2807
1393
2794
2133
189059
3893663
316832
844
3827027
3824287
2788
3827059
2809
170431
3849161
4000540
1010
450790
14197
1516
2812
3849147
7682
3854723
248528
2792
517
62857
1214
2788
346018
446836
3935674
2800
1240
3802192
2798
3888299
3899387
1569
6695
3935627
3815990
2818
870
2763
8869
101863
2816
939
2794
1235
1385
2805
8219
374
2777
3877096
2796
1090
3818771
3876910
12792
2799
2828
216608
1029
203927
809
2755
904
3921570
627
2771
293207
100942
3813211
1322
496270
725
2808
2798
3854735
319268
2783
4855
1841545
3891083
24346
3874147
906840
7705
2795
549640
3868698
2754
3807732
1234
727138
81080
540003
21670
2784
629637
3846462
607333
3924502
1562
2691
834
1217
1521
2778
2787
1113
923
2820
41448
2784
1585556
5738
582
2824
4359
3868618
3921590
24409
3916020
2762
2779
2813
3885413
410267
2761
1816
3868728
2182
2767
98594
3838104
923
2804
2758
2823
705
2499
3846451
3802218
330
2791
3851935
593
1671
3832606
2791
1564
3913178
90
270739
3899235
3860361
418959
2788
1528
41792
3865806
1154
2832
682
2771
3852057
768
2799
352
3930076
3852034
774
31339
3888299
2757
802428
1760
521943
2811
1034168
417
3793963
2812
910
3846390
2794
1002
3827084
2786
187
2834
3849196
3896428
2782
1296
3838068
431998
997
2261
