169
89
35
15
43
4180
200
2316
115
108
173
171
188
77
1
4645
41
51
227
1323
78
7583
560
35
110
76
67
130
167
556
3842
31
74
68
4270
2196
107
2455
44
563
139
686
71
2434
47
1420
409
11495
249
1123
173
6846
2770
257
197
55
159
53
25321
3624
13
122
78
175
2046
1042
145
44
118
864
205
10727
19001
146
337
6823
5187
571
1986
13129
17005
1812
235
2029
63
123
6376
3977
2480
6371
9994
195
83
5140
132
343
131
68
159
390
6
109
31
1285
6
6315
1380
4499
36
10
94
80
53
88
3162
1583
3214
86
2928
205
249
656
1
1088
110
169
3
762
380
2736
0
125
2914
71
461
322
1248
953
49
12047
136
177
4343
6
78
2875
115
4436
576
103
697
5850
79
340
115
92
149
1592
491
40
2595
106
1340
104
124
2
86
1762
4124
155
9
92
1717
1178
57
159
97
282
102
142
249
270
8
2448
61
85
156
100
139
178
95
27
61
11603
1048
631
2971
30
783
92
59
8291
63
357
1517
77
65
3
6102
66
161
2875
21
62
1
102
11062
100
114
231
410
590
572
2835
100
109
7172
17434
2486
120
120
222
54
99
170
4992
62
172
35
42
246
74
126
174
77
1213
14588
5427
4067
461
89
14
9
125
147
6
3
57
1215
1489
135
71
924
130
10373
186
175
147
156
1266
13786
72
3123
666
36
1876
112
987
47
24353
124
4337
1269
22
6215
455
524
5966
729
58
89
636
7972
101
101
10
94
19937
101
795
