31
691
268
1192
29
39
53
1086
1142
29
2340
308
27
1733
1367
366
47
1896
15
20
47
23
24
36
55
1081
1928
1029
41
1405
23
36
31
19
977
47
61
1648
18
1302
33
46
1670
2085
1146
782
23
1976
17
1272
998
29
30
588
67
39
659
71
31
26
309
1228
1142
2609
1434
1485
1763
899
723
1524
44
2270
1157
892
13
995
31
57
1111
29
49
978
1866
948
44
32
44
57
12
43
29
1163
305
47
13
1390
29
1004
40
531
18
60
22
1240
38
1484
38
31
613
1392
11
49
54
39
18
1205
1947
2446
8
45
30
1518
1277
34
8
1092
678
34
1028
12
12
1442
29
23
50
770
246
15
1151
28
1774
2154
26
1471
9
43
1404
513
19
1184
1651
6
725
33
49
12
38
9
1177
1150
1121
348
1585
405
14
1813
44
40
1197
27
32
36
35
36
1993
877
60
2284
22
40
41
1450
671
1658
56
1025
646
713
752
1700
1175
39
31
1576
18
0
1322
1404
680
2193
34
1683
42
57
1688
1496
1879
1828
286
27
28
25
22
668
54
58
1201
1084
159
726
1565
50
31
563
1023
36
215
36
493
557
35
510
1401
44
31
817
1201
1750
5
1274
53
2017
27
39
5
22
362
21
24
57
631
14
46
955
55
51
35
45
2077
908
1564
14
36
51
1873
2235
253
34
17
1098
23
921
51
654
23
1925
41
65
744
1515
1202
33
10
8
58
668
875
526
41
1400
22
51
1310
38
1489
40
704
842
10
960
23
77
661
30
751
289
1440
2244
465
999
2546
37
598
13
574
31
982
44
776
1404
79
889
469
662
678
25
1736
781
52
33
19
817
1184
868
56
431
24
2090
1
1613
419
932
54
35
1240
34
5
22
62
585
12
37
1127
1073
43
37
640
46
27
65
768
2331
1798
1698
1241
959
7
42
1153
34
1213
26
1624
1311
47
602
50
826
15
26
65
14
1065
635
58
28
2039
30
38
1122
789
2691
125
1626
1807
23
735
753
1736
16
22
30
53
1468
669
921
1923
34
36
40
731
1850
623
602
541
1311
37
1487
43
1604
53
1485
23
33
2141
1801
354
1997
56
15
1304
1399
47
1038
1129
26
49
42
19
24
50
10
2039
388
1617
486
41
35
1723
27
64
1141
32
16
1520
30
18
1412
18
39
13
610
1385
32
1015
40
52
26
1405
1408
1822
1693
315
951
638
968
409
1691
1695
2839
1511
17
12
962
15
15
22
2559
1755
604
9
10
1085
1122
992
50
47
927
19
1326
43
36
1827
1422
354
9
41
977
10
10
64
1593
548
60
59
852
881
33
24
22
59
52
52
68
51
977
38
89
1405
21
35
42
163
29
636
26
968
13
35
1417
1030
39
38
74
217
1724
301
63
20
57
469
323
1370
283
12
22
21
1124
28
291
6
749
1326
1848
22
19
2016
1950
1512
412
8
1001
1337
2292
41
32
8
18
451
979
26
2059
7
61
935
32
776
46
44
23
51
276
40
25
567
1535
52
539
1495
3
41
889
32
42
23
1809
27
12
1023
2232
948
51
36
30
24
964
27
16
22
49
1297
1954
184
20
1138
53
753
404
28
1784
29
589
612
116
25
760
68
28
19
31
23
761
1220
32
37
4
20
14
26
1928
539
30
32
1052
20
1382
44
52
353
700
2011
42
55
1256
1519
1237
291
1
35
1117
22
1877
2422
1495
1330
32
22
18
1397
31
1751
26
826
411
17
1465
69
1414
46
32
431
2246
14
37
47
58
24
24
848
49
2244
1905
18
326
601
22
28
1711
1438
1459
2393
2136
1307
53
841
1982
9
10
55
367
1354
2177
747
452
463
384
1090
781
2257
38
30
58
26
36
492
7
929
1126
3
35
1503
28
28
1271
1676
44
1551
1316
1233
447
2083
876
1100
13
48
10
2299
1801
2107
19
22
1073
40
872
49
2272
22
48
12
988
2324
62
40
446
51
52
27
2128
54
46
19
1
13
36
56
720
811
33
25
18
918
16
1317
19
1037
8
2206
18
23
2204
46
51
2784
1634
14
1131
1775
19
34
37
58
352
37
9
36
19
566
574
28
33
1223
440
15
441
571
37
1
1034
1579
1910
1844
44
317
2096
1121
560
1187
56
50
784
27
862
6
34
71
36
2268
14
40
1431
1922
570
1423
30
939
1435
1594
40
2518
29
35
800
9
1448
2229
1261
23
23
2155
2014
15
36
25
452
19
12
43
1085
16
8
1926
60
177
23
37
1906
30
1250
5
30
35
1820
5
1929
30
63
35
22
1024
1068
6
1503
649
19
54
888
12
1127
1386
2427
51
11
864
36
45
8
14
1211
40
44
1668
1723
922
82
71
20
24
206
176
37
150
730
32
33
1436
6
6
1353
878
1156
51
73
1999
1182
1036
645
13
359
1344
1338
311
2084
30
793
1251
1986
606
29
1515
8
843
1423
1115
6
178
145
1307
19
18
945
827
957
692
41
23
28
45
1797
40
49
20
40
1768
1550
1993
1281
346
1988
33
44
16
1876
33
1578
38
1278
45
68
39
243
890
27
523
310
2143
25
1736
1577
27
414
1353
14
1628
23
49
58
461
1857
15
411
20
14
1636
31
1384
117
22
52
1995
64
19
571
36
30
23
54
1740
1312
17
24
901
307
56
25
11
792
1889
28
67
1448
61
25
21
7
1551
37
16
44
12
837
1518
37
1367
1054
742
64
785
4
823
714
16
20
43
376
2608
402
52
40
8
40
45
595
8
10
40
1477
31
19
21
1418
26
1006
1736
11
1496
25
18
50
52
1459
15
1349
893
478
47
25
1828
34
60
1678
28
1145
40
35
1608
1634
50
1933
55
445
20
36
1343
27
1542
8
676
832
1652
25
14
40
48
249
62
27
10
47
15
1142
10
122
21
12
1210
1023
1061
11
2218
2464
28
26
38
920
34
276
59
6
15
2477
505
58
20
1782
44
25
27
36
34
65
1242
14
650
894
924
12
18
33
404
35
10
9
42
22
50
35
16
1129
17
912
330
49
2439
22
25
1782
50
30
52
18
48
809
23
1583
72
502
10
1449
870
2017
16
2013
1563
626
1821
1456
28
22
1275
54
39
38
23
24
777
34
49
28
888
62
1571
1433
18
48
5
812
34
2179
50
38
583
1438
17
25
78
13
1329
461
542
19
36
51
2587
9
42
45
20
41
1845
1402
73
47
76
263
8
2053
50
33
65
41
609
38
89
47
565
38
40
24
72
56
1625
12
74
2385
22
24
1788
1728
476
22
32
41
23
575
1573
68
46
62
42
10
1280
35
42
1199
1484
810
28
46
1506
60
461
1930
33
24
1243
43
396
786
13
843
465
23
18
40
318
22
20
815
36
913
486
1772
15
736
902
13
39
1246
1143
1140
1277
12
326
71
1975
11
450
50
899
24
39
1185
664
1771
933
46
501
526
1484
27
23
30
34
41
37
1070
837
41
1578
10
806
1145
1247
1038
444
296
961
1660
558
27
27
2630
7
25
55
17
1452
574
1635
603
719
1670
2495
16
1638
1802
3
36
971
1144
1224
8
1316
24
15
15
28
74
2480
2026
724
851
463
902
1139
24
17
886
1127
1751
28
12
1085
36
59
1592
190
32
40
553
26
16
1377
577
21
1042
16
1901
29
42
267
1402
17
42
1245
6
38
1610
2061
1431
807
37
1255
2236
1221
38
9
1049
7
916
63
14
1027
1810
44
55
392
39
1661
1352
1315
26
48
26
707
1647
1379
883
33
24
1045
9
4
34
2407
20
15
1074
44
17
999
19
29
1360
42
482
56
78
59
633
497
1732
1228
28
54
899
47
66
307
16
372
35
53
714
2071
41
345
78
24
1922
1443
588
372
561
1291
199
630
29
1336
15
1043
27
772
1274
9
1697
24
1419
537
1181
2260
969
80
37
829
29
1531
935
717
1138
1319
1247
29
453
29
33
23
412
1780
1911
44
1620
1767
1540
32
1506
58
639
581
34
42
48
40
762
73
1049
17
16
28
214
23
25
928
7
30
75
14
1894
782
18
655
1619
78
21
13
2508
261
29
14
809
24
39
28
28
1490
37
42
1317
1125
51
47
12
35
2098
730
1229
26
1488
1518
1470
30
1028
35
1878
989
58
1736
2230
12
27
537
20
416
24
1820
14
19
1039
1128
28
911
3
693
22
27
1090
21
49
1764
582
28
397
27
12
18
1140
896
788
41
933
1483
40
1062
223
13
849
63
34
2
40
1911
888
1514
791
62
1444
71
63
1092
48
927
565
2248
14
1807
1244
334
5
280
34
1367
44
1011
14
6
36
18
251
32
28
16
1844
12
30
43
204
32
21
45
1839
2047
558
9
247
19
1772
21
947
57
825
1442
43
52
32
680
962
9
57
18
32
1057
4
23
36
1632
12
481
50
44
31
19
19
1526
1309
1691
1404
4
987
11
26
29
1003
1592
1279
30
40
8
49
54
51
1578
1142
1530
898
16
28
41
65
1616
10
1545
1505
514
564
436
17
31
267
1248
520
1280
1938
63
753
20
49
1427
18
1821
37
687
777
35
571
38
530
52
739
131
1035
1094
1735
2270
57
1266
58
1213
54
153
2046
20
20
49
1800
113
442
24
595
20
1080
35
44
58
1571
55
21
4
1156
437
22
2045
54
884
1377
6
1063
1010
7
31
1587
1002
38
22
20
44
51
29
60
4
32
53
303
9
24
50
27
1138
43
799
73
1433
63
2013
288
950
53
37
527
1192
24
31
1050
1666
623
14
46
11
38
1340
11
2649
47
44
555
19
1259
1181
23
1173
25
25
12
1295
1254
2
1890
1951
24
26
57
1904
44
135
1606
1850
930
941
53
713
32
36
182
1239
51
33
1247
31
123
2395
873
1690
1825
1415
17
47
24
743
1507
1787
24
480
60
1815
6
19
33
26
48
653
1435
621
7
129
581
41
1205
1398
54
1481
1500
1027
2125
32
1074
22
57
2459
1936
730
1660
1449
411
1551
19
2450
22
5
602
326
41
23
19
931
37
2378
806
2419
254
32
281
590
32
1412
22
16
23
1461
1880
23
14
2132
1824
280
471
230
12
539
25
53
719
604
756
1186
13
27
23
10
2462
1572
9
657
1249
16
43
42
1405
1098
34
9
1190
4
26
32
1570
20
645
20
22
57
57
1150
2370
1135
507
58
28
1007
1694
1637
1534
44
1471
256
699
60
26
17
579
4
1443
18
36
26
2562
34
1195
18
33
20
52
1791
29
698
1596
20
780
29
21
15
1166
1013
1238
1549
1670
977
1989
17
16
413
1061
1134
1249
628
32
43
23
45
1850
76
52
458
56
2410
309
24
2070
37
79
44
1070
36
633
17
1460
43
151
39
25
20
956
58
666
40
32
41
45
22
1168
20
20
1639
1893
1665
1730
22
36
293
1222
643
917
31
32
347
22
720
55
47
1103
89
1248
36
1250
442
25
47
2036
47
45
42
22
16
251
17
16
1294
25
1277
49
30
786
774
179
1395
11
12
45
832
13
6
35
517
674
316
23
13
6
11
347
47
1139
665
36
21
27
29
1653
23
1090
1538
1531
1514
673
340
16
34
695
50
69
1553
53
885
21
27
16
11
1298
20
28
1146
1570
1484
651
35
415
19
53
664
1678
1031
48
19
1996
1114
26
1085
46
41
32
52
19
1032
19
1940
2350
852
34
28
70
22
36
42
1163
22
41
2340
16
32
28
1226
40
18
27
37
2076
23
2487
828
23
8
40
1352
1892
655
757
41
1344
58
1495
650
670
17
60
9
1312
42
45
35
10
1845
1257
8
459
31
30
68
16
24
33
260
1843
71
890
851
1204
1560
22
1345
21
1302
1874
1430
57
11
21
50
57
6
22
1265
440
1376
7
27
1693
1749
58
851
438
46
39
40
2196
1436
58
2121
43
32
34
23
55
1264
40
1522
13
1642
1481
761
1364
2197
42
1744
1108
821
27
26
37
1746
2504
15
1126
14
14
23
1275
17
53
26
1672
9
22
2138
14
743
158
23
837
257
39
6
47
16
48
1367
20
25
346
1791
2017
68
42
2108
1496
18
14
2446
45
1133
599
1845
1037
949
16
19
57
1677
17
1460
1774
1283
24
28
2428
2126
7
1025
12
1460
423
23
62
2216
1624
1075
748
1092
30
11
1065
42
16
321
37
1297
31
35
743
2018
48
13
1212
40
991
1508
1787
1095
1834
1826
23
44
1158
18
1668
20
25
596
1301
40
268
35
10
33
756
7
281
31
42
1310
7
369
18
390
2016
876
729
38
29
51
1226
903
676
37
1141
488
1348
34
2191
1588
1493
36
1112
63
1855
668
15
1826
1094
53
1431
453
1338
85
282
1084
439
43
21
890
67
26
2103
11
1921
1241
26
630
27
35
44
30
41
1210
19
244
1641
70
323
25
50
34
2082
33
1313
818
901
22
17
40
1089
42
733
43
7
65
2358
1009
24
1552
1267
1964
1273
32
2356
1720
31
1855
462
59
647
868
1020
26
24
2130
5
1713
31
33
1508
515
29
40
25
596
891
42
23
538
40
1687
15
2263
1854
51
8
36
1101
886
548
43
212
667
1237
7
50
1408
382
1183
1804
1452
19
1534
213
31
11
1404
2
1515
1356
36
49
52
406
1585
818
52
27
1182
262
1330
390
789
848
66
2169
31
34
24
57
23
25
23
260
1057
49
1454
681
4
43
316
14
1750
37
829
34
1603
3
19
1014
25
2
66
514
1729
1261
2598
2432
646
286
68
12
1105
2377
4
25
16
41
22
1768
27
629
370
1335
49
11
18
1709
13
22
21
2324
2543
44
49
929
1115
23
1065
25
1149
934
23
74
20
1897
1378
984
1062
842
1131
38
338
906
18
623
20
18
1245
2089
202
14
1440
15
7
609
30
55
618
53
37
1552
634
590
46
38
16
33
18
25
2011
56
27
34
20
1603
28
294
70
1743
385
27
