58
1807
19
40
18
411
62
14
1442
2455
11
33
20
6
47
68
6
42
1187
1444
25
24
16
3
941
1237
41
1027
515
19
30
13
494
10
1149
1153
41
1427
40
39
2424
1687
69
226
30
34
27
1390
43
16
1069
28
728
54
19
27
252
19
842
851
30
33
605
1513
368
48
803
1482
10
1769
1095
897
1510
39
32
2010
2082
20
11
29
1688
22
1361
656
72
241
12
683
18
36
25
42
74
35
649
777
7
1414
602
246
1486
64
26
1358
42
1653
37
1871
1598
1039
38
60
56
61
48
31
21
542
22
915
1967
2255
1636
65
1139
483
799
66
695
9
36
26
5
981
901
768
1357
2252
1169
52
35
1193
49
1072
917
326
691
1476
1154
1235
40
26
775
1606
48
49
32
36
1647
1122
652
1546
1457
1585
33
971
784
856
34
1460
609
42
1180
1376
34
11
10
802
42
16
469
376
1376
85
8
51
1339
1507
9
2516
671
17
18
598
61
41
13
1592
52
1643
50
852
972
1030
573
1684
45
50
12
2274
2451
1248
2164
14
944
25
294
432
26
585
1818
1764
40
1
417
526
77
1930
295
1728
29
43
380
1625
536
1755
711
42
17
404
30
32
273
33
1929
635
482
39
27
24
1491
17
0
706
18
1024
2361
1183
23
110
1626
29
1125
13
1806
41
8
5
1245
1305
26
46
1241
10
825
3
584
1607
2445
1218
33
344
1251
995
34
22
16
29
1134
35
33
21
868
28
53
1405
15
1725
917
45
1881
703
1051
1367
29
325
941
1140
522
35
760
32
27
16
16
1072
166
45
60
30
16
1301
2112
125
2053
46
1339
1792
1790
8
1444
45
2301
23
12
24
6
7
46
25
32
28
23
33
1722
741
29
31
1795
26
31
22
25
22
22
2292
66
19
807
38
1845
155
36
24
29
1729
6
31
41
1605
20
33
46
1260
35
2238
1445
42
10
26
60
514
2172
1812
2487
1320
774
41
652
20
33
56
18
38
33
5
1910
14
16
1020
1260
49
871
10
55
38
70
23
278
353
26
430
56
1891
350
8
49
19
950
1656
21
1022
25
857
43
1576
531
43
53
10
1197
972
56
7
225
1101
112
2056
40
36
953
775
1882
28
15
815
61
766
1783
641
2526
1818
1116
37
913
14
785
46
29
857
1529
1668
1900
1861
1415
35
43
483
736
31
503
47
11
56
47
885
14
32
48
376
1928
1274
49
1077
2377
1819
51
38
226
1097
2158
491
61
51
35
448
437
64
30
1374
562
1908
1555
9
48
453
1725
461
2028
39
1735
15
27
23
2
18
24
704
890
667
1025
12
887
490
46
46
49
1185
27
1954
1100
580
2066
23
684
1267
14
38
17
486
1556
20
1915
35
1344
333
31
2234
31
609
1137
1656
1188
1195
23
27
7
35
38
24
826
17
66
27
2109
1092
1080
1566
956
514
46
464
1854
1340
1786
58
314
39
1555
785
43
347
35
1686
52
1083
399
16
602
29
13
2247
40
13
1372
39
29
64
1465
536
857
28
71
56
17
329
32
1599
26
53
780
1337
15
739
11
1815
34
9
299
41
62
963
56
216
725
1612
8
34
250
32
22
935
114
18
52
24
23
619
1536
14
1422
1048
44
5
34
60
980
1278
30
36
803
427
29
44
28
2049
3
709
1191
32
261
27
2125
510
2238
9
69
79
1781
5
1877
57
1054
23
49
435
7
31
658
555
25
40
1477
1102
913
1025
900
28
1722
20
816
36
1492
53
517
21
686
25
1242
1631
1458
582
683
37
1565
19
19
53
19
62
31
20
4
880
949
1417
1824
31
33
1504
1146
34
39
30
17
60
36
25
19
19
17
2709
30
9
37
31
256
45
19
30
1279
46
1988
51
1942
25
1109
18
26
710
1406
1683
56
60
321
1636
51
400
713
637
40
1836
33
44
439
39
40
35
1078
912
15
27
652
59
1170
52
245
11
423
49
793
331
1333
1742
25
893
1044
72
1792
5
23
397
58
355
371
348
53
17
48
15
31
35
1576
31
661
7
26
56
17
12
37
25
411
25
894
764
46
1445
19
890
1071
1735
253
50
962
20
582
10
772
23
38
47
46
44
32
36
953
1385
53
2448
1892
899
182
1392
27
62
42
423
41
63
2095
14
19
46
39
17
31
452
1974
2084
11
27
43
649
1642
40
1653
1152
52
36
587
1728
26
17
2045
1696
916
48
21
4
554
2500
2324
2644
1128
791
42
66
25
2199
590
7
1001
60
59
502
1200
12
876
1110
39
929
742
1587
59
923
24
314
27
1762
1032
49
857
29
51
73
18
2377
1409
532
1471
1982
2103
16
12
11
139
735
1124
2638
23
958
1972
51
39
65
1853
45
69
1745
70
23
272
44
11
1293
1788
36
23
28
799
35
27
38
17
36
25
1745
501
1740
1314
12
599
28
1479
78
47
658
50
21
55
58
30
1932
52
20
41
781
12
737
8
487
32
1186
995
556
1419
661
1654
19
1667
44
61
1815
24
27
780
15
911
2354
14
28
27
2189
19
1783
103
939
1494
31
5
23
918
30
25
764
1484
714
1183
1458
51
16
45
11
1361
584
49
1606
2332
34
58
1932
2250
55
1111
813
465
674
1993
57
59
1561
19
58
18
12
24
1138
14
741
1712
43
19
725
1039
22
15
1281
1195
1576
54
1750
45
14
410
19
25
1132
1645
17
34
1157
443
1733
1175
1361
2544
33
919
36
47
1339
4
705
1252
30
143
1574
1914
46
39
34
6
1890
336
23
15
1598
2188
39
1489
13
485
1525
763
542
60
8
45
22
1078
3
42
12
898
482
1876
39
67
519
23
1057
1504
1026
55
1966
67
25
30
52
13
1367
1552
41
1776
61
19
40
45
41
550
28
252
5
1751
472
13
1651
40
17
1321
629
35
21
1692
32
1142
26
54
39
1093
619
25
25
541
9
12
1954
44
51
60
42
2113
33
22
839
24
1851
514
19
1457
46
12
31
29
36
1100
1631
62
31
2527
207
36
2311
31
867
53
26
785
34
10
36
268
22
784
29
1014
40
606
2179
4
1039
1434
1707
25
2151
27
456
943
1176
912
331
834
786
750
16
242
31
2177
1043
55
1579
837
1116
9
484
467
1141
30
1622
1325
65
36
1771
438
1191
697
1188
456
1524
22
1350
1010
1423
44
850
542
647
2061
1154
26
1600
1299
3
517
1169
37
16
1942
43
24
1384
756
963
42
12
37
17
811
449
1624
437
34
1699
1363
35
1290
1210
1198
509
34
2670
1444
25
29
44
8
16
1105
58
52
617
874
678
1706
1281
608
310
1420
52
1484
1831
38
21
1532
623
21
18
323
51
18
327
1262
70
28
12
23
2365
20
342
1467
24
21
83
1384
1231
23
432
929
44
24
46
1011
54
751
50
11
402
1366
1508
1836
1536
527
38
28
1055
1047
683
39
1953
831
37
1032
904
1380
1758
793
1308
1884
53
1286
43
162
18
15
2681
2055
20
15
1781
2172
1616
48
1093
42
35
33
41
40
481
1044
56
2173
1484
8
1396
1175
16
2017
1355
58
1737
1069
206
1586
709
644
169
1175
784
2
42
8
41
100
21
1235
512
436
18
48
1030
30
31
1730
10
1588
21
1923
5
797
27
1203
36
25
1028
22
759
1615
431
1625
1567
9
1978
28
64
1117
34
1050
219
813
989
446
633
2082
1134
16
10
695
670
33
696
38
773
1467
739
17
1405
22
1096
38
48
48
10
922
224
1167
1462
37
48
223
1119
27
36
32
11
1559
189
2238
1701
866
52
47
1187
15
1522
1267
14
48
14
36
46
41
26
31
997
8
34
1744
1007
1019
39
38
23
21
46
5
71
814
42
78
54
738
47
36
1897
663
1108
1180
376
76
600
67
47
841
2319
47
32
1321
13
44
982
1723
24
77
67
45
147
1719
49
61
18
694
1719
757
52
37
44
3
956
5
1020
1064
35
13
11
60
48
1020
1069
213
1368
16
1695
29
29
22
1644
12
27
40
884
24
54
45
1655
1621
1685
22
1156
2459
1611
29
583
24
5
81
35
648
49
43
52
1384
943
1175
430
1041
46
1433
47
931
2287
33
47
24
33
48
42
8
29
11
772
25
1126
1258
23
29
1001
20
1264
1523
225
24
23
50
1621
1765
175
811
1658
38
711
1942
37
72
23
22
50
6
713
1135
31
1733
1081
53
863
53
45
1138
18
24
1
6
9
38
6
20
2336
2399
457
77
2309
27
15
33
70
2051
471
1451
930
1379
1023
15
29
12
25
23
29
6
41
31
465
35
41
471
16
17
56
29
732
589
16
1816
28
57
1669
99
642
501
37
481
979
54
537
920
5
32
37
2404
652
30
1179
19
485
1320
20
24
886
1895
34
29
50
837
27
685
52
1315
1458
1304
16
55
13
11
3
4
868
2051
1132
975
34
29
36
110
36
592
49
1501
551
1910
41
9
49
1648
5
3
29
1682
39
41
6
28
26
886
511
34
44
31
32
1306
26
9
26
36
55
46
1388
1213
1202
1046
25
3
45
328
6
1383
921
589
2
18
8
1434
71
1903
20
13
730
50
1208
36
11
673
2081
912
28
1155
59
1399
976
37
1624
31
42
25
1417
700
1083
40
32
379
920
24
16
1514
14
10
44
40
12
35
2
1264
1262
35
1514
2283
34
24
2423
979
58
20
1085
19
1835
20
13
7
40
14
27
20
45
32
769
77
437
515
39
1286
1268
1555
888
451
803
16
842
36
1100
64
25
49
1747
18
2220
46
1323
670
43
998
528
28
1079
16
1065
2051
8
23
480
856
776
30
395
7
737
22
8
468
44
37
851
26
25
14
959
349
1744
1671
1531
1848
12
737
53
426
2251
687
1302
26
4
1312
30
789
21
1187
27
46
627
34
1492
2245
583
38
987
949
9
32
365
1645
16
46
340
1759
324
814
17
43
1255
777
38
37
1325
791
535
15
1737
8
26
35
778
1278
26
1904
781
659
10
619
34
881
30
622
19
1217
45
8
19
380
39
1075
51
30
15
391
2309
28
167
847
37
31
38
1771
73
52
63
407
502
46
1265
349
1724
16
1147
48
38
7
30
69
22
1966
907
48
30
1232
1465
19
18
23
1598
893
48
13
2585
1415
28
655
970
915
56
34
1333
44
17
47
68
25
27
34
2080
1514
1238
234
1242
64
1364
23
1833
868
692
83
36
2054
62
485
22
26
1243
466
1512
20
56
725
49
1947
685
29
898
6
24
1452
31
1260
441
954
623
20
2252
318
35
761
50
52
350
24
44
17
8
1600
896
733
40
20
55
33
50
40
704
1250
1858
56
20
23
50
936
1311
2021
470
1919
9
67
31
969
37
1281
743
60
1900
56
22
387
1651
1434
39
65
1042
1095
1003
908
907
19
23
39
11
36
10
688
38
11
43
1156
580
935
1411
365
23
1814
184
63
1391
76
717
21
31
20
1049
71
17
1375
1643
36
833
38
1504
314
1166
6
2259
83
472
1391
1178
23
63
56
29
7
32
852
45
298
562
2227
666
1534
30
775
49
1073
1377
11
37
40
9
13
563
22
1227
29
885
46
54
39
56
808
11
911
29
727
854
23
31
37
1330
52
1136
21
13
33
3
24
11
671
1057
1626
14
19
18
65
1087
39
8
33
33
13
1372
1549
30
1603
1133
32
945
237
51
47
55
30
58
1259
429
2192
54
901
15
1435
305
3
843
1387
1317
434
1536
296
13
1884
2008
177
341
34
1407
43
18
1304
46
38
1706
47
1671
16
14
30
2015
74
449
1087
32
62
954
238
55
318
627
19
1379
54
130
275
44
23
36
33
703
7
19
2551
14
39
47
1567
668
22
1994
32
28
31
675
31
37
2234
46
781
11
2063
1118
23
1431
33
13
28
820
35
1823
32
1986
1498
52
44
34
655
36
83
196
32
38
1507
14
2755
6
1409
10
73
1439
1684
1391
551
2083
15
2097
1473
13
926
1069
2053
54
248
44
1372
63
860
36
1067
1354
24
14
2048
1268
34
2222
1037
17
48
47
22
395
22
1061
1055
303
1618
1629
620
698
10
308
707
1472
30
38
30
16
783
29
18
41
819
1974
31
1475
58
1869
71
1178
44
906
18
61
58
2233
46
1580
1760
1707
50
20
2192
1498
1164
19
1414
8
23
1634
583
1382
24
1078
863
26
26
1672
41
980
1573
15
26
42
1679
359
17
36
12
751
32
12
385
800
746
983
1259
46
27
18
55
1989
762
36
1107
53
2287
323
42
11
1699
641
1100
39
1012
1413
1028
63
1226
38
24
1547
1755
1878
1144
13
587
52
33
638
891
79
632
23
563
3
35
2
19
1087
12
33
2113
1177
1796
220
399
43
39
746
17
59
22
1077
47
710
843
33
24
1454
284
10
718
48
15
37
28
18
26
46
30
667
22
1777
1294
31
1064
1811
42
18
40
39
23
52
12
679
2221
29
1237
1592
36
48
29
879
47
32
30
1400
693
16
1508
945
22
52
1101
57
1828
30
32
819
45
12
45
23
12
630
1262
1978
512
19
18
22
999
49
1516
221
266
25
1640
32
876
35
828
998
1789
42
2016
39
20
554
174
1436
47
1072
582
43
523
56
1345
1177
44
598
36
32
649
1198
6
1535
674
916
43
5
30
1408
1636
41
47
36
6
302
234
2030
26
25
30
36
71
12
764
34
56
33
918
72
12
39
64
36
799
532
887
32
39
60
1147
49
1875
1320
28
40
0
61
544
18
24
1525
734
1003
1786
32
2582
961
636
20
2093
40
30
17
33
50
63
12
1760
467
15
1563
1845
17
845
238
38
43
340
1360
1992
21
21
1850
1337
1141
803
49
2187
50
924
2010
25
56
20
2090
1489
347
31
51
30
55
32
54
44
795
19
43
27
1220
1056
42
1648
1821
4
32
24
1578
57
25
49
1420
19
257
15
114
555
758
21
21
459
383
2117
23
42
28
11
34
12
944
31
11
52
25
21
9
478
53
993
1050
480
676
28
1651
15
16
1062
687
2056
1512
491
1485
51
27
715
1044
236
12
21
27
1790
1022
151
25
24
43
1065
43
933
16
1834
37
41
