77883
486
4313951
1175
4249608
1070
4246733
4278866
322696
4203054
2935
2949
2954
4269999
4226282
4319895
2927
4243808
2945
2950
498
2924
1123
2941
4293502
2938
2935
4223385
2941
1360
245138
4302195
84314
2935
2320
2969
76334
2973
1446
2955
4420463
4240852
895
2932
4197258
4217578
1610
2942
2913
463
2949
2949
2930
2911
4299380
2947
381438
2940
104001
124875
2927
361498
434
4226273
1112
828
1231
4255468
4340492
653
903009
25435
2964
325269
4211789
4232124
2952
143434
2925
2936
4349368
2941
2948
72169
4311079
818
4313965
2920
823
4325773
2916
2937
1477
2966
4261333
173402
4346405
2913
4264248
2930
4313999
761
2935
2927
858028
4343438
1837
31459
766
2962
315026
2943
2942
4205954
2941
2901
2903
4272920
4346413
24390
2916
4322839
973566
141350
4314018
4197269
312
2952
2921
2967
461492
1752
192
1246782
4296430
4281686
2946
4290588
2921
298999
2927
4308157
2927
597
2954
2972
875
4313965
2951
194962
2939
2934
2969
2951
4272972
2903
2918
4273023
236178
4258368
2965
4296326
4302292
2962
4252582
4240920
1444
4299435
2963
4278855
4200167
4252501
4367041
66958
4229262
2120
2945
4270103
4322881
4220507
2946
4358236
250509
4405559
2947
4337591
4355181
2957
4313917
681
2956
2942
606
2951
1505
307482
4340501
4293427
2933
123999
2066
4293498
4299380
854588
2978
4325857
4387828
1845
1887
2939
2916
4356
727857
4223421
1537
4314020
4267138
2957
2942
4264248
4223382
4226340
4319887
4390736
4299329
2916
2940
2937
686
4299295
2915
33675
4331656
2931
2940
4293540
1391
4349453
101626
2910
14687
4305135
2958
4293505
4378842
1629405
2959
4246645
2529
804096
474311
4255461
4325773
4322807
4267145
237636
4261340
2963
78462
4211769
2932
1224
4264176
4290609
2924
4290526
4316949
2920
4334626
4319984
186552
4343431
2960
2906
2965
4337630
2928
227117
4235085
2938
4267071
4235025
35160
450695
4278832
4346458
2927
704469
4372936
4314018
4290449
1154
6640
254019
13785
58279
4316961
4246710
1094623
2911
81312
57960
2932
4264133
1478
4252569
886
2949
2969
2918
4217572
2963
2981
2926
4287584
94649
4328797
4273019
4340480
1856
2952
4343459
889
4290584
2913
25693
2930
2928
71663
4284749
88345
331241
2944
4311174
223543
4281787
477
4273031
2946
4229230
2978
4278867
4361109
4299355
383772
4255499
2950
4322833
2941
4349297
2920
757
1796
1518
1141
2976
4361215
2954
928
1306
4399606
2928
202
826538
733
4402666
175834
38112
2138731
4246690
2956
4299435
4322809
319
916
2930
354092
2911
2924
4325726
4284633
2937
4214697
5876
10512
4235008
4343568
702
228983
2931
136605
4284715
4284689
4755
4208875
440822
4273018
489372
2933
4299243
698325
983827
2917
4302325
2926
4343511
2927
2928
2947
4226323
2946
4305180
4343435
4237904
748
2959
106488
62802
1728
983
2934
2959
4358196
4237993
4293486
14499
4258361
323
2934
2946
1861
2945
4200162
719
2957
4284665
953203
2933
2953
4208861
2928
2950
4214697
225888
4249624
2920
2971
4252569
2943
4249660
4447237
2926
2936
4261241
4299237
2930
4325864
2042
2903
400169
1692
4438340
4255453
2916
7714
195642
4299321
2079
2946
4302210
2116
2914
2946
169160
4305236
43290
4194375
4264235
2964
2933
4299336
22793
353171
2972
2924
4246722
2921
4205960
1185
2930
4261329
2967
177316
2935
4270050
2908
2931
2910
1237574
4223416
2973
2920
4237972
809
4220524
4258377
2940
4181
2929
2959
2894
2941
2951
4325718
4325703
2981
379
2930
4293518
2933
2958
2957
2191
4258311
4319853
4370050
2928
4255392
2951
2929
4217584
1032
4281796
28460
4287545
4367121
4284720
4378900
4390828
159
140833
2922
4302312
258
444
4296391
654
781
989
147303
2952
750
629687
4281798
4331629
2932
1758
296872
4290442
4249608
2914
2943
2920
1270
1378
4305223
4261322
2939
2945
2920
4211789
4396745
2849
2922
2970
1244
2975
7
2007
457
683013
4302161
1574
2948
4246759
367871
1329
2916
2925
4349336
2935
4197268
2943
4284755
4205983
2929
2910
2963
814
2962
12962
2934
21788
4278848
4258423
1075
4322894
4243824
4343438
2896
4208864
38351
4278854
4267094
2940
4311164
2954
119956
2953
32238
2902
4310975
4203061
4278737
4284738
4396703
2919
4319861
2945
4249566
2959
2961
4252464
4311101
4311174
2943
4261214
804
4302335
2930
532
2922
2977
2934
69119
2947
4255453
4287560
2934
2919
2937
820
2930
1760
2955
2917
733
2944
4370070
4316876
741
2963
2939
1232
4252471
2965
4235068
4229253
1260
2965
4387760
440
1701
2926
4393726
2926
2948
4252552
184476
4299371
2913
4243819
2058
2923
2938
635660
2918
4264188
2959
1459
2926
1960
2916
4264261
31837
23
1858
2386
4272956
4331722
2003
107
923
2941
2942
3475
2910
2954
2901
2922
2943
1115
4223416
2952
4211772
2943
2946
2037
4313908
365
4296461
4287630
4211769
393011
2939
2928
2959
4226282
2933
4319833
2204
2955
2958
597
2961
45627
2945
4275865
473
4243771
2946
2934
4331701
2956
2944
27168
2943
4281712
2947
2950
4267160
2935
1516999
4426367
2945
2926
4272936
4270014
4211778
2948
1853
4235025
1209
2943
2915
4272964
2925
2931
4232109
650882
1988
4316962
4275942
2980
1045
4223407
4246728
2962
4296442
2963
4270103
2157
2952
4200162
1019122
4402619
4237990
4343436
1695
2972
2957
4243741
4334577
1118
4367121
1562
2937
2929
2954
4249624
2023
76545
2964
13562
2930
2925
2938
4261335
4205963
4272920
4252464
16832
634
4252552
842
600084
4275894
4258316
437
4208864
4322826
2946
2902
4229202
97942
4232136
1738
2941
4258361
987
2931
2942
2936
4214668
2943
144381
2917
1832
4281786
4255424
4208881
4284639
4272895
4220483
4275955
2955
2949
4232145
2914
1557
4197263
2922
2926
239311
2926
2911
4238002
2946
2915
1582
1254
4267094
20706
4308047
4305122
2925
2914
2931
2956
4255394
2963
4305252
1635
2916
2978
2950
732
395
909
2963
447793
4296448
4226288
4281707
4325869
4267053
1109
4322724
44044
4290519
4387862
2911
2945
4252471
2152
2932
4278800
4314070
327
2953
2921
4270082
598
1057
2952
2958
491
356366
4203067
2945
2915
2922
1538
4290505
4302294
2936
1394698
417897
2940
4296383
4278860
4264255
45989
2912
22149
4311075
3102
156649
4384902
4293381
2918
2957
2929
4390749
273258
420085
2959
4237972
2924
4273023
278596
4229243
4358196
4287659
538326
420779
4211783
4299329
2967
4220507
2957
2939
4337606
2961
2923
2927
4393745
390729
4305252
4258399
962
2917
4314123
795071
2912
2929
4284719
4264183
2949
2931
948
2931
4334550
2928
53093
4311135
619
654279
1016
4238002
1565
4270073
4322881
10538
4349328
2048
1523
381
1225
2961
4308128
4220502
2961
2952
2935
1561
4252587
2953
1421
4200167
2025
2959
4272994
4311056
188095
1446
2947
88353
4290541
899416
110203
4264242
4299361
4349241
4287677
265
4232145
2905
2942
2939
105153
4214692
2972
70212
527
27667
2959
1843
4261316
4399675
4290494
2923
4249636
2928
2953
2920
2955
4246636
2932
2956
456475
4261286
2960
76
4308157
4290505
2950
1205694
4364123
2948
4305236
2932
2940
2923
399
1195
4281748
2942
2959
63833
2918
4229248
4340506
4325703
2945
4220465
1092001
30314
4340606
4328809
4237911
40262
2981
1223
4415
4240895
4284681
4232136
4369990
1196
2917
2924
4275825
2956
4343412
2931
4223388
2954
2945
4223401
1201
883613
917
2927
4361163
4314026
2943
4249666
4346351
39274
4328704
1331
4261317
70
4426445
482340
1185
349
1173
4432337
4384756
1120159
2951
2900
4261322
398
5420
2932
2942
4267107
4273023
4294
4246658
4275942
2934
1529
4375953
2926
52516
2933
2961
4235073
738779
4275929
4246695
2937
1827
2919
356
4314123
2945
2947
2944
2929
1393
2937
2960
110593
2916
22545
2948
2941
221
4311014
4281669
210729
4272947
957
1457
4252517
2944
2971
2938
2964
569259
2935
2949
313892
2922
4317076
4287592
4249566
4235003
721
1224
1647
4252517
2922
2924
50531
2917
1296
4302286
1185
1746761
2924
2966
1616
2978
2964
2323
4305226
2928
947
4296477
4205963
2933
2929
2951
1783
4197268
91064
4249666
4273023
4281740
2931
2956
2944
4296312
4240911
2953
2931
2928
4281780
4232095
2939
798
2008
198929
4269974
19058
2927
2958
2949
4302319
4281756
336852
4275929
4281787
4273018
4217613
2950
619
533
4349397
4322705
4337507
1060
2957
455272
2962
1005
1815
4325756
1297
1315
2965
4287689
4284672
4217578
4278840
4314029
2930
2937
793
2945
140270
4290488
4252579
2939
2959
4273025
4188572
1784
4343433
2968
1009
4281792
547
2953
4267187
2964
2934
4255394
2936
2928
2936
4331670
1682
2917
2977
2927
1789
1799
4343379
4411449
62943
4223377
4232102
4255486
2971
4296441
4272914
2909
803086
2057
4355270
4352271
4261269
2933
2949
2965
2957
2941
4287536
4270108
2964
4343349
2960
13912
1329
2908
4287592
2968
2963
4267071
2952
2945
4252563
886
4272947
4211765
12522
2925
18858
1382
4299287
378
2964
637928
1145
118980
2923
4243755
2044
2944
122255
101367
114309
2925
326981
4269985
4378861
4270083
258445
2936
4373030
572
4343427
15606
1200943
2916
1166
2957
2911
1174
2958
2911
2962
1441
4240877
4232158
4249588
2938
1121
2922
4331583
2909
4267086
4258417
4334572
304827
2935
4255379
11557
1703
162
4200163
755
2955
4302268
3
2933
4319964
2976
4322910
2929
1051057
2960
2951
84527
2975
2950
2921
4290541
2928
2937
4290569
2933
2977
4249643
4275858
397
185410
2955
1213568
298820
129853
2933
76599
2902
4284731
1381
2940
4229222
4325901
43736
4290575
2954
2945
4358211
121188
145973
618
2967
5150
4319787
1840
4358169
2911
4235008
4334523
2925
2927
4314107
2931
2921
4235003
2917
4240895
2937
2911
10624
4314075
987
4223407
4427
2920
997
2950
1502
4252510
2257
2909
4284681
89818
1295
4364134
4361146
2915
38967
233675
2954
4361181
4267145
2947
4317006
2933
4308075
129893
2949
335
2933
168631
4316935
2940
2916
4322928
4217572
4311040
1
39905
4308193
528
4381866
4302294
974062
2932
1680
2931
248421
527
4252546
471
2960
498
2964
4305215
12239
2957
4194360
2949
4310974
4226282
4319814
2910
4258368
2930
258833
189730
2977
4249660
1171854
1925
2920
2935
68242
2935
2959
4264239
2938
2949
4316909
4220507
4352401
4255409
2969
4226314
2901
4275942
2949
2928
4325857
2937
529650
4343436
4258416
664
4217578
728
4275933
4246651
2974
2974
2950
1560
1852
971368
4319814
2932
4220502
2932
43974
220865
4355325
2955
4232117
1335
4311158
4313932
82411
4249549
2939
926
2931
4232109
2943
4264242
68690
2958
1221
4325650
4264218
2935
2948
2953
4372941
2916
2919
2966
1111742
4243821
4220502
4308128
2921
1250
4293545
2923
39186
2951
2940
22164
4258341
2958
2913
1178
4261345
57389
2933
849
4264188
2935
4322840
2974
4249557
2953
2938
2949
20505
4314111
2922
3534
2955
21280
4249602
4293423
2909
4414443
2907
1576
4361054
509
4252546
4278781
1669
2922
2891
2944
2937
4349417
4226301
2963
4270097
2940
4246645
1229
4226273
2929
2937
2962
2931
2955
2959
4267169
4334550
4411552
2938
4240860
2947
4278848
4220465
4272947
4232101
4322786
223084
4376037
36090
2931
652
1475
4255437
4205967
2957
4328752
4252576
2960
220
2937
4438301
4238002
2938
2948
2971
2916
28391
4223436
4293502
1473
4275830
770
4232095
4370003
2941
4435327
4237904
4191473
2934
2943
4270090
2924
2964
4261233
4290558
2933
433682
4246739
4355359
2953
2940
4237978
2925
4319901
4258325
4267079
610
2935
327
2967
4290480
2922
1277
3408
4252464
30437
2910
2948
4238002
4220483
4296497
2909
349
4278768
1729
4214674
4290615
2977
2911
4258397
4293490
2974
26649
220227
227298
177436
4290511
1267
4281825
4387721
439
1585
1165422
740542
4278756
4302241
4316966
4346392
2925
41180
4302275
4267169
2917
2946
4252464
150404
4284602
2954
2961
2943
1094
2958
4308121
4252576
2931
4267154
2949
2944
4220515
2936
2923
2819
4240895
4281796
4264260
2919
4408525
4390749
2943
4287570
1006600
2937
2932
35940
349580
2940
2927
1418
209365
4252494
2965
2926
4328847
431
2953
2897
2939
49164
4261269
2922
2952
4355315
4264159
2907
2914
4311062
2942
403985
4728
2937
657
64903
4281707
2960
4208875
2911
2919
4343412
165016
2906
2921
2350
4290461
2913
4232152
2955
4240867
2932
1506
2899
2954
398
2951
2917
4211763
2965
4249647
4252521
2929
2149
2939
2943
1306
2927
4220509
1723
4211789
4308156
4299426
141129
2932
352
2912
2926
2947
853
4273012
4261286
2972
2908
725805
2938
4414511
2929
4325746
1566
193413
631118
1703
4203062
4376037
1017
4299295
4328744
2923
2958
4314082
4226288
438545
4337660
2942
4328744
4258410
4264218
2948
2939
160638
2935
2961
4258353
2939
1142
2950
5950
2924
252543
127542
2915
4314020
174
4343424
4399669
4288
111
1009
2958
341841
869022
4275865
1425739
130400
1840
4293551
103468
4308168
688959
537663
4331693
2921
839
4261333
1810
4375930
4308150
1249
4267131
4325756
86520
4319825
1289
2959
2961
2980
4355260
4343459
2913
2911
2915
2154
1972
2935
2969
2958
4299287
2931
72726
254337
600
4296482
1577
2932
2955
2939
1495
2929
682177
4281790
964
2065
2945
4296488
4217575
582275
2958
2950
4322833
2960
4252582
1104908
4281748
4267154
2970
4261269
2946
2970
37874
2940
1715
199008
4217597
4246653
2948
2940
1020
566
2928
2947
1042
109314
2946
4399596
2955
2952
4275837
4191464
2944
199123
4255444
2942
4364115
2962
972658
1273072
4246733
513
4393750
2971
2942
2925
2954
4258377
843263
2945
2939
1169
2185
1132
4308229
4325764
366195
1441
823
58106
1272
2958
4217604
2964
1405
4272914
4255401
2964
211
766
4232168
2901
4299371
2929
4197268
4293494
2915
1446668
4281712
307
1478
823
4275837
2908
4243830
916
2672
191092
4299336
1849
4258341
1179
4243839
4240895
405908
210717
4346358
2917
38664
4246682
962
2943
26809
658
2985
2954
4214668
1770
2913
1236
4290494
2945
2963
4355253
4252587
362776
138782
1616
4223388
4316949
96780
4243819
4261228
2944
129807
2931
4223427
2969
4270108
2941
4255505
4258361
2928
2937
4275962
2936
2933
4240836
391
143
4319833
513
4281792
2939
2956
2928
4258377
4346342
167584
4322847
1394
2951
1138
4232139
2927
4284672
3040
4305252
437
136951
4375930
2174
2924
4349368
2974
4214703
1130
2938
4305218
4240908
4243725
2955
2973
8998
4243741
2928
821415
584067
123963
533
2918
2957
1830
2914
4319887
2904
2938
2927
4337465
75912
4272920
2921
1594
4235061
4267166
4252546
2974
4284713
968
2924
2141
40140
4205960
2925
2956
2949
2926
2950
5476
2142
2956
2942
4311091
4270035
4331693
478498
2941
4311119
2941
2927
2941
369
4346506
2914
2972
4314107
4322799
2906
2940
2940
2975
2935
4284723
2943
2672
4284715
4208864
1803
4316869
2403
9296
2957
1685
677
155023
4381840
2978
4255432
2960
2942
473143
2931
2950
2938
53322
4272987
2947
2952
2944
17029
4314075
896
254
2927
4232087
4358196
2943
4319909
28667
4261301
4331705
63936
2948
4290574
7842
2915
4217613
2954
126224
4367011
2911
2942
2923
2968
2032
396
4334606
4305218
2917
4249671
4278860
74437
4261340
2920
2934
2947
2962
2953
2927
2184
4334556
769
2949
4223377
4278768
4287640
934
4284650
2925
7216
4328704
4252510
1046
372720
4223427
1323
4237918
4246744
1894
4197263
4237925
4287598
1760
4261322
2929
2923
2932
2922
176936
4223385
4346399
2919
122298
1091
4217584
584
659317
4305244
554
4284732
834
1066
1747
4290488
55120
249
127
2916
2981
4243762
108685
4287647
4267169
561278
21
2940
2944
2954
4217562
4252569
2945
2904
4205974
4240895
4205954
2930
2922
4293427
4200156
2958
2973
4264248
857
6602
4311091
2936
18938
2213
2966
2962
4296424
2925
2944
46224
2927
2924
2953
4325780
2947
1703
4319833
4211783
314040
119301
4290471
4240871
4290541
4317050
23593
1136
4738
4399585
4252486
1222
6175
368
4270073
4275830
2952
4305200
2950
107816
4220489
2929
4246651
2919
2926
2926
2940
4426416
4235008
2963
4275917
52
2947
1584
4293381
4267115
715
4349336
4364030
573
2941
2456
2956
2932
4264140
260791
4278808
528
2904
270
4278824
2915
4381848
2948
2912
2957
2975
55101
4243778
1079
29820
373
4240884
989
2941
4258308
4287640
431
2955
4258397
2957
40095
556
4334648
2949
2968
2958
2258
2917
2916
2957
4217597
2945
4229253
24210
2922
2962
66496
2965
2980
2940
1225836
2960
36776
4343435
4325820
74368
4281805
2952
2288341
4243824
409746
1790096
2936
1836
1769
1145
4308080
2936
4308168
2934
4284743
4287592
4267174
2958
1237
222915
4217601
104304
4249588
799
2955
2939
4214681
2969
769
2962
4387801
4252588
155856
1122
4311139
112799
2915
28514
2931
286228
4223385
4287659
2294
2949
4261329
2955
2939
4290461
2948
4237950
4194375
4296399
1050
907
4258377
4272994
4325779
4293518
1194717
2951
2067
2941
1289170
2956
4305101
4208867
479
2939
2735
4308042
2952
4252569
4275833
4281712
2942
1724
1
292440
687412
443942
2959
4252538
4302301
2946
17582
4214703
4358150
27477
2933
2939
280156
4591
2920
4296435
507085
79
2933
1227
2940
4211756
2926
4226288
2952
1033544
2912
4293423
4349445
228
656529
2908
4390778
1801
1080872
4305281
1508
2947
7808
2928
242527
2931
4235003
6754
4223416
315811
2980
352
112428
2942
2969
2945
984
4349321
597689
4287647
4220465
90136
4240911
4197268
512
2256
2970
32422
3981
4243778
220
601
4340498
4375938
2906
4258420
2942
4302280
2922
2905
842
4267154
2916
2934
316
4284715
2957
2956
4272936
4232139
4287615
595
4290511
4267162
25061
4232102
4381858
4346381
4261214
4249572
2927
572
4346385
2950
4319911
2919
4258341
1193
4226295
34120
426754
4349380
153859
1097
4299256
4150
2935
1913
4211783
2934
566131
2938
2981
47916
4223436
4319797
58595
1652
4205967
2970
1159
4278872
331162
2965
4284626
4211778
4220473
4275886
933
74414
4381920
815
19
3464
388481
4272907
2315
507070
1893654
2925
4246733
2939
2934
7554
2930
4249631
4226308
2925
4322849
4287545
2969
4208861
4349405
4255424
2507
2931
4302304
2922
4255394
2954
2955
4223407
1376006
4349329
4322881
4305135
4334572
4249557
4246667
2953
4302280
2939
2942
4293462
4444257
4246716
4349354
4361109
2976
4337630
2916
1557
2950
2930
2941
4258397
4302260
4299386
4246658
4402666
2956
328561
1908
2915
14196
2925
803978
2907
2955
4299230
661317
2935
4232139
4340579
405
1721
4317019
79996
2916
50968
2915
2959
85965
4322840
2964
2929
2925
2245
771
2945
2923
2940
4258417
1313
2940
1837
2923
1830
4255499
339
1606
803
4220480
873
2958
2931
2905
9837
2940
2959
4258295
2945
8511
1037
2911
4249660
2956
2944
4255387
4328752
4220502
4261301
4246710
4293447
2954
2927
4278832
2921
2962
4296423
499569
1317
4246733
1520
2948
1554185
4267115
2914
2956
2899
4316956
1152
34
4235049
513233
677265
2953
2952
4299321
4334726
2948
4364022
4278873
4249631
4229237
4252530
2973
4269988
4261345
4267060
2937
4235055
631
4299386
4390785
4299256
39355
1025199
4308127
2982
4355286
2941
20219
2380
2911
4190
4217575
1306
2954
2942
868127
2955
4337546
2920
4328686
27272
2952
62071
2913
2920
1417
2976
2909
2954
4287649
4287576
4191473
1654
4284720
4272910
2935
4246734
1707
1361
4319948
4229243
4302292
2937
2931
4340488
2934
4314101
4290562
2970
4308222
1021
2926
256684
4281712
2944
63055
1387
4308156
857
2945
13615
4270050
2955
16810
1834
2938
4226334
4238002
2947
1774810
4211756
2940
4220480
4237995
4308042
1957
2953
4305299
4331701
4325703
2946
4378908
2962
2961
4208881
2186
37858
1461
4249557
4352281
1371
147137
4302304
2931
112526
4197263
114653
4261329
2950
958
2943
2943
119246
4237995
2950
2945
4211789
2913
4316966
1624
2925
4223401
4237911
2944
2932
4229202
4287584
4235078
2941
902
1861
2943
4281661
4258415
4237956
4246703
2911
2953
651171
2939
4281748
496
2961
4299302
22538
43937
4264235
4240902
2935
4314029
4358175
2966
309
2965
2918
4316962
4261269
2971
4313932
2951
124320
950
2924
4299415
24421
4270083
683
1616
4205974
4349417
1143
4349405
2943
4293537
2952
4267053
4387733
2956
4281805
2938
2965
