44
97
96
65
9
73
41
183
108
84
105
48
71
66
99
107
102
35
144
75
65
65
54
92
190
161
56
60
154
34
74
105
97
114
136
136
57
13
71
49
130
89
151
42
63
162
62
160
16
175
83
14
88
106
107
98
93
62
115
119
49
27
50
19
51
43
89
5
115
112
35
115
85
71
31
36
144
57
113
101
125
40
96
87
114
53
166
61
72
119
57
85
51
150
35
75
148
123
145
59
25
220
170
74
72
16
60
175
64
139
70
87
96
106
62
88
81
84
123
94
111
122
52
100
43
85
103
181
90
68
53
11
69
106
184
92
38
81
87
54
98
63
189
13
118
146
104
145
42
19
77
36
101
6
19
79
37
77
135
92
116
115
112
116
84
44
145
13
22
67
48
133
63
29
79
93
101
172
128
137
125
118
102
69
78
65
20
63
81
56
152
93
215
87
6
81
124
88
113
114
80
108
50
91
144
136
124
26
185
77
106
213
121
124
107
38
24
142
92
141
171
64
113
64
39
19
116
106
108
56
57
92
84
41
145
150
103
139
79
123
74
48
83
69
174
110
131
13
151
86
137
96
115
82
68
151
68
179
54
167
67
54
39
53
93
66
67
172
143
116
170
25
51
115
207
89
142
53
111
88
83
87
136
20
64
137
