0
0
0
28457
0
20918
24747
0
0
0
0
0
0
0
0
1408
2815
27552
0
18789
0
0
0
0
0
13097
21590
16651
0
6607
0
0
0
0
5414
0
0
0
18271
0
0
0
20340
7304
0
0
0
4066
0
0
0
0
0
0
26266
0
0
0
0
0
0
17365
24255
0
0
20429
0
0
0
0
9826
0
3795
0
7957
0
0
0
3882
0
0
0
0
19893
0
0
804
0
0
25387
0
24427
0
8397
0
2375
0
0
0
0
0
18510
4853
0
0
0
0
0
6329
2982
15266
0
0
0
8352
0
0
0
5464
9719
0
0
17641
0
0
0
0
5034
3797
0
0
27215
0
0
29067
0
0
19304
0
0
0
19835
8139
0
0
7000
0
0
0
0
0
2986
0
0
0
0
0
0
0
6156
0
23448
22454
18829
0
0
5534
0
17995
0
0
0
13568
3314
2857
0
18974
11895
10333
0
3735
0
0
0
0
0
0
0
0
12284
0
0
0
0
18216
0
21510
0
48
0
26382
29611
0
0
15888
0
0
17845
17692
0
0
2954
1946
0
28526
0
0
9304
4243
15337
7417
16695
5294
0
0
0
0
0
0
0
8725
13518
0
0
0
23067
5289
28257
0
0
0
0
0
12689
0
0
0
19429
8807
0
0
0
0
0
6155
14632
19007
0
0
8530
0
0
21156
0
2013
23112
26344
0
13848
0
22770
0
0
0
0
15103
0
19849
0
26543
851
24838
0
26560
0
0
0
0
6863
0
0
0
0
0
0
0
0
0
0
0
0
13891
0
331
0
13210
0
21608
0
0
0
7180
0
0
0
24364
0
0
11791
0
5272
0
23234
3686
0
0
0
0
0
0
0
15443
0
0
0
0
8705
1932
11573
0
0
0
0
0
11040
0
15971
0
0
19679
0
0
2646
3428
0
10850
3744
17839
0
0
0
0
0
0
0
0
0
0
22142
5559
0
0
0
10322
0
17348
0
0
2844
0
316
0
0
28642
0
16550
0
3365
0
0
0
2140
11883
0
0
10527
0
0
0
0
0
0
19448
0
0
0
13097
29146
0
0
0
0
0
0
0
14939
9539
0
0
19935
0
0
0
0
0
0
0
0
0
3965
0
0
370
0
27676
0
0
25388
3290
27199
10795
0
0
0
0
0
22335
0
28761
0
0
0
0
15806
11132
20930
11249
0
22591
19241
4079
0
0
27036
0
0
21190
0
0
15266
0
25290
0
1338
2500
16848
0
22102
0
0
0
0
29611
8234
0
0
29020
0
0
9776
0
979
0
0
12374
0
19177
7193
1819
0
0
18736
0
15091
0
23489
0
29621
0
18151
0
0
0
1518
0
0
12495
15257
0
10191
13171
12131
0
0
0
0
27700
0
0
0
0
0
1361
0
0
0
0
29855
0
0
0
24484
16093
23299
17483
0
0
0
0
0
0
0
0
16052
0
18961
13477
0
0
0
0
0
8538
0
0
1105
0
26871
0
0
0
13485
0
29875
0
0
0
0
19698
0
0
16054
0
0
7651
21870
15193
25695
0
0
0
15078
0
0
0
27722
7984
28040
0
0
14338
0
0
0
0
17261
9305
0
9481
0
0
5689
0
0
0
0
15817
0
18647
8346
0
3410
29341
5188
0
0
0
0
17556
0
0
0
28039
0
0
14167
0
14682
10668
0
27779
17420
0
0
1051
3976
0
6673
0
0
0
19093
0
21661
15348
0
0
0
0
0
0
0
23281
4530
13903
496
0
0
25774
7276
0
0
6526
13210
0
0
11648
23080
0
0
1991
0
10833
0
14256
0
22224
1848
0
14131
0
0
0
0
0
9631
25055
3909
1078
0
12873
0
21836
0
17758
0
7699
0
0
12295
0
0
0
12725
0
0
19154
28629
0
0
8031
11780
9304
26100
0
21307
0
21643
0
13232
0
0
7121
0
0
0
0
0
17416
6156
10423
0
14927
0
0
0
0
17452
0
803
14023
0
0
0
0
16040
0
2264
20165
4505
0
20593
25723
4627
0
0
15637
0
21923
26252
0
12345
15306
0
0
26809
15454
0
24603
0
0
0
0
0
0
28894
21273
0
6994
0
0
0
0
0
0
0
15587
0
0
11005
0
10807
0
0
29352
0
0
26269
29150
0
0
0
0
8505
15005
23967
0
21904
0
0
0
0
0
0
0
0
16715
0
19562
0
0
0
0
18726
3754
12898
0
25173
0
8032
0
0
0
14409
0
0
0
13095
21120
0
0
0
0
0
9860
0
0
0
19746
29197
27078
0
0
0
0
0
0
0
10309
10931
0
0
0
0
20843
0
2505
0
27308
0
0
0
25084
0
0
7471
0
2543
0
28132
1111
7777
0
8864
24148
0
0
0
0
13213
15068
0
18572
10791
0
23480
0
10358
0
0
0
0
0
26587
16602
24708
8091
18721
0
0
18548
0
0
0
816
0
0
0
0
0
25516
25305
25069
14151
28527
0
9354
0
0
22409
15986
0
0
0
4308
5524
0
23585
0
19372
0
3189
0
0
13669
0
0
0
0
12080
0
0
0
0
0
0
19336
29001
0
9868
7211
0
0
0
25570
13142
0
0
20961
17059
0
0
0
29908
8801
10980
0
12890
0
0
0
12881
0
0
0
0
26874
23685
16984
4752
0
0
0
0
0
0
0
21590
0
0
0
0
4909
0
0
0
26855
0
0
12294
1706
0
0
0
0
0
0
0
0
0
4160
0
0
0
4882
0
13377
11439
0
0
0
0
0
19806
24200
22094
10799
0
29832
0
0
0
1813
5374
0
0
29477
19044
16013
22926
0
0
23355
0
0
0
0
0
16507
22400
0
0
0
18611
6805
0
0
0
0
0
0
0
0
6191
0
15190
0
8460
0
0
0
28924
17253
0
2282
0
0
0
0
0
0
0
0
0
0
0
0
0
0
0
16280
0
0
0
1289
20087
6202
0
0
5565
0
29247
0
22409
4383
0
0
18631
0
26961
0
0
11975
14180
23333
7931
5411
9623
0
0
10156
9342
0
0
6818
0
26993
12284
23425
0
0
13433
0
0
0
15425
0
0
0
0
0
0
0
0
0
0
0
0
11695
22702
4331
0
0
0
9892
5682
0
28429
0
0
0
20268
1266
7188
7601
22903
0
0
0
27482
0
0
19153
0
15692
0
0
2027
29032
0
0
3639
23080
24088
0
20302
0
27564
0
0
0
0
0
1209
6565
25082
19907
15662
0
24563
0
14366
0
0
29144
0
0
0
0
0
0
0
0
0
14253
0
0
0
0
0
0
18524
0
0
0
24953
0
0
26502
0
0
0
22415
14400
0
26249
15531
0
24629
0
24131
27529
12614
0
10223
0
0
0
29448
23976
0
19555
0
0
0
4520
0
0
11796
0
0
0
0
0
0
2190
15301
4645
0
0
0
0
15847
0
20431
5826
0
0
28400
28060
27723
0
5187
0
9114
18467
0
22409
20240
4256
1232
491
0
0
0
12277
0
13316
0
18230
0
0
28678
5549
25453
0
0
0
21402
27760
0
12898
12304
0
14897
12165
10190
0
21977
0
1889
0
0
25590
13290
19822
0
23153
29321
12839
15953
11683
0
0
15509
0
20653
0
18476
20426
0
8248
21996
17841
13120
0
0
29291
9479
0
3001
0
0
0
0
10813
9641
7173
0
13208
0
27176
0
0
0
12770
0
0
21148
0
24945
0
0
0
0
3020
0
9621
3907
0
0
6565
11075
22711
0
0
0
0
0
10854
0
20172
15654
0
0
1082
23709
5175
960
0
0
16538
0
0
2117
0
24436
0
5593
0
16683
0
13218
0
27799
0
0
18373
10635
0
0
0
0
0
28435
0
11972
22350
0
28257
29420
14741
12972
3178
0
0
4536
0
0
0
3042
0
0
4669
17584
0
0
0
0
26083
0
3355
0
0
22002
0
0
26138
0
0
17643
0
24586
26075
9323
17600
0
0
0
0
0
0
0
0
12485
0
0
0
16905
0
0
6452
12241
0
0
0
0
29598
0
0
0
0
2918
14966
0
26311
0
0
0
0
0
12989
0
12691
0
0
0
0
0
0
0
18255
4943
0
25264
22922
16488
1710
0
0
1329
0
18633
19132
17061
0
0
2747
0
0
0
16412
0
0
13123
0
0
0
0
0
17799
24632
2781
12028
0
0
0
0
0
12482
15098
7966
6077
5536
14052
19808
0
0
0
18486
0
10405
2709
0
0
0
5245
0
14118
0
8416
0
26628
16527
0
26962
0
17052
0
18552
7613
0
25114
0
0
0
0
0
0
0
0
28199
0
0
0
10051
0
0
0
21129
0
0
0
0
0
22372
4773
0
22193
24235
27415
18642
29485
19255
0
0
0
0
0
0
0
9675
255
1983
0
0
7435
14679
0
0
0
20030
20192
0
0
0
0
0
0
13421
0
0
0
0
20864
24804
0
0
10988
0
0
0
26197
0
0
0
0
0
0
0
0
0
0
14419
0
29388
0
0
24640
10102
0
9228
8803
0
0
13996
23505
0
0
9013
0
2021
0
28772
0
11043
0
14611
0
0
28391
0
0
25096
0
26283
1111
0
0
13739
1892
0
26333
0
28687
4127
10600
0
18714
17982
12048
0
24331
21179
29385
2371
24241
3623
15417
0
28711
5939
14774
0
29553
0
0
0
12691
0
20326
11262
0
0
0
0
0
0
26137
21377
2662
16035
13974
8729
0
17596
0
15308
17873
0
6461
9846
0
0
10405
0
25523
25264
0
16479
0
6900
0
0
5576
0
7389
24040
29524
0
0
0
18966
0
18494
21386
0
23395
0
28968
8145
0
0
3903
0
12376
0
0
16238
0
0
16230
5378
0
0
5170
0
28338
9014
0
11241
20382
19463
0
0
0
3940
23295
22193
11472
0
0
0
2774
0
0
13041
13697
7816
4220
0
23436
0
8319
6354
27688
6374
0
0
4780
0
0
0
0
0
0
1135
0
14133
0
0
15066
0
0
22927
7189
0
8807
4062
17528
25286
19837
7672
0
0
0
28171
0
23096
21750
0
8339
0
1399
0
0
0
0
28501
9269
21026
6590
13890
0
25337
6885
0
0
19263
0
0
0
21532
0
7860
4489
0
24087
12195
17141
14322
0
0
22958
0
0
0
0
12182
14080
18638
13165
0
3883
0
0
8145
28572
17534
16213
0
0
15562
15234
7695
0
0
8511
21107
16218
0
0
16882
8613
9325
0
0
0
0
0
25007
0
0
23589
29599
0
21153
0
0
4432
0
0
29051
17941
12682
26806
17453
17408
25631
8956
0
0
0
24351
0
15157
2304
4671
0
0
9330
0
12518
17047
0
3309
18693
0
0
0
0
29570
0
0
0
29534
0
0
0
0
12337
13800
29259
3919
16196
0
0
7176
0
7676
0
28265
19671
0
0
7576
28391
6535
0
0
0
0
9291
22151
248
0
2884
26296
14131
28015
0
10483
0
11378
0
0
0
0
0
0
0
7173
0
25252
0
1899
9800
11603
9124
27283
0
23428
0
0
0
0
0
0
0
1203
0
22080
11598
7672
0
0
26198
0
1248
17815
12004
0
2523
0
23545
29794
0
14471
29837
19921
28129
8268
5782
0
24733
0
0
0
22648
18678
0
14247
0
0
0
0
0
25071
10889
0
0
22504
0
0
8227
0
4410
5064
9001
0
8370
0
4478
0
28024
7070
22358
9191
0
14562
2756
16941
25177
0
0
13354
8485
0
0
1718
3694
7732
0
16426
10181
11136
0
0
0
6058
25201
0
0
0
0
0
23554
6862
16536
11246
0
0
0
0
0
0
0
0
16819
0
0
0
26512
3807
11719
20892
13440
25404
0
0
11490
20790
0
11998
0
0
0
0
10516
0
0
0
0
0
0
0
19916
24347
2554
0
0
9262
24423
26560
0
0
0
0
0
1126
2730
1329
13808
6479
25660
11820
17826
0
10713
0
11130
319
4338
0
24810
0
0
0
15511
0
11404
0
27326
0
0
0
25255
9781
0
0
0
11978
29085
11225
0
3132
21194
13095
1266
0
15912
0
0
0
0
6987
19947
0
0
15413
27895
0
0
0
0
0
16465
0
0
0
0
0
3448
17040
25835
0
1757
6115
25014
4201
1162
0
0
0
12881
21293
0
13899
22305
0
10277
20879
11074
0
10600
0
16759
2099
0
0
25177
7398
0
0
11589
7848
0
15477
0
3882
13747
25191
29155
19457
0
0
3334
0
0
0
23281
8228
0
21808
0
0
0
0
2873
0
18878
0
2096
11603
0
0
9782
0
0
16527
0
28295
25300
6585
0
0
0
0
0
0
0
27147
0
0
16908
12801
0
0
20508
492
0
19119
27240
25996
19075
14958
16997
0
0
0
6879
0
4464
9480
0
11068
2763
0
0
0
13301
20477
0
0
2035
13150
782
24859
0
26312
0
29051
3610
17478
0
0
0
0
758
26075
0
15397
0
4690
9186
18249
21344
13862
28017
0
0
21584
0
23741
0
12433
10014
0
0
0
4530
0
0
0
28039
0
10817
0
0
0
26196
0
0
0
0
3296
0
0
7978
4911
10185
13068
0
1409
11572
0
0
0
19859
0
7120
18750
0
0
0
17403
27517
13197
24641
29764
24579
26116
7917
0
4734
0
28709
0
23411
28433
22478
4489
0
18015
0
5520
24284
0
0
14984
4079
11754
0
0
0
8545
0
0
0
0
17095
0
1338
0
0
10266
0
0
112
0
0
0
11176
19647
11435
0
0
29616
0
10966
0
0
0
4266
17442
13676
0
23173
6988
0
0
0
0
0
0
0
0
0
0
27733
19015
24560
4982
6280
0
5511
0
0
20559
24224
0
0
15966
0
0
0
15739
0
0
0
0
27867
0
18322
23192
0
7226
2683
0
0
13165
23192
0
0
11256
0
26127
0
0
0
12473
8334
0
28398
11951
10530
13748
0
6752
0
27253
21878
0
0
16612
0
0
0
3977
0
16358
0
17123
27447
19490
11435
202
15959
25431
0
0
19209
0
0
0
0
22548
0
5256
0
10648
0
28486
0
28905
22331
0
0
0
10554
3876
8812
24198
19740
0
0
7844
0
6415
0
0
14310
0
22216
0
19863
0
0
0
0
0
0
0
0
0
16015
0
0
0
27756
0
0
0
0
14123
0
22664
26053
30
0
0
0
22637
20716
1822
1429
41
20764
0
25809
0
27051
0
0
7094
24103
13804
0
0
0
24681
0
6852
0
0
0
0
2701
0
1048
0
0
13165
0
4848
14499
16202
17033
0
0
0
0
2446
0
15554
29374
3237
0
0
0
27333
29010
7362
6728
0
17460
0
0
0
11423
7304
0
0
11789
8270
0
0
13741
26437
28737
0
15467
0
6215
0
0
24476
3902
0
0
0
0
0
27460
9626
9389
26467
12065
8500
0
21949
0
0
19455
21923
15165
27665
0
15334
8880
0
0
5562
0
0
5091
0
25645
0
1873
0
4850
2658
2106
0
0
12760
18582
8296
0
0
11412
8580
29420
0
18841
0
0
17686
0
3647
19250
9924
11207
0
26359
0
19381
0
0
0
0
0
0
18997
0
0
26106
20813
16202
0
0
2374
27972
293
23982
20534
20915
21511
25587
0
20209
0
6472
0
0
23511
28814
11978
8031
0
0
0
0
0
0
0
7442
0
6476
1979
8121
0
8030
11275
15567
0
9743
0
0
0
3007
26768
0
0
6755
24134
28588
0
29095
0
0
0
5549
0
0
0
26625
0
0
10557
0
10602
0
0
0
0
0
14636
2515
0
6200
0
0
0
11417
0
25134
0
28236
0
14403
0
0
3889
0
15171
9505
24908
0
0
0
25071
29771
18020
0
21594
26802
7103
0
0
0
27994
10587
0
9259
0
0
0
0
0
0
8335
2278
0
23305
0
0
29391
21901
0
10508
29051
0
0
0
7656
11370
18618
4856
0
14628
0
12390
22749
26765
0
24390
16538
0
0
0
28154
15206
0
0
0
0
0
0
23182
0
0
17030
0
21565
14147
13266
20725
0
29670
0
22889
10283
20257
24197
16408
0
0
0
0
28479
0
0
0
0
22765
14169
0
27144
6523
0
0
20152
6109
26269
17320
0
0
9061
6030
0
0
4941
0
0
27229
14748
12251
6541
13853
22704
9222
24779
11884
29370
0
0
21939
14218
37
29079
28403
26328
0
12748
0
0
0
0
0
25063
3041
757
22887
0
21288
0
16389
0
6323
17373
29129
0
0
0
25041
29264
18507
0
0
0
23316
15123
26356
0
946
0
0
35
14140
0
0
29734
0
3922
0
18958
20471
0
12554
0
27756
0
1960
24756
0
0
0
0
24496
0
23871
6604
0
14859
0
0
14061
8956
0
0
24717
29617
5628
16274
0
5018
2674
16033
29340
0
28824
0
0
0
17358
0
3280
3456
0
0
27977
0
3865
11862
0
15935
4752
29244
18619
0
7861
17345
1505
0
2296
0
4253
0
0
11863
2941
0
16423
19160
11268
0
0
2541
0
8287
17981
0
26100
15738
12127
11399
0
26350
20282
0
15103
0
0
0
4157
21588
0
0
0
22459
27229
0
24816
1908
0
19102
5823
29858
0
4872
0
0
10762
1944
0
6841
4700
23126
0
0
2938
0
29571
0
0
24897
19936
0
28161
0
4634
25864
4846
22260
0
0
0
21566
5567
13317
5185
0
21329
3419
19686
18289
27821
0
10064
0
2094
0
0
0
27768
0
0
22101
0
0
0
16730
13184
0
0
20358
23353
23390
22130
0
0
27868
0
0
6705
0
0
25667
2969
0
0
8723
0
0
0
17494
16051
0
0
13686
0
0
0
0
0
0
27358
13580
20893
0
24332
5114
11473
0
0
29765
29740
0
4550
0
7126
0
0
0
0
0
13111
15888
17921
0
9572
0
0
0
0
0
0
0
16799
22563
14243
9992
16335
24401
0
0
0
0
0
0
17361
28817
0
6585
21194
3824
0
0
10366
0
0
0
24073
8922
0
0
8086
5302
10425
0
20940
0
0
0
0
7108
19415
2934
22824
0
0
17422
0
14407
14394
0
10420
9612
2189
0
0
15756
0
2257
18866
4884
0
0
0
0
0
0
19132
4415
0
2117
25090
3690
0
0
23247
755
0
10484
1113
0
613
15157
19619
0
0
29214
0
10108
3950
8628
0
11930
0
6449
13023
0
0
9986
0
0
23724
0
0
20508
0
0
0
26096
8565
25584
0
0
0
11148
0
10889
5897
26056
27875
13956
25738
0
4054
3602
0
7378
23186
22516
9717
0
0
0
12319
0
27034
15038
0
20339
0
0
3162
3177
0
16213
0
10826
0
0
0
0
0
0
0
0
24575
19093
9048
28678
11378
13593
20587
0
0
0
15772
0
0
0
0
5778
13513
0
21418
1080
13346
11442
0
0
12004
0
0
0
0
17566
0
16164
24983
0
4559
0
0
13879
10433
24917
14993
0
0
25038
0
0
11282
12873
0
2370
17263
0
0
0
15586
18084
28691
0
21158
0
0
0
3150
18042
0
0
0
0
0
11768
0
0
0
25123
27221
0
15363
8957
0
714
148
0
1896
24501
8099
0
6853
873
0
8565
10639
2173
24475
0
9033
6005
21195
0
0
0
9720
7650
0
0
21172
0
23210
0
13723
0
0
13499
0
18970
9831
4846
0
0
28281
0
11088
0
26511
26634
3986
0
7846
0
0
5482
27017
29071
0
28601
27873
22326
19199
17430
525
19822
0
0
26550
0
0
27356
8165
4618
0
8502
28348
15279
23621
5054
0
0
0
0
8723
0
6943
26888
26012
0
0
0
0
0
0
4260
28944
0
0
18705
0
0
0
0
12207
0
0
0
0
0
0
536
0
14062
17709
0
26996
0
0
11059
12864
0
0
0
0
857
16349
18265
0
27460
0
27295
0
0
20180
18773
4114
15138
0
11764
28799
16529
0
0
0
0
0
0
15293
0
4956
24478
27288
20533
0
27682
26573
12539
0
9226
1414
18504
4802
0
0
0
0
0
11191
21238
0
0
29044
0
8269
15012
0
14696
0
2456
8768
25946
0
0
27881
27256
25155
0
10103
25645
23258
0
24105
0
23429
0
0
26666
3072
0
623
0
0
0
0
6521
18921
15674
16032
0
0
0
0
0
0
9867
10378
27878
17416
0
10783
16212
15308
12746
5833
25296
16652
18858
11038
26847
0
16121
25700
11895
28689
12013
0
2840
0
11940
0
18299
26784
15836
3776
0
0
0
27433
0
3485
0
0
13726
0
0
563
25262
5719
9152
23032
0
20769
22419
1989
0
0
505
0
6140
0
0
16472
16892
22015
0
13141
0
0
0
21382
28455
22144
25
22079
0
0
14326
7516
0
6810
0
21729
14559
12241
1319
21314
0
0
13087
27724
0
11823
26014
20834
1001
0
1658
18397
26165
13609
0
0
0
15385
0
1731
14539
0
0
0
14916
18561
0
0
0
0
2628
0
20066
20412
10553
0
0
0
0
405
0
0
8394
28912
0
18217
329
0
0
7774
10928
0
0
0
0
0
0
7681
7112
3951
22857
0
19615
25734
0
22146
0
29925
0
5680
0
6314
0
2307
10283
0
0
24101
16453
6852
0
0
6076
0
0
8427
29344
27094
0
0
29099
0
19498
0
0
0
8435
24985
0
0
3235
28082
661
0
16587
15330
29846
0
18346
12049
21880
0
11953
0
0
6258
15003
766
0
16930
0
16299
0
4970
16809
0
9814
3988
25459
0
0
19295
0
0
26713
23215
17585
137
0
22834
11194
2226
0
6083
19426
0
21274
27694
9956
12000
0
22776
1768
0
0
27005
0
0
9000
0
25307
3228
21600
0
5209
19818
0
26344
0
10206
15730
0
11754
0
0
0
4804
0
6835
2943
0
17335
16907
1365
28746
9615
0
0
0
10152
0
9436
29378
28269
0
0
21820
17635
0
0
0
5438
17744
23509
15857
20596
2939
21536
3569
6448
0
5356
0
13243
29286
0
0
0
0
0
26719
24520
11904
1991
7734
14383
23444
0
0
14478
8549
5614
9141
25226
26508
15037
0
0
0
0
9617
20096
0
28661
26198
0
0
0
16033
12072
19652
0
0
18475
22824
0
9477
0
0
18702
0
13338
0
27364
21635
0
19501
0
9452
0
5554
0
0
0
18185
20806
14165
0
22640
10184
23275
0
0
0
0
10625
11030
0
11944
994
0
26815
21554
0
20796
4913
24555
24530
586
0
3414
938
0
0
331
25237
0
28776
0
27609
0
0
5218
1102
6037
7959
7222
0
0
8613
0
25864
19236
6998
17416
0
0
0
7417
3936
536
0
0
13260
582
3152
20528
16708
17512
0
0
8614
0
4123
0
0
21211
0
0
7295
6999
0
0
0
0
13743
0
0
17389
26077
19594
0
13357
0
0
9124
24165
18573
6166
16429
29487
3377
15843
0
1697
1976
0
25045
28676
20980
0
0
0
0
0
11085
0
27501
3046
0
0
0
0
15761
0
0
0
25787
22062
6798
15559
0
0
28112
11156
13686
22711
0
11201
18803
0
17127
7257
18165
741
0
25629
19499
0
3155
0
0
28960
0
0
6244
8956
17816
20663
6269
0
0
0
2313
0
28160
1960
0
5774
0
26815
0
0
27122
14995
16877
3819
1125
0
0
15091
0
0
1737
0
2739
4567
721
0
12498
0
0
1337
0
18521
12842
0
0
21428
0
0
11386
21247
14226
14596
3951
0
27715
4076
16491
29698
4716
19716
962
29065
0
13847
10957
3782
14726
29170
24797
0
17036
0
22344
26961
1366
1438
0
20115
16856
14897
25716
11802
16725
0
0
0
7918
9035
25606
10086
9265
2293
17314
6152
0
0
19681
0
18354
3242
0
0
11687
12903
474
13260
0
22202
0
29092
0
24814
22424
0
24532
19478
5094
15039
0
2228
0
0
4048
0
26077
11062
26939
15958
18188
22324
18823
3396
0
0
27105
13835
0
16673
1767
2123
0
25145
354
21156
0
15337
5796
24897
20294
0
0
27576
0
23968
4060
28260
11003
15308
23138
0
22561
27493
0
0
0
0
6054
16149
25791
27915
28348
0
0
0
0
11287
0
24405
0
6490
26565
0
0
20710
0
0
0
19565
0
0
3792
5245
0
20335
0
15992
19752
12021
12521
6820
0
0
26478
0
7858
1828
3345
17026
29156
4037
26501
0
0
29758
4089
0
11297
0
0
2027
24021
0
25547
23185
0
5727
14837
22892
0
0
0
0
0
0
7956
0
0
0
0
0
0
0
16595
0
0
7657
0
21959
0
0
10952
0
20309
14466
0
0
23890
0
17532
0
1602
0
0
8472
0
0
11102
28351
0
18228
23621
25965
8189
0
15573
0
2165
0
2014
0
25312
0
23199
14188
25785
0
23458
27737
5857
0
0
3973
3900
10480
0
0
4576
19992
28948
1931
0
24060
6213
0
20665
14547
909
0
10172
24546
15456
5211
356
8244
1535
17532
5533
13705
0
7542
17280
10609
0
11271
25516
19434
28449
0
20413
0
0
11193
23521
0
1251
0
0
2714
14472
7870
0
3043
16677
0
0
8804
22590
0
0
0
29913
21541
19635
11508
25647
9147
29089
27994
23656
4260
17233
0
0
0
27417
0
29853
4121
24351
0
5264
873
2611
5954
0
7390
0
0
23641
0
5911
1515
0
0
17334
18948
20279
25084
11311
0
0
9965
0
0
26932
22950
632
28822
24336
16924
0
175
0
28836
7635
2958
917
20434
0
22803
25354
0
2568
16922
0
23486
11109
0
0
0
0
16751
9539
15098
29549
12069
1430
14218
19182
0
0
21953
0
5645
8423
13609
10011
29222
8218
0
0
0
12220
0
8320
14234
0
16880
2841
0
0
640
0
12477
29872
24656
0
0
0
0
27126
11749
28055
14636
13033
24903
12643
28702
28589
0
11052
2895
0
16159
0
0
0
0
2429
0
29323
27722
0
3854
0
0
0
277
1397
18802
26250
1473
20941
166
3997
29392
0
15006
27205
11849
17334
0
27833
3914
25180
25735
13019
24755
6289
0
24180
2456
25441
17774
0
1411
18795
10037
0
0
0
27483
13854
9596
0
0
25779
7250
0
24604
10865
0
0
29134
26140
0
0
171
22761
0
29912
16448
11281
0
0
0
0
0
0
0
2211
27639
11103
24700
0
22042
17284
10491
29839
0
4836
2689
20260
0
0
20156
0
0
13243
0
0
25184
0
0
0
14215
0
10725
4276
0
0
0
5127
7901
25562
0
0
21229
0
0
25262
25631
6231
28348
0
14164
0
0
16582
0
0
16157
0
12357
0
21011
0
10681
0
11462
15045
20630
19755
4235
24444
0
0
23427
0
21044
21870
24381
29274
25445
0
12764
0
3737
16038
2966
0
24014
26877
0
0
28398
15807
28745
0
6300
24612
2209
0
5208
0
0
0
19916
812
0
22881
18264
21899
12971
16425
13734
9893
24560
0
27203
8083
0
0
0
29520
18541
0
16163
15242
0
14765
0
26516
0
16568
0
20022
18503
7189
0
14025
16678
7041
28012
0
17799
3728
0
11048
2682
0
29670
26728
0
0
21531
24197
685
0
4841
0
0
0
4543
3624
18895
7551
0
4886
0
0
25380
5396
0
5356
0
0
0
5111
28378
10274
0
26790
8344
19190
25984
5548
0
0
18199
13291
0
0
27469
0
12902
25952
3188
7998
22725
9361
0
0
0
3962
4360
697
0
0
0
19218
11613
21268
8482
5744
1372
0
13410
0
0
8444
16865
0
0
0
29451
0
25325
0
25976
27315
24066
14486
0
16566
22973
13717
17149
0
0
25647
0
7370
7175
26578
8736
26565
0
9608
21706
12080
12308
21521
1722
25264
11336
0
25835
6682
0
13626
8511
4550
21065
18871
0
20473
0
11825
0
11529
26817
5267
0
18035
6066
0
0
21026
16221
827
29488
28998
2479
17107
12497
10262
11116
19430
9762
0
23905
0
8683
4021
0
26028
4957
0
29454
0
7607
0
17301
2046
7128
6013
25425
18677
13853
28810
19675
836
4060
10917
5893
24686
4281
0
1884
21590
0
12746
7230
27319
0
0
0
8705
1873
3300
24654
0
5281
15668
12072
26515
12262
8355
1977
0
0
27362
0
19868
27671
25389
0
21352
22667
0
29196
13665
0
21215
0
22810
0
15173
0
4056
934
20796
0
0
22369
0
18131
14424
0
19149
23283
25300
25310
3926
22875
12221
13703
5462
0
0
0
0
25113
24430
13216
15163
635
0
13263
0
0
29756
0
0
15775
0
22471
29651
23133
767
6775
8550
11578
0
22018
26701
849
0
3788
26705
13095
4277
22916
12215
7538
19535
7165
7848
0
29094
5381
11088
0
21793
0
0
0
13665
24530
12302
0
18089
9880
0
5981
0
6905
8854
3049
14576
0
16314
0
1395
16862
27609
0
0
1815
0
18051
0
21494
0
4699
19209
257
741
8434
15295
357
0
15922
24410
0
16885
0
24811
0
14778
0
28464
16790
19632
12065
9732
3583
1236
0
26489
0
14418
5414
29771
16245
14659
28479
0
27609
20631
9609
0
18640
24381
772
28098
5400
10309
6383
0
14689
9376
23982
0
27732
21451
6071
27034
16240
0
0
0
8216
0
14648
9503
23562
4596
2362
3984
0
0
0
17103
2209
22251
25201
9893
29326
18076
15606
6479
4815
0
8051
23778
0
24904
0
4127
17355
26651
9143
4556
0
0
0
14411
0
0
0
14089
19564
13818
1967
23222
7675
0
29082
5586
12505
5273
14408
12910
8760
1209
7278
11357
17972
0
22481
22481
5351
19544
22647
20110
13480
0
0
9305
0
4904
22504
0
23831
0
0
1890
14169
5780
5959
0
10120
8076
23233
3769
26189
29487
0
0
4038
0
7577
29456
11440
10012
22272
8104
0
16507
0
0
27749
0
26901
20813
19429
0
9096
11711
23613
0
24859
0
0
0
21762
0
25007
17130
0
21373
17282
996
19583
0
3787
11864
28506
23427
7764
3587
6646
0
0
13651
21719
24189
17479
14733
15330
26248
14758
0
0
0
13450
27988
0
0
15045
7017
10134
0
0
0
16657
19936
5862
0
15852
16353
14351
9062
11302
14885
22128
14783
17678
0
0
11166
26201
27982
14596
0
8406
15206
26900
1868
18274
20967
0
3116
12702
3916
4220
0
0
12820
18156
19218
7848
21378
6247
19532
0
0
20400
15852
6776
19474
29093
6012
0
0
26628
8153
24756
0
21212
25804
4956
19490
0
23391
28541
24889
0
18291
0
14894
6552
5211
23797
0
8045
0
0
0
25634
20467
2397
15758
25918
0
8851
0
19546
25644
16459
0
0
0
16146
2003
14913
10607
22820
16327
13900
23997
0
0
16706
0
99
17087
0
3437
26744
9853
10474
22211
0
1582
29957
13803
0
27644
27234
29286
18981
0
8009
0
5857
27664
2810
26946
5768
5939
19746
16956
28789
5062
28986
0
0
9032
27911
1787
12514
0
9728
22083
0
18802
4124
0
26659
4996
8334
16347
339
0
4423
0
5135
0
27450
0
10951
27051
4072
11135
26285
21085
20595
15252
21718
0
0
16537
28564
0
0
4500
0
26981
0
20275
0
23839
0
16244
27132
26886
7547
13555
12081
9914
588
0
28886
0
0
0
0
0
12351
4511
8020
15564
14673
0
0
26134
29643
0
0
2154
26237
18577
9759
0
10076
26469
14887
9077
29474
0
18389
11492
10450
9720
13128
9217
0
0
16636
0
381
2968
2742
0
0
15643
7686
19161
12478
0
26413
0
0
0
25686
13026
26311
2580
19569
0
7148
27256
16195
3000
27122
18961
0
0
0
1396
0
24701
0
0
23172
12611
0
0
15325
14504
15366
14248
1185
309
18095
19079
12865
0
22030
0
8898
6031
13433
0
28698
0
18619
11586
7009
0
29393
7653
26252
14632
25343
27064
22535
9527
6903
0
18072
28906
22782
22826
0
22321
0
21768
0
22154
19667
27867
17102
0
16605
12411
25941
15923
27148
0
24562
0
0
12189
15953
23075
7607
25993
4338
21942
21942
0
11423
0
1891
0
0
4345
15561
0
17366
28114
23305
0
15474
11936
0
24839
0
160
0
0
17673
21348
29883
2607
14810
6000
0
26304
6145
0
16309
0
0
0
11171
8915
0
2975
16469
0
27392
0
25497
9504
12314
0
26582
11720
14845
0
2623
15618
5253
0
27799
387
15249
0
17836
2852
0
6314
0
7463
7096
16267
0
0
15261
524
8132
25802
9236
1297
0
0
6676
4930
7702
22269
21443
0
0
0
16928
0
0
0
8934
0
5330
0
15039
0
9042
0
21838
28906
26279
12727
16664
21026
16347
22418
0
6293
28306
0
22597
13323
0
25510
15420
0
25272
0
27487
8751
0
0
21751
18481
0
10255
19607
15943
25993
12115
24368
23465
0
22370
0
11670
858
12916
1249
2943
18010
0
17992
22423
0
11925
1362
20766
0
0
0
0
2230
0
9890
5031
8842
12579
14859
19376
5637
10662
29450
0
29800
20381
21022
11112
12823
27880
9171
14995
23897
0
0
6587
0
23574
0
20519
18724
5782
1691
0
29582
13303
2418
0
15149
21978
19841
1136
4709
3721
13025
23738
0
14995
0
4380
0
0
0
0
25932
0
21716
21885
0
19184
387
12154
0
11848
24600
27454
21457
7321
10594
0
14854
9844
0
9810
0
13926
15947
7196
13476
14904
5409
17396
27874
8909
2051
0
14208
14336
3281
0
13079
18524
0
0
2555
7923
17186
21624
810
27682
16163
0
14333
14662
0
27706
12343
15412
21213
14540
29589
4949
27072
0
14903
23930
0
7127
21104
8616
5252
190
3842
0
22286
27569
28178
1698
0
0
8658
26360
25538
19663
0
18223
19253
0
0
22928
27655
0
0
17253
29617
24442
0
18992
4717
6278
17837
0
0
24703
24327
21184
646
9129
15234
0
10896
4464
4765
12230
0
0
20145
29088
3769
4955
9077
7200
13901
18735
28852
574
24950
19028
0
12085
0
0
4442
0
3499
20423
0
26076
23946
0
19786
0
0
0
20141
2560
0
9536
11421
0
0
11745
8689
10865
23664
0
13750
0
0
9147
0
16583
16025
11096
22637
14531
9456
0
12680
22193
25837
10894
26247
0
0
19365
0
329
0
410
3780
6273
0
2631
20627
1702
0
1733
4350
16275
1276
0
0
0
0
10774
4649
26073
11884
17863
13901
24472
20809
18123
28657
23685
6844
12692
0
29617
21641
17423
10047
7370
27888
0
26584
4684
0
1857
0
27064
21671
23181
9436
2489
18048
6542
13395
0
15343
0
0
24917
18923
7252
28213
22949
2851
17793
642
6288
7223
0
0
0
19691
18508
25444
20259
0
15350
7613
0
26438
17512
0
0
0
17917
3326
12305
6389
29454
15175
10987
0
14242
2253
0
7214
14720
0
8657
15261
5192
20785
18224
27450
0
15572
21927
0
25417
24284
7731
3956
5713
0
20509
4258
15076
13961
18620
0
13038
2576
24920
11842
1028
18247
4233
6926
0
1399
23273
7408
3402
14660
22534
0
10338
26664
27474
20435
12074
19999
12154
18629
11575
4349
9252
28979
10373
29669
0
10894
22252
0
20254
0
10718
17994
22043
16049
4023
10252
3132
5569
5258
0
26503
25898
5383
11726
11249
0
6443
13043
0
12302
11930
13743
28161
5609
2397
0
0
13328
0
20032
1551
20086
0
0
21502
0
25131
27490
22501
0
1388
18955
26986
0
4753
28798
4071
0
2772
9267
29642
14807
16779
3963
11126
19807
2966
21270
185
23016
20980
0
2764
9985
23804
20858
21343
14443
10757
0
8598
23761
15677
7095
25903
2375
0
29463
0
5868
9077
4610
10803
12053
0
22363
12945
0
25460
8362
2369
10034
0
611
10420
7416
15310
2865
27938
18964
17837
8195
0
20418
0
6039
4081
22142
0
8652
24601
0
0
8077
29336
28256
0
0
0
29818
0
0
12920
0
5659
28292
18659
17832
16346
26238
24180
26223
21773
18057
4686
0
26575
14536
26321
50
6628
8705
5319
25080
0
6650
4126
15421
0
25662
0
0
24004
7579
6280
0
26265
3286
22359
23205
0
2391
16616
0
22396
21504
11102
0
0
0
22265
28369
26291
8731
26159
23062
0
462
0
13289
12341
79
22511
19118
12112
26361
27548
0
15101
10068
7939
3644
12429
10636
11088
22583
0
0
4167
0
14503
0
18573
0
0
0
18333
18746
6947
20208
8839
0
7392
20740
5553
27569
16882
5617
25558
24581
0
16663
0
3621
0
0
0
12583
0
16745
7038
21424
26853
17610
0
0
0
17095
26536
3347
0
8840
0
1168
10555
5916
27850
14089
8018
11465
10713
9355
11356
23557
24832
19109
0
24575
9762
7944
28502
22444
3822
10198
23482
10150
0
14529
132
0
28157
10477
25249
24294
21285
2730
17809
0
26763
0
15268
12827
0
22617
21039
8827
27067
29449
5646
18087
0
223
7659
9162
0
28158
0
0
23795
27534
13758
5898
0
8626
21383
286
10390
0
15422
28359
0
7754
3080
27820
24073
16873
0
24659
7118
0
0
10185
0
9257
13298
24840
1803
27781
0
17333
11661
14312
9678
0
27068
3457
0
2707
22173
3550
20310
12371
16215
7095
0
17048
0
20514
4987
0
23209
7635
5357
0
17854
18560
10808
20458
0
4408
5121
7533
25314
1802
21535
5816
17732
9566
28928
19864
29598
15315
22077
21087
2985
0
4838
7241
28164
0
444
12603
4188
3587
12297
13692
9594
0
23528
8011
17149
17310
9914
14889
0
11164
28569
8196
11353
2719
27382
26763
1103
23471
14574
23107
1103
25872
786
24332
2923
22916
573
6586
0
12623
20956
9422
0
3425
28391
29423
28470
0
20151
25961
6905
5553
0
3626
10482
12943
29998
721
22803
0
27287
3501
2429
17421
15315
23909
19698
0
4950
11835
0
27635
23918
23795
17561
22484
0
11827
0
14333
12902
8603
17570
17240
7172
24535
16860
0
15135
4864
25906
3905
2732
27598
16758
25119
9913
13315
4209
10335
15192
2779
7918
5199
0
18561
0
21344
25821
25488
1241
6967
3547
0
25953
10180
20779
4115
1426
23144
28172
25876
10622
0
0
17974
8117
4507
14656
24271
28415
16558
0
17377
0
9881
5931
2650
0
0
0
0
28137
29231
16202
21528
0
16416
6045
2379
0
16067
0
19917
0
0
17891
0
18876
0
5470
8309
4342
23983
17196
0
29580
25498
18398
21456
14427
25917
2591
22519
27388
22086
0
17747
7471
13247
0
4643
10343
14020
4791
4396
9154
4605
14313
10940
25669
10033
5109
16281
766
2209
27366
15986
1979
23857
6027
21274
22584
17966
2330
10262
0
0
17711
0
27123
0
29308
2120
585
0
1414
0
2374
20255
13069
6896
7678
12347
26432
0
21057
10697
2654
15679
15687
0
24981
0
27623
0
8398
12374
0
11621
3742
14229
0
12456
13051
5896
0
15953
2522
16468
0
3515
8765
14400
12945
25354
24832
11621
16199
0
9857
22905
3783
20414
8649
17043
23843
5158
18254
0
0
10967
11275
20548
28508
5706
15660
5868
27811
6182
20141
23147
0
29544
12177
10695
29068
5130
29420
20499
27199
0
20550
23508
10543
19972
27493
24753
0
6157
2864
1574
28281
5693
20903
0
0
5009
12785
15735
23292
11794
8768
24560
12741
16247
24278
22249
9668
8208
17929
17557
9642
1474
29939
17082
7973
3489
11056
29078
18488
926
17029
13213
4709
29017
19962
19588
18970
3178
0
0
21829
0
8796
0
29838
2436
22607
20012
6878
7374
4412
25455
25033
22082
19471
28456
25419
29035
22583
0
0
0
0
26854
1858
16213
26106
3390
18287
19742
20053
2478
18659
21629
0
11615
25073
25145
2582
7507
8445
11478
0
3059
0
0
9852
9757
12145
5823
0
11675
15051
7456
26817
1726
25520
24324
5999
0
11658
6750
0
0
0
0
29747
23154
4802
19602
0
0
14814
3907
0
11044
29325
27556
18275
4767
15617
0
22183
28110
3158
0
1926
6024
29339
0
8744
0
0
17497
24552
326
15452
20882
13415
16823
17781
0
13687
20659
1132
19076
0
20025
4303
18425
22284
8142
19032
4575
21421
0
0
17541
0
27418
10799
15042
0
10634
0
23656
24600
12447
0
1497
8044
7257
28064
15092
0
8940
24305
8055
14727
10983
27050
28730
15381
9253
29384
22928
0
797
0
8973
24521
24715
4857
14746
19107
22598
18622
25168
14438
29669
3347
23984
8458
28424
0
0
15759
0
24348
0
29015
20674
16901
28034
27242
21291
0
0
26270
7335
3810
9798
20457
10315
20065
7287
3102
26434
6098
25912
0
13974
25785
15226
23697
279
112
19537
5172
27016
12908
28094
16696
1097
22230
14869
21000
21278
7023
11792
13159
16737
13727
5103
2887
17922
27669
22148
17304
14837
0
0
8589
20399
19170
11310
0
14253
14979
4774
10604
29803
0
29669
0
2192
2737
5061
26879
13964
13878
8527
22178
22434
25081
15461
27495
28985
4303
14957
14312
25762
852
23237
20892
0
0
0
0
5618
20486
7994
17561
24035
10376
26276
14870
5778
23077
12925
24391
0
10925
0
8547
4176
27129
10085
21487
16674
9569
29645
0
8965
25728
23086
21941
9337
11789
25252
0
2881
17038
5680
19669
9186
28814
4557
22803
6233
0
0
6362
13761
5074
18048
19464
22179
23966
0
12097
10941
0
1838
17831
0
2013
7601
2067
29463
13042
25038
5046
16799
6110
19660
1049
15853
22361
0
22932
0
0
26310
10763
4199
0
0
24412
2209
20802
9726
4056
11173
16587
5483
0
4879
18980
1085
0
806
29091
0
2369
22509
10166
22607
28002
25912
20802
0
0
612
17969
0
25629
18353
18765
22757
3392
0
17626
28677
453
16208
25798
9399
9441
0
0
7889
25431
5872
0
16970
19382
9744
24863
1634
24268
22128
0
25710
29466
24596
2190
9760
0
27729
15501
0
13089
3754
12509
0
22918
14710
2599
20890
0
0
13537
25530
17831
15699
1296
18241
18600
18297
9433
7027
16169
0
19804
25097
5885
4669
0
12628
5745
0
2876
17773
0
16309
0
0
24935
0
0
27457
17196
0
0
29651
9481
27349
0
24932
19878
4265
20855
9623
2456
7170
23164
17842
13750
27865
4904
22552
24709
15440
17661
25040
133
6539
27375
1886
0
20463
14294
15064
23196
3034
354
7133
11440
25038
0
10143
1110
6819
0
0
7966
9148
26215
13132
23112
0
12884
25456
0
14373
0
0
177
26602
3159
0
10168
23769
0
3587
9266
1482
6298
0
13857
1049
20252
0
5618
21572
22390
21356
17329
0
5507
0
21291
3828
0
0
17616
9301
24190
10610
9991
3082
13966
3577
29246
4050
29287
0
24358
26111
16925
27151
0
29257
0
28714
0
0
0
25207
28531
6243
5369
1203
27316
0
0
26200
2116
29058
9955
12979
10911
5680
0
27325
17673
7470
15559
10152
7944
9286
0
0
29187
20413
13997
19574
3727
0
19663
10311
13835
18421
0
0
26007
14534
16896
120
7572
0
3489
15455
0
0
9536
1183
2054
7948
22712
17058
0
21664
2849
10858
0
7424
24512
21381
2738
21105
20574
17677
0
28737
28088
0
20661
0
18133
17262
0
0
0
27647
14434
20629
25186
9272
3489
8587
3470
20851
7590
14431
0
22284
0
0
20844
3865
2081
20016
20988
24611
12442
22805
5886
22626
0
10067
4820
8547
17925
28778
6619
4323
12314
0
20472
879
5878
0
25773
1726
23155
4189
22949
13426
22093
4796
24347
18032
0
17874
16313
26575
4577
10898
16719
1908
0
5516
0
4431
11727
6234
8328
21566
9418
26894
13578
5142
11759
8472
13196
9940
8991
0
25472
13164
2513
24532
22891
12422
0
3528
26698
25587
8573
10351
27457
21011
17273
3269
27907
0
21488
26448
17279
0
18679
13954
13915
4370
9782
21986
26617
0
11266
29937
6068
21483
22473
12605
19645
577
3542
8738
6981
20533
20193
11934
6027
23690
10082
2549
20306
3089
86
29416
10240
18603
19288
2356
7588
13715
2507
1143
679
22349
10882
27455
22715
23987
16731
15660
26835
1991
0
12616
0
26260
21761
0
5717
2502
25217
1791
1601
19107
0
27815
1171
0
2025
6765
21865
140
10112
1314
27605
16548
26354
0
20103
12178
13168
14650
16773
14487
8320
4627
3017
29088
7722
0
13050
19355
0
16355
15447
12377
15913
22660
9982
9008
24048
0
4088
7067
18896
19670
18469
4081
19381
0
13874
0
13713
14270
11983
15298
14910
6608
0
0
24875
15577
1974
11030
13431
8071
0
22103
7357
562
28084
84
6856
16414
9070
20470
3193
7363
376
15099
0
5931
0
5929
10083
18856
5033
10517
23480
24966
21417
3030
28542
2595
24146
22467
20683
0
16040
10286
2632
2871
0
284
0
133
22958
0
6855
0
339
18314
22979
827
0
6625
4980
0
6047
1949
12471
23170
26656
21555
10960
28586
26572
20498
1963
26783
23061
28483
22263
24750
14784
23469
1292
5616
8321
25663
770
24589
20018
14144
21765
22243
4334
15475
27411
8777
28049
0
11958
12645
4569
15677
2037
439
0
15985
4224
20737
402
19645
3031
23981
2113
13465
10377
0
10608
0
28133
14959
20276
7806
11050
26236
16583
14472
12681
13353
15206
296
17618
20936
28607
22037
4845
25302
14679
17675
22325
14790
22098
15751
10387
15817
24322
17748
7707
5894
0
21304
10341
21078
0
4050
4333
15155
18204
10084
13610
0
16655
1206
21358
11239
1502
9733
9360
19612
1072
0
13175
0
24025
0
23538
5700
13563
7442
0
15780
3956
22968
11297
0
20196
20474
25667
9303
3781
0
24905
16834
10794
29990
14630
11200
1754
16200
5679
23822
592
20041
24198
17756
7103
21389
17011
27780
11743
21445
20719
19879
23297
26574
17403
0
4689
1021
0
15803
0
12298
4774
20937
19889
4146
12772
0
3936
17988
22395
17121
25280
4826
23637
2614
10804
5057
6965
23789
28224
17961
25530
3105
7498
20961
2344
0
19218
15201
25229
26367
18555
29078
15415
25104
5524
3693
23385
4997
17170
0
308
21821
25748
27504
26915
14288
21302
12806
8020
26790
11570
0
26675
0
22780
16519
3670
23949
20897
19546
1805
994
6785
28098
25587
7740
24715
25033
3560
0
1262
27419
0
26238
3565
6952
17609
16525
8864
22820
0
10785
15520
0
0
29263
24467
5934
25639
22469
13817
12310
5477
23448
3753
15990
19947
11521
23889
13871
0
27452
3977
17871
27718
26305
5974
19995
8400
20906
19501
29131
21172
15586
0
4854
278
19671
25159
2442
23128
7077
27308
23057
1182
0
11354
12244
12726
10580
26910
24349
22603
0
5430
21098
27464
20142
27683
28828
7462
1964
9601
21538
15710
26770
26449
29394
21048
4882
7708
0
23175
407
0
12241
22790
22327
8275
14966
24737
16985
25124
23539
9829
1911
17611
8089
12779
26515
20481
0
3327
25050
0
26372
12418
5296
2799
8888
4774
24870
8719
13303
19777
17625
660
10740
17385
29682
7680
14718
11377
24720
26434
2055
14999
8986
18494
0
20547
3089
28756
22340
9250
15042
5659
22293
11110
8890
4904
3352
5895
21085
12277
2344
20189
22123
13216
22528
12208
20114
27868
29726
15231
19425
0
0
6779
0
9575
6544
25493
25352
5386
11079
10846
20713
12930
20509
17872
24497
8118
0
29353
22987
1252
23620
4553
29224
480
18460
25404
3599
12806
18961
11432
27786
24817
10685
29613
0
14824
20050
27407
21051
14215
23797
27686
27227
9101
11214
18514
13865
194
20468
26759
11704
0
6127
11682
4289
0
2919
0
26185
4443
4285
3129
24405
13831
21542
28595
14244
0
23886
14999
0
14598
8370
5020
1059
24073
20280
28261
5494
28870
3494
29368
20263
17937
27122
212
8911
24315
13581
28463
24728
26044
24388
1493
12922
8700
21265
0
2707
3009
0
13861
20494
15795
28704
26783
0
0
17147
9834
10
14035
22922
0
26404
11469
13102
20210
25714
12830
12091
0
9973
4561
10933
2418
24157
2476
0
27795
0
0
12699
527
11541
14132
6241
12397
197
28126
23444
6982
0
7737
2370
16105
8218
4759
19945
9808
0
3671
28119
21333
16200
18344
24011
29049
23542
3419
24741
18650
26118
23117
15677
24311
23136
8384
1606
24577
14877
0
13936
0
25224
0
5733
1447
5235
2742
8375
17802
15946
25938
26665
9472
27248
27034
2542
20304
15913
19034
0
28721
19565
0
15555
12322
166
14578
14698
25598
10633
7209
0
9741
4668
19837
9623
21646
18463
7575
29298
6150
29188
0
14072
12175
24178
29209
12924
28084
2704
3395
16431
23974
11362
22215
676
4740
5926
4387
19471
15976
27764
0
19320
2685
28813
28508
10643
9951
17916
15911
6460
1192
0
4062
29320
29377
2918
7644
0
23037
0
29682
27434
13139
14623
28176
1726
25091
15935
18933
16484
21135
12079
27010
23817
5207
7388
23615
5727
10538
12572
0
7212
28211
20500
20984
21513
28396
22016
15897
22337
4339
5254
23835
16057
535
25908
0
12618
5581
27304
3060
21789
29039
13723
24973
11610
13666
4451
4565
13454
25486
608
26604
8216
2782
19571
13738
16955
24048
0
18024
10293
2972
3645
7543
5914
16123
23635
14111
23186
14436
26635
27589
20537
16466
23153
10924
14716
10280
22459
12334
29995
1191
17712
2727
24812
25680
14152
21466
26964
21470
24289
9558
0
19660
15806
7663
16423
4090
1303
0
3181
9845
0
13146
9732
0
1592
28655
23190
15759
20763
7890
5231
4426
8378
11555
11464
0
21508
24380
386
2649
26127
3529
3627
0
22305
12426
16602
23450
965
13788
2746
3166
16936
13109
13512
15793
7837
18085
18501
29393
5462
0
10491
0
13753
19044
26237
29239
28576
22102
13636
1623
0
373
15064
23960
21996
1271
10596
0
26467
8730
9816
5153
0
25348
21531
0
26947
1858
15580
18828
3681
0
29982
3950
3427
0
17884
6020
9744
6693
13036
15131
21553
13975
0
26462
7153
4571
25906
22087
19031
18154
354
908
6650
10398
15204
12044
24637
5829
11644
13262
29632
14071
28937
0
7733
21770
26074
12839
10236
18418
10599
0
18560
3519
1821
22095
1193
24672
6253
0
9350
1658
13754
16363
2835
13630
15713
15632
8065
10438
25785
9576
2337
28353
10323
15776
2431
16548
27511
22401
29789
9021
9363
20606
20141
18043
14583
9989
2007
840
0
25967
3278
5380
17349
20408
3624
26778
16495
13796
26303
29236
20387
16664
11786
5744
11693
28180
17782
27047
7016
23250
21908
2598
11919
0
7249
714
12648
17738
16708
21007
6263
16083
2034
6473
0
13024
29826
29834
9803
877
9075
7883
6472
8993
25841
26429
16968
11234
18917
15616
13862
11358
10221
18615
7240
2212
21233
9728
4588
1050
26564
27788
10970
14659
23611
19962
12472
25472
5196
22192
26567
2697
29009
83
12202
1514
4071
10454
14523
21262
0
22416
25347
5410
19056
12574
654
18330
20904
0
14134
17406
24175
14742
10935
22554
6477
15664
11227
4561
17897
23589
19923
19395
2420
27267
14497
21177
15261
689
4101
14215
3201
3492
5770
0
17771
6016
28952
28456
22732
10631
24493
18830
10872
28826
20538
10782
26123
8760
15371
675
23705
3003
24436
16354
7734
29852
25948
18935
22966
13617
6175
7375
17448
10310
8907
15100
3733
15564
16876
14131
0
847
25084
2074
9390
13414
19903
9712
24769
23598
11347
26445
1518
29906
0
1007
22241
9904
0
14965
25096
20577
10902
16020
7805
6665
9930
25342
7708
29138
13636
1083
21788
10588
0
1217
18760
13241
24292
3578
20374
16707
19549
2237
0
19659
22648
1288
10105
3555
22021
12657
17133
29410
0
5517
22275
25381
7394
24485
14664
10018
8782
19967
9284
28514
17548
26731
5934
19130
24262
16177
15283
16641
8694
13317
27457
11155
15901
17571
9672
0
13824
17043
5078
23026
15825
12298
1197
23038
23085
1215
14268
0
16874
29109
25198
10178
11876
5580
6749
54
6213
21223
11487
13889
16578
1107
27471
27355
3402
7321
0
18030
0
14227
6440
9292
12040
21884
3259
10891
27363
0
20232
7768
28279
4614
23615
7233
24069
0
9865
9995
6657
26514
20926
7264
15178
14151
27799
1988
22433
0
17675
21241
26666
22603
28869
6641
28502
28504
0
16354
0
8997
2739
16531
8589
1307
23176
3200
7700
9127
3620
13335
19774
4842
1467
27058
2517
22791
20609
16837
28718
4262
24767
52
703
14626
3889
27576
7819
12990
5775
910
0
8650
12793
15120
5861
11119
21736
26487
10384
6324
10607
18635
24522
25552
16881
26322
361
449
11629
10860
9804
18771
1403
20616
19619
27040
16838
13669
9236
0
7196
2579
18033
23133
8969
5226
24902
13384
14041
6181
12444
2088
5122
21774
4058
11560
27401
7408
4579
11842
14463
28798
20343
6355
9426
0
15428
7982
28248
24223
9258
18308
15637
25773
8242
12480
18466
29558
20533
5949
4015
5609
12370
5400
19857
284
12279
25560
0
23227
15067
27079
25321
28241
0
21186
198
9502
0
19595
25555
14298
24916
25209
27466
0
24459
2487
21737
9267
21719
22978
10369
18492
6685
16556
8572
20490
22557
5600
23365
7091
2713
25778
8568
8317
8451
2399
5614
27411
0
20298
0
19854
0
549
14575
4306
12640
19205
25805
10249
6994
6961
16912
4895
4509
27917
783
0
2834
1628
25273
4190
1258
4488
20407
14242
10840
16256
21955
16503
11286
20334
10231
16012
26965
14018
10956
19188
12084
11939
11479
12713
8888
8304
24934
29428
4044
0
26463
15538
5606
0
12143
2542
6828
11130
109
10335
2494
20176
22583
0
10701
2205
19410
6620
10426
18425
4362
6218
9463
21672
5647
13595
21094
3424
8256
29296
104
8923
24990
13409
27508
13539
26212
11464
27331
10800
23731
24262
29709
28374
28995
22777
5394
29076
28267
21439
9851
12601
12416
0
1540
2468
18805
14297
746
28183
6607
14943
21153
12796
3505
23452
4310
11917
10477
6638
2741
15252
13311
22451
19013
24193
8800
27367
27911
15286
15658
15599
27725
8998
2596
1624
15194
12255
13670
26373
24111
870
16426
13183
25330
14437
3006
12947
9947
23290
15306
10574
5399
2987
1208
5078
22670
1918
28675
27721
0
28776
25798
0
2239
3918
23402
15659
5085
6561
9392
8759
2445
29091
23157
404
15021
26899
9445
27110
20088
19019
1644
10981
20630
14442
0
29805
0
5922
13539
3915
14150
19229
21124
16881
3566
11751
25007
673
22914
1704
20624
18161
3603
26701
27896
21330
24290
0
10083
7956
27835
22564
2310
11411
23337
7790
24863
0
19520
6356
14797
10710
20381
2128
13089
15138
13770
24644
2780
26427
23210
13968
27342
24163
13271
213
3542
14383
583
16503
9942
28445
2447
5683
1511
442
24908
14988
10847
15531
13561
13079
26628
3534
24690
29329
14304
11945
18680
6128
14359
10668
26068
10882
12004
14034
19428
24178
12415
29336
0
12526
1816
17535
7290
11435
15615
28441
20527
23538
24717
4926
10128
13325
21208
12434
16197
9013
26506
15977
5965
14893
14782
25107
17743
9259
17243
17086
4889
11930
6385
26709
15729
2339
16905
6949
14029
22943
8861
9690
22164
21281
29357
5071
6530
3870
10631
5159
22111
15065
17034
2701
17459
15433
22193
23713
16769
14260
12935
22175
21620
16660
140
8012
23167
14422
2613
9944
14853
3857
26864
6943
9993
15616
3957
7806
4297
17330
6849
16776
27856
14174
16255
3587
11446
2455
8885
18758
14994
22501
10688
29207
17581
3584
18979
12974
2978
10220
23516
7798
7613
12977
14032
5290
3422
8736
1553
9424
13997
7614
13446
28123
28077
25235
1962
15972
1150
11708
8640
10688
3643
257
18079
6299
11199
26165
25637
9073
8618
14119
23744
18627
28017
1314
20737
4822
23475
16295
29675
23176
23766
27618
1522
21104
10613
6928
24660
11853
10516
10740
4455
10718
16927
20963
14020
19328
9646
8439
12727
21506
10643
24568
6563
15423
26628
12145
0
16614
27881
20778
5650
21324
14145
14950
27579
28603
28062
25301
11157
18319
838
24830
20408
11066
7219
9564
9996
7798
10501
17566
27053
11511
4251
9407
18313
29444
18114
25837
6219
17533
21557
21706
21557
20763
16259
26869
4764
3443
7047
14717
5465
14828
4748
9231
23966
17470
20153
14875
25312
19705
22193
24749
20129
17412
5497
17411
8190
24068
20819
12198
21609
10170
19526
6672
0
2328
26401
16747
25628
23737
16620
16927
25038
26203
703
25242
25709
933
6454
17060
15124
28986
25484
5130
10698
23423
17828
1879
28697
12126
8860
22083
8570
10933
0
9552
22169
14902
18349
12274
4652
25102
7767
26441
2209
7777
26867
3274
9042
23800
4291
19232
6143
14042
21004
23533
475
5962
18453
22770
8813
7732
1197
873
19891
25182
12785
7729
21316
9662
8283
26357
16755
21380
18141
13044
0
8071
3693
22824
881
23558
14530
6890
25825
24534
4839
17479
6760
13758
16588
4815
6719
6525
13971
29390
25526
3719
19141
14259
12321
20514
19735
4483
5758
338
13043
29595
14190
10100
12957
23810
12164
23336
19968
4519
6442
17518
1214
25061
9988
27936
6994
1204
4081
417
3226
18122
14122
6457
18432
22779
6615
28507
8054
18018
5578
10161
