0
173
386
105
0
199
192
0
0
0
0
256
340
0
453
377
248
0
0
0
328
27
250
5
421
487
0
382
0
0
0
0
0
0
415
234
0
141
0
409
492
0
97
0
0
0
5
0
212
0
0
0
42
458
409
391
0
0
51
0
219
47
137
0
134
213
0
83
201
0
26
239
0
472
456
394
182
0
149
0
0
11
487
150
32
0
0
0
444
334
0
19
367
459
284
115
62
0
409
422
352
0
471
0
0
63
340
89
207
0
0
66
400
436
222
183
181
53
336
101
176
254
20
116
410
482
117
51
466
468
210
489
360
0
128
0
326
0
366
0
42
0
415
48
62
229
261
216
484
0
151
129
20
240
144
360
288
215
413
208
178
487
300
322
477
58
98
379
403
178
286
