206
0
0
0
0
595
0
1389
0
1173
0
0
0
1525
0
0
424
0
0
0
0
1228
0
1131
1926
0
0
0
1545
1216
424
0
0
1505
454
0
1342
1771
0
0
637
0
0
0
0
0
0
0
0
0
1368
0
0
1306
0
882
0
937
189
0
0
0
922
0
0
690
0
0
1808
944
957
0
0
0
0
0
0
152
0
0
0
924
0
0
0
319
782
0
1102
0
0
1336
0
706
0
0
113
1303
0
1551
0
0
508
690
1066
0
0
0
0
203
0
743
0
0
686
1872
1129
153
0
0
0
0
514
0
167
0
616
0
1367
1013
38
0
0
0
205
0
692
0
442
1481
0
0
1168
1913
592
534
0
0
1151
0
187
0
0
676
0
1162
0
0
0
140
1453
0
779
0
1467
0
187
0
0
0
0
721
1552
0
198
0
1440
458
0
1108
413
0
0
1534
122
1313
0
1950
1958
126
0
0
1003
1788
0
755
0
0
0
0
1215
0
437
188
0
0
0
333
0
1438
100
0
1498
123
1474
1091
677
0
790
910
1228
986
0
0
514
0
226
0
0
0
0
1408
0
1585
1119
1932
1454
963
1772
0
0
1504
0
1064
0
1364
1053
1797
0
597
752
0
989
715
1684
0
986
0
0
0
0
1316
0
1027
0
0
880
1211
153
0
1443
0
0
445
1645
58
1351
1872
0
232
984
861
910
0
0
2000
0
95
756
0
0
1110
336
325
246
0
328
0
1548
1659
1847
0
1743
787
160
0
1635
0
0
779
413
191
0
1265
473
1897
957
835
1152
0
366
0
386
0
1201
1337
0
0
1862
0
0
1946
0
0
0
1087
587
1688
1298
623
46
1144
1470
0
360
1031
1133
412
1082
1644
714
0
0
1408
485
1448
0
0
1366
750
797
82
1303
749
377
1947
1056
1695
0
1766
0
975
1694
1944
6
355
1842
1140
1660
485
14
69
1779
1810
0
1945
1084
750
1061
1148
1647
925
14
690
0
1115
0
0
1508
1366
0
1043
1583
0
1435
0
368
1338
1481
0
1604
916
6
1800
1009
0
226
0
0
0
1642
1787
0
580
1066
44
0
1577
0
1820
1144
271
0
274
1829
862
857
960
1383
268
100
1005
18
588
428
1191
0
0
1029
0
0
1842
0
1007
83
0
1645
1615
49
1019
1447
196
0
690
677
1133
1520
439
889
1995
1945
904
1262
149
0
595
1724
1817
542
1585
661
1440
1651
434
406
1082
1144
840
1947
155
155
1485
302
1705
186
1846
0
943
1048
0
1850
20
1913
1164
69
588
502
1763
901
1105
1299
1266
1656
1738
609
1013
1172
0
1857
205
700
1305
1641
876
0
1558
1742
0
1493
175
1290
0
1689
1463
505
480
414
791
157
462
1647
1755
622
0
1524
515
1514
356
1558
161
1678
1431
609
1389
1691
387
1354
650
845
504
512
1110
1713
1502
0
226
675
0
983
657
1128
440
156
283
1437
1289
713
485
1569
781
1143
1410
1702
452
712
422
1287
219
259
1519
674
1444
1466
575
1721
810
1951
699
989
687
751
778
1924
1647
1849
417
1424
1110
475
790
57
84
530
232
1016
31
268
1448
1431
1733
1511
426
198
1398
1033
775
556
429
1877
338
1481
1138
165
1113
1989
430
1661
1569
616
1032
1569
1111
1651
1700
675
1811
1120
476
121
1983
780
1920
33
903
219
1858
245
186
1555
361
566
1352
