4858
3193
0
0
0
0
4366
0
0
0
0
0
723
0
1855
0
0
4996
813
0
530
1484
0
0
563
4524
0
0
4679
2818
0
0
3276
0
0
0
0
0
1752
4663
0
4433
0
0
0
0
0
3032
233
23
0
0
0
0
4152
0
0
1358
0
0
0
0
4518
0
0
0
0
0
0
1101
0
1289
3907
4273
3151
0
3744
992
0
0
1034
0
0
4316
0
0
0
4870
0
0
1866
4061
3404
0
0
0
0
0
0
1563
0
3783
0
0
0
4207
0
0
2858
361
170
0
4317
4039
3522
0
4726
0
1466
4907
0
328
0
4598
0
0
4819
0
0
0
0
0
0
3547
0
0
4493
0
0
0
4181
0
2680
0
0
2507
0
0
0
0
0
0
4091
0
3885
0
3795
0
0
1202
4086
0
0
0
0
3721
3336
0
2796
0
0
0
0
4911
0
0
0
0
0
0
0
0
4806
777
4834
0
0
3841
2629
2623
0
2247
0
650
222
0
0
0
2913
2382
4978
0
0
0
3633
0
0
0
0
0
4591
1483
0
0
0
1283
0
0
423
4894
343
0
1222
4938
0
0
0
793
1441
3783
1531
3769
0
3219
0
0
0
0
670
4098
0
4565
0
0
0
0
0
0
0
1685
0
201
2235
0
0
0
4134
0
1218
0
0
0
0
0
0
0
3276
0
0
0
1921
0
0
757
0
0
3380
353
394
0
0
0
0
426
3099
2574
0
0
2186
2295
0
0
1931
0
0
3432
0
3432
454
3317
0
1252
0
1220
0
0
2274
0
372
0
1481
0
0
0
2850
0
4518
0
0
0
0
0
0
3588
3094
2901
0
0
1598
0
0
0
0
2155
4695
0
3929
0
2542
0
0
3366
0
125
58
0
0
1901
0
399
549
3734
0
0
0
777
0
0
159
0
1923
3137
0
2213
244
4418
0
1793
0
1623
3336
0
3482
0
1751
3682
4679
3299
3572
0
3523
4771
2235
0
1721
4883
2473
4181
254
4693
2507
943
0
2641
0
4039
317
0
0
0
1695
3778
0
0
0
3761
549
3903
1743
0
3123
0
0
1586
2176
3082
1505
2565
0
3251
0
3488
0
0
0
1333
0
3089
2138
0
0
2700
0
0
0
0
0
0
1007
582
1325
0
1689
91
0
0
0
0
0
0
3424
3581
0
0
0
0
4370
0
2984
2877
4923
0
4240
1541
0
0
3184
0
0
3915
3540
4531
255
0
0
0
0
0
447
3285
2832
0
3749
0
0
4726
0
0
0
0
2739
4303
3792
0
0
1128
0
1055
3295
1330
876
1443
0
4692
0
624
3513
1042
0
0
3
0
888
0
0
494
4332
0
3635
2616
3449
913
0
0
2032
0
0
474
3920
0
0
0
2482
0
641
0
2308
4604
1752
394
1855
0
0
0
248
0
4029
1773
2935
4234
0
4096
0
0
4693
1496
2278
3216
0
4550
0
0
3272
2857
0
3589
2877
1918
2826
0
0
3659
0
0
214
0
0
1224
3675
1662
3980
4777
3648
1531
0
1333
0
572
0
2650
1860
0
0
1307
4921
3754
1377
0
3773
67
3675
26
3452
3212
0
2259
1588
327
4598
0
1298
3776
2145
0
3087
2132
110
327
2512
2204
0
0
0
0
0
1312
0
0
0
3481
2641
1742
0
964
0
4804
0
4584
493
3158
0
775
0
245
2204
0
303
0
0
1334
0
4202
747
0
0
3060
0
0
2516
3964
228
1018
879
2825
0
2150
0
2936
0
0
2186
3078
0
2992
4192
3210
4707
0
3558
2495
2472
0
996
0
0
2327
0
4824
1350
3085
0
0
0
2953
416
2110
4070
2972
2706
0
0
320
0
0
0
0
4450
4273
0
0
0
938
2769
146
845
3601
4081
1657
0
4922
1065
0
431
3340
3890
3695
1649
0
0
1373
0
4338
2858
0
1048
0
3832
3959
2176
0
0
0
4861
2816
4945
1076
0
0
2083
2409
4687
3295
1036
4070
241
4423
1293
0
3500
3544
0
4710
0
0
4737
2257
290
2304
1282
1448
2517
4794
0
0
3542
4550
0
0
1245
2951
2506
808
0
0
0
0
783
0
4191
927
3068
3161
0
2701
0
4465
761
343
0
1262
0
4117
0
0
0
3752
2254
551
2653
3510
1520
4484
809
0
0
1829
3760
2828
0
2420
3410
1784
0
1693
3468
657
571
4242
1577
0
2678
1376
3921
0
2403
4059
2610
1024
3027
0
3450
3573
3037
0
0
0
2948
0
0
0
0
3023
3599
679
0
766
0
0
2440
0
0
4443
2887
4838
1282
341
203
2197
3835
3471
0
113
2231
4163
1440
4088
3119
657
0
930
1622
0
0
4493
0
505
4659
1006
0
0
0
0
3967
4048
917
3288
146
4509
0
361
1172
40
0
3466
0
3790
0
4244
3987
2017
1625
1500
1730
1580
4233
1312
4996
567
2380
0
2750
1082
3623
2134
2882
1626
0
2535
3572
4625
4568
3872
962
4383
0
0
4323
0
2900
2243
0
0
4397
5
0
3502
974
4135
0
0
885
3001
0
3871
0
4470
0
0
4364
3184
1507
181
0
2236
291
4821
0
0
228
2479
0
617
0
227
3478
1730
987
1776
1293
1969
0
0
0
1091
128
0
3613
2778
4122
0
227
856
1220
1465
0
1474
1115
2161
4819
665
4639
1713
0
108
0
3281
0
0
3528
0
0
0
0
3411
0
3232
3382
0
4054
3812
0
0
0
0
2149
1557
4241
0
1872
4243
3341
2506
754
2122
1507
2085
33
3081
2404
2174
3774
77
0
1105
3325
737
1987
3938
1917
3093
4209
228
4167
4440
0
4198
2119
3350
3234
0
5000
0
1418
3069
3517
2290
4360
1527
1806
3205
3070
1081
4884
1495
3983
23
3539
669
2637
649
559
4431
0
4442
2186
0
2944
3996
0
0
4963
4437
1906
0
3822
0
0
504
3178
1190
789
2538
1371
1577
573
0
3607
0
1647
2760
0
4460
1264
1405
2634
2920
0
1108
866
2421
1519
0
3328
1992
3052
2652
4335
102
0
428
2176
1761
2110
3107
0
2615
3231
0
0
4961
3756
4018
4016
2155
1797
3903
4628
4235
102
0
3769
1995
131
2623
3102
0
2296
889
2091
203
0
0
2523
4800
0
4360
0
3764
4165
3413
302
2013
471
0
2186
4685
441
0
1327
0
3193
395
3323
1975
2837
418
0
2405
4224
1299
538
0
2251
0
1079
3001
4125
1531
1982
591
1523
2158
2915
0
2647
3582
0
2218
4221
0
0
857
1026
2348
1120
2605
2873
3260
1229
0
378
768
4272
1560
0
4776
0
1732
4777
2848
3891
3325
3597
823
4915
4997
0
1524
0
361
954
753
3427
3680
2149
62
4486
840
1562
3254
107
2623
3075
3714
1366
1427
0
1267
2037
2500
0
1934
3835
96
445
3744
3999
1798
2017
3812
2896
3309
163
1740
0
1247
0
0
4744
4224
1692
766
4823
3045
3728
513
3749
4778
3698
1632
422
4906
3683
3784
4570
2221
4873
4372
2374
704
1993
0
2602
2321
0
3724
4771
4241
3661
4321
861
4809
2130
2025
0
3340
3178
2022
0
172
1613
636
335
1956
695
3794
0
1761
1423
2991
3680
2544
0
1260
390
1471
2762
0
3183
1856
2176
3754
4390
4006
1033
3942
0
950
0
871
2004
4331
2785
2960
3354
3065
2617
4695
33
655
1442
4876
883
3497
987
1737
0
14
4856
0
3527
1881
873
0
1652
4165
1223
2993
1993
4464
0
2132
191
0
2078
3886
2987
2827
2899
0
0
0
16
4362
2414
1561
2774
513
448
3942
2199
236
3166
2926
3625
476
2838
130
4802
3929
2703
277
4830
165
87
4702
2250
964
3423
3546
2382
2856
2281
2263
4762
0
2312
0
4267
3384
3558
1986
3659
3299
3311
3320
1938
2242
4925
3342
348
1582
2715
2922
642
3748
3986
2604
3854
2622
940
1349
3684
708
2233
350
909
4986
4821
351
2686
151
4088
2533
3357
3286
511
3522
2858
2423
0
2922
2817
5
3393
0
3419
3835
806
1024
3022
285
0
2463
4354
2439
67
4011
4327
2649
2852
4881
2325
72
4496
3807
2833
4378
2741
448
1923
4926
3570
193
4414
587
4358
96
4452
3915
1239
3191
1187
3796
3094
1633
636
181
2695
621
4589
721
1716
97
4349
4576
1226
0
3835
715
4674
1337
4410
2065
3397
2678
637
503
4918
1775
856
4239
559
2152
3080
2532
3787
2777
1115
1076
1944
3497
523
40
2481
4583
1261
1710
3016
4439
4974
1820
4532
3356
131
3277
3304
1975
546
4970
799
1201
2236
1951
378
4121
942
4131
1632
3781
3087
4638
4706
643
429
1053
2585
396
346
3564
3058
3993
4909
2937
4974
1727
2538
1357
814
4137
4108
4704
205
3381
3282
4569
4722
4507
2759
1658
3620
3400
2313
4941
3608
1316
1599
1072
1460
2520
1616
4576
1520
1877
4493
2456
1639
1938
4850
1851
2077
3017
1676
4924
726
1463
4534
975
707
783
227
2832
531
