936
1550
0
0
4420
3403
0
0
1522
0
0
3371
1574
0
0
0
2236
0
0
0
0
0
4933
0
0
0
0
0
0
0
0
713
0
0
0
0
4812
0
2044
2040
0
0
0
0
0
0
1757
0
0
0
0
2565
860
0
3161
2113
0
0
0
3967
0
698
0
0
2742
0
862
3072
1700
3877
0
4276
2192
0
0
0
1343
0
289
977
424
0
652
0
0
0
0
91
1684
3337
0
0
93
3556
0
1772
0
4962
3915
0
4105
0
0
0
3279
3786
2256
0
0
1168
0
3141
0
0
0
0
2532
4982
1682
0
0
0
0
3982
0
0
2186
0
0
0
0
3647
0
0
0
2267
0
0
0
4252
0
0
4573
4183
0
2076
698
0
3789
0
0
0
3273
0
456
4818
0
0
0
0
0
0
4453
0
0
0
0
0
0
0
0
3466
0
0
3560
4192
2156
3521
0
762
456
3015
3407
0
0
0
2077
4539
0
0
1619
0
4139
0
0
0
0
4035
0
1323
0
0
0
0
4033
2881
0
4685
0
0
1125
0
0
3478
0
0
0
0
0
2801
1848
1373
0
0
1348
0
0
4746
0
623
2166
0
4229
4882
0
0
0
1590
0
1766
0
637
0
156
3046
0
2277
0
959
0
754
0
0
3138
0
0
0
0
0
0
0
3149
0
0
0
864
0
1900
0
0
1796
770
1708
0
4062
0
0
0
1253
0
0
2910
0
2373
0
0
0
0
0
0
4351
0
4455
0
0
0
0
1828
0
0
1840
0
3314
0
4780
0
0
4921
0
4024
0
635
0
0
4120
0
0
0
84
0
0
4212
2248
3782
2667
0
1759
0
0
0
0
0
0
0
0
3182
3462
4029
0
0
2565
0
1339
0
0
4837
0
0
1447
0
0
0
0
0
187
3907
1536
654
2865
0
3783
0
2702
0
2660
4351
0
0
3412
0
0
0
0
0
0
0
0
819
4750
1296
3817
2217
984
0
0
4835
552
0
0
0
961
3580
0
4741
641
255
0
1124
0
642
372
0
2169
0
0
2868
3666
0
4907
1361
3468
0
2032
4208
0
0
0
0
0
0
0
328
0
0
0
0
3967
0
1260
4217
0
0
0
1373
4071
2662
3882
1630
0
2186
2532
2655
3809
0
0
1250
0
0
0
4147
0
0
4609
0
2744
0
337
173
3654
0
3634
0
0
1074
4700
3305
4490
0
2883
2852
0
3415
0
1396
0
59
0
0
0
3937
0
0
0
0
0
2163
764
0
0
0
0
0
0
0
940
3559
0
0
0
2429
3808
4982
0
0
2582
0
0
0
843
0
3151
3501
251
4308
0
0
0
0
1904
0
0
3120
4237
3722
2650
0
2088
3757
3193
3963
2523
1357
0
0
405
0
0
1383
0
0
3798
3752
0
4849
0
4962
394
0
303
0
3615
3096
0
3141
639
4882
0
0
1495
0
0
1810
0
951
0
0
3467
2660
0
2191
0
1111
1672
2665
1238
3917
1081
3574
0
3888
3928
2677
3398
0
0
0
1246
1161
0
0
3058
0
4628
2649
1904
2573
642
2980
3465
0
3819
1037
0
2335
2490
2910
0
852
0
0
0
0
1731
4516
0
0
44
1740
2112
0
0
3086
4698
0
0
0
2157
2905
2251
1628
4673
507
4693
0
0
2224
989
3072
2823
947
55
0
464
0
0
1411
0
0
3562
0
1115
0
0
0
52
0
3280
223
3605
0
0
2615
0
2551
0
419
4145
2229
4809
0
760
3534
1606
0
3704
4497
0
2831
0
3371
3283
136
0
0
0
459
2721
0
3757
0
245
2490
1511
554
0
2486
4353
3050
0
2963
0
0
4588
0
4896
0
0
2185
0
120
0
0
3346
2512
2394
4903
3552
4888
703
0
0
2486
0
2096
0
0
740
0
0
2173
464
4292
4544
4095
0
0
0
0
4113
2045
1765
2492
1109
4248
0
0
1815
2044
0
3673
1646
3908
3981
3772
1670
1601
0
4399
3057
4071
1944
4271
1642
658
1921
0
627
0
4787
2223
1968
4719
4525
2526
1509
254
0
1576
2393
4469
3046
0
4050
0
2392
4442
0
1211
1823
4995
0
0
1469
1408
0
4482
1733
2676
4026
3011
0
1162
0
683
0
4353
1644
0
0
3039
221
4840
3167
3214
0
2857
3759
3803
0
1773
4602
0
1304
3041
0
596
0
1717
0
2781
2212
3242
0
0
861
0
0
3745
4301
0
2940
2208
4467
4449
0
4036
0
2315
3141
4505
989
2202
0
4064
0
0
0
0
0
0
0
381
0
4264
598
788
0
0
2670
1995
0
0
1731
2845
1702
0
687
4393
4748
0
0
1139
0
3535
861
4441
3565
0
2441
0
4634
963
1151
4878
0
0
0
0
191
0
0
1810
1343
161
161
0
2247
0
1349
4009
0
0
2597
4513
3334
1601
4530
3896
0
0
4988
0
3448
585
0
2713
4667
3066
3445
0
2698
3875
3856
2749
2379
4220
2756
4261
3584
2887
4797
0
59
0
0
3570
1802
3578
0
0
90
0
2277
710
866
0
0
3000
1785
4369
0
0
620
923
0
4173
919
700
2168
4390
3293
1429
0
0
0
2689
3296
4433
1717
1594
218
1792
3348
1897
4399
4633
3122
1245
1958
1101
2910
3559
0
4778
1267
0
1189
0
2914
2395
2111
0
2967
2524
3926
0
264
896
968
872
1262
0
4856
0
544
2884
606
2898
2156
1628
2048
4744
0
28
1889
2732
3915
4993
0
1020
0
1683
820
2790
3373
3609
2169
4965
2868
1882
1740
0
0
1918
0
335
0
855
4262
2716
4844
0
0
0
0
121
2433
384
4805
4690
0
1575
0
3857
4285
1937
3085
0
2265
0
0
758
2190
232
3934
0
861
0
3507
0
4204
2313
3358
2356
291
0
0
0
0
0
922
0
3506
3269
3954
1501
2935
2462
3929
2648
2635
0
1737
0
3417
2665
2114
4363
0
0
2284
2502
4096
3969
0
3571
3618
0
1636
3283
2683
1428
0
1289
4922
1042
4062
3963
4226
1547
0
0
2569
638
3667
1369
0
1689
3534
0
0
4617
1603
3077
2577
4310
0
440
4841
978
2380
4560
2482
3016
2202
0
0
1792
2934
341
0
4893
1830
2140
1264
3175
1837
4934
0
1217
917
3000
3126
313
2475
1848
0
4873
988
176
3400
2167
0
0
4014
2989
0
0
2520
0
977
0
456
4395
1380
717
0
38
0
2039
3032
0
4694
3625
3453
2314
4185
0
2570
4956
829
2503
818
0
2305
1804
753
3790
0
2728
743
2522
4359
0
3005
852
2236
4677
0
4028
3473
197
1353
502
4157
4744
1164
2325
840
0
4586
2793
2491
2786
179
4528
2845
0
2286
4057
900
0
2595
0
3728
4938
0
0
3218
0
4738
2433
4303
1484
121
4618
1636
592
3435
2117
3019
2036
1323
3024
2449
1914
0
2163
3246
3106
1999
2463
1944
3857
4851
4
3891
4160
2832
3633
1950
1764
847
4664
3288
2056
2016
3468
3679
900
3891
0
805
2766
3738
3852
0
161
120
2919
1963
3964
1225
0
20
2568
390
4997
1863
0
3553
2756
1610
2286
2300
3527
3071
0
1685
1626
2322
4055
2301
2707
3908
3127
0
4091
4976
1665
2735
1263
4019
3934
2112
3462
4512
3293
4375
955
0
776
3303
1014
184
962
0
464
920
2494
3545
1259
4983
1942
91
2692
693
239
3153
1282
1942
2000
1023
4969
1346
1137
4127
4747
3815
3218
2760
0
2608
2843
1593
2548
4950
1670
2283
2066
1508
0
2638
0
3928
3146
4383
583
576
1087
1652
2856
4271
465
4074
3313
4809
2820
944
575
4881
3593
4982
1175
4399
3823
1595
2377
3362
4720
2236
0
4698
147
2750
4280
686
3766
2236
3850
4240
2930
4742
2655
0
3701
2494
4831
4114
1716
4528
815
2027
0
264
1656
1560
2248
585
4913
3390
3039
2823
0
2721
525
0
410
2559
4498
308
1957
2508
1788
3296
2551
1534
4819
4831
281
1486
1607
0
4491
3488
0
1844
972
2613
3805
4281
2614
0
3253
3123
989
2095
2141
0
3854
2265
2387
3110
4968
4868
677
4885
2540
4482
1512
4320
1889
4009
980
395
0
777
4792
419
4091
4747
552
4464
0
720
2582
2137
1916
4901
3135
659
2449
518
2842
4047
3435
2126
2484
1411
4853
2288
2338
2354
3715
432
1222
4630
3654
4463
0
1049
193
2102
1017
694
1400
477
3537
3555
2690
3822
0
3519
3917
4662
903
3160
2537
2867
654
39
2871
2071
1373
754
951
3616
222
1989
959
190
4891
4079
479
3611
3070
3028
2331
2592
2303
976
0
2936
4997
3156
361
3282
3955
654
4459
1229
3370
306
1952
3026
2484
2939
1129
2232
801
3257
1469
3905
2915
704
1712
395
4356
4302
998
681
4091
1916
3858
1724
1121
1680
3006
3566
955
4791
3409
1933
1407
4747
4239
4713
1670
482
3390
3857
91
247
4919
2334
4115
4195
946
2647
1299
2534
1651
744
386
3895
3562
4389
762
3821
2053
4214
1264
3858
893
2818
820
498
3068
2735
3885
1380
3625
2368
3419
249
4261
4976
