0
0
0
0
0
1236
0
0
0
4784
3724
0
180
0
2179
0
4869
0
0
0
923
0
0
537
0
1844
0
0
0
0
0
4036
1717
0
0
0
4559
0
0
0
0
0
0
2136
0
0
1299
0
0
0
0
0
0
0
0
0
0
663
0
3398
0
1832
0
1035
3852
0
0
4761
0
0
2573
0
0
2573
0
0
0
4744
0
0
0
2459
1251
0
0
0
0
0
0
87
0
0
2395
852
0
0
4783
0
1183
2785
0
2615
2093
0
1394
3764
0
1551
4405
0
0
0
0
4979
0
0
0
0
202
0
0
0
0
0
0
0
3554
0
0
2605
1551
2817
0
0
1720
0
3242
0
0
0
0
0
0
2476
1756
0
0
0
0
3092
0
2260
4729
4314
0
3257
4556
3821
3418
0
0
0
0
0
1395
3657
2898
4072
3287
0
4651
0
0
0
533
0
2014
2093
0
0
0
0
0
0
0
0
0
2235
1140
0
0
3911
0
0
0
4233
0
0
3889
1841
153
2436
0
1957
0
4199
0
1023
2658
0
0
1710
0
1440
230
489
1592
0
0
3334
1490
424
0
0
0
0
2759
0
0
1500
3914
0
3291
0
4835
0
0
1006
113
0
1748
4202
2850
3668
0
3897
667
4952
4329
3187
89
0
1922
0
0
3690
4324
3576
1841
0
923
0
1258
2555
0
0
4003
0
0
0
0
3376
0
824
0
2032
0
3590
0
0
0
0
0
0
0
4365
496
2058
0
13
0
0
2136
4061
0
4405
0
3779
279
2333
0
1227
0
2074
629
2354
4532
4320
0
3318
2679
2386
4926
0
0
0
3556
765
0
0
0
3376
0
0
2892
0
2887
1926
0
4865
372
0
0
645
0
504
790
0
4984
0
551
0
0
891
3951
2624
0
0
4077
0
0
854
1613
922
4971
0
3626
0
0
0
0
4412
4764
2938
0
1781
1940
2038
0
1922
887
1782
0
0
0
0
3037
1813
4849
2388
3368
2248
0
0
0
4121
4742
4437
1190
1383
0
4671
2730
0
0
3687
3777
0
4689
3446
0
0
0
0
0
1798
4165
546
0
0
2470
71
0
4855
3699
0
0
3946
0
0
0
0
2154
0
3777
3348
0
0
0
0
3784
548
1969
0
0
1577
2909
1016
3829
0
1298
0
4542
0
0
0
0
3672
4993
1869
3766
0
0
0
1533
0
0
0
0
0
0
3025
0
0
0
0
1104
2350
0
0
2350
0
0
0
4373
0
0
0
0
1577
2154
3715
1345
4747
0
3181
0
835
3671
1168
3659
2763
0
1950
1427
0
271
0
2613
399
0
0
0
0
0
4786
3796
2377
4525
0
0
850
0
868
0
1215
0
0
1851
0
0
3576
0
112
4761
0
2538
0
3401
3652
0
1281
4811
0
0
0
0
4398
1579
0
921
0
0
0
0
4968
3918
0
2412
0
0
0
2668
132
3735
866
1163
3111
2386
4233
0
2422
1823
0
707
2362
2668
2472
3006
0
644
0
0
0
0
4744
2155
796
0
4646
3424
4047
0
0
2510
4186
460
0
0
0
1570
3034
120
1551
2874
0
1477
0
0
3138
3040
770
3031
1235
2865
2287
4666
1794
3092
1169
751
0
1695
1276
4950
3677
0
1330
0
0
0
4128
4677
460
3543
2763
0
0
343
4756
2779
4962
696
3384
0
0
1179
1096
3156
2169
0
2877
3390
2650
2587
0
4145
0
2069
1220
0
0
0
1829
4460
0
0
0
2288
0
0
0
3725
0
0
3689
1961
0
0
0
847
2108
0
0
0
3782
4025
951
0
4438
0
0
2031
0
2360
0
0
0
4212
0
762
0
1770
3738
3606
2520
4372
17
1318
2100
4435
0
0
1077
0
4611
3868
0
4981
0
1954
217
0
4146
1715
0
1713
0
4666
2364
2834
2909
785
0
0
3362
0
2546
519
1994
2033
1168
117
648
4433
3407
0
862
1827
1969
2379
0
2850
0
2254
823
0
3038
558
4633
0
4971
2970
0
3514
2154
0
0
2882
0
0
0
2291
0
3765
3514
3282
3726
3151
0
3402
3528
4702
2504
114
0
1720
0
4404
0
0
0
84
0
398
0
1669
1124
4730
57
0
2734
3206
0
2366
1411
0
90
769
0
944
3123
4749
0
1281
295
0
0
0
0
0
1800
4192
2542
4600
3436
502
4125
2544
0
0
0
1217
1720
0
1004
3603
2975
0
1477
4513
0
0
0
0
1728
0
3225
3321
273
237
0
0
1740
3667
2695
3605
417
1268
4818
1936
0
61
2860
3662
4048
1687
4658
4518
1291
168
0
0
4046
2115
2652
0
1318
1781
0
3773
4424
3606
815
0
0
1805
2612
3600
0
3641
3245
934
0
4346
0
2053
0
1972
0
0
0
502
0
0
3084
2522
2803
0
4849
1045
0
2734
0
0
0
1557
3779
3082
0
0
2138
0
3390
968
0
0
461
0
120
0
0
0
4057
2511
1156
542
1503
0
422
3959
0
1316
2643
0
4697
0
308
306
0
2829
0
2225
3056
1014
4799
0
2172
0
2833
3863
927
0
1188
4289
2062
847
4541
981
1864
0
1884
2774
4625
430
2727
0
2575
2722
1692
0
4197
0
4581
0
560
4799
3084
0
3286
0
2198
2800
2336
3163
2252
4148
0
2938
2953
3051
2128
1308
3967
3714
0
0
0
4090
3220
1268
4668
2831
2441
4811
3773
1096
2320
2192
1
1876
2776
350
0
4319
0
4713
4254
0
636
1968
0
1259
2436
3103
470
2301
0
4015
738
3181
838
3910
2069
0
2839
0
1805
0
27
3168
0
1878
753
4036
458
715
864
1516
2596
1226
1322
3955
0
954
997
0
0
1733
4379
4892
3417
1754
2496
0
1186
0
39
178
3155
4809
0
1164
1493
480
1540
13
4307
3605
0
4580
240
4975
2827
67
4557
2373
2598
4133
609
3705
2201
3701
2018
2975
1367
0
320
718
0
0
1924
1146
3721
0
1750
1149
921
0
912
2394
0
4771
2373
4647
1145
3355
2498
0
3819
190
3138
2767
1430
0
4941
0
4531
1727
2190
3341
945
3934
3082
3568
0
3941
2379
4055
504
2763
4613
1101
1643
0
1077
3300
3433
3576
2094
0
2493
90
0
1816
0
0
835
568
3779
922
4116
0
925
4015
1361
2904
398
0
0
1758
4657
1888
3507
0
0
2415
4075
940
0
0
0
2195
0
4518
3318
1400
0
2618
0
4561
3888
0
2542
4396
0
1849
456
0
3759
1846
3066
4079
0
3475
4946
4858
1520
1946
2169
94
1576
0
3117
2805
0
3747
0
3397
553
584
4442
0
0
0
0
0
2191
1694
2326
2739
2583
1424
4683
3192
4337
1415
4682
2187
0
2447
4099
0
1759
2319
1945
4823
0
4412
4587
852
2482
1983
372
4104
4696
0
0
0
4529
0
3445
993
3391
4733
550
3707
0
1993
4660
508
3951
0
1007
4669
2640
2790
0
388
3232
925
600
622
4595
1479
1286
2987
676
459
1718
0
3826
454
4048
3391
487
0
4901
978
3045
0
1036
3892
2393
2190
4190
2003
351
4571
2539
2796
4539
508
4010
3604
84
2728
2159
0
2825
2068
0
3224
0
3240
1799
1580
2180
2143
416
1591
2312
120
0
764
2124
2697
0
4070
3064
3118
0
0
2269
1959
0
2098
2160
3016
2731
0
1736
908
2711
1216
1156
49
1632
476
2906
4708
3388
0
1099
0
576
2320
57
1955
3194
184
0
1700
182
893
0
0
3803
0
0
444
1805
3710
1824
0
2129
1416
3268
3841
1394
1611
2260
4305
2618
766
788
3924
3442
569
0
475
2768
1412
1729
1748
3012
1427
0
0
4992
3160
4047
3580
101
1857
3392
4517
1719
688
1803
2875
31
1030
2601
1857
809
2070
4175
905
3586
4290
4478
3075
2543
2754
4013
3235
3984
3373
2628
2856
3438
3630
4732
2041
3285
766
1356
3857
1109
1592
1803
39
1110
4229
1348
4212
2311
0
3642
0
1254
1049
884
3887
2592
793
2554
2764
3148
1006
93
3680
1261
0
3662
1106
2263
3152
3811
412
4442
376
231
1941
4590
3877
2204
4019
396
4659
2631
724
1659
2354
2012
0
4671
679
2474
2075
669
4724
152
1743
1317
2244
928
1603
610
1081
3750
1598
910
4116
1379
4530
1594
12
2486
2004
2466
951
883
2737
517
1553
721
152
2224
2116
1267
366
4093
3474
4013
4611
3029
1436
2212
609
1973
1705
4059
670
1449
4398
3806
778
2933
3059
4609
1476
4418
3191
1146
1064
2780
3375
1501
1732
4046
283
4685
1127
3267
2274
880
4357
2254
354
884
430
4138
0
2642
2215
2315
3891
3540
1676
3581
4327
3974
1214
1261
767
4361
1756
1977
4283
987
3293
1143
436
764
1925
1758
4388
3100
4267
3266
2821
4590
4436
850
310
4608
4402
3674
4866
457
500
626
3673
