0
0
0
0
0
0
0
0
0
0
0
0
0
0
8383
0
737
0
0
0
6450
0
0
0
0
0
2348
0
0
6130
0
0
0
0
0
0
0
0
3359
0
4293
0
0
5109
0
0
7823
6367
8404
0
0
3441
0
8872
0
0
8983
0
0
0
7212
0
6255
0
0
6732
3418
5509
4714
0
0
0
0
0
0
0
7470
6527
0
0
0
0
4892
0
0
1179
0
0
4180
461
0
0
0
0
6280
0
0
8935
0
8946
0
0
0
0
0
7161
0
6542
0
0
0
0
0
0
8112
1944
0
0
0
0
9507
0
0
0
0
5486
3030
6499
0
170
0
0
0
0
0
0
9115
2702
0
0
0
0
0
0
0
0
0
3784
0
0
6077
8028
0
8914
8869
0
0
0
0
0
1899
0
0
0
0
0
0
5959
1678
0
0
0
1804
0
9793
0
1862
0
0
0
0
0
0
0
0
0
0
0
0
9751
0
9791
0
0
0
6348
5493
0
0
0
0
0
5186
0
5002
112
0
0
5709
0
9315
0
37
0
1941
0
0
0
0
0
6570
0
0
4960
0
4810
0
0
0
9445
6511
9231
6509
0
0
3052
0
5992
0
9672
0
6418
6005
0
0
0
5778
0
6179
0
6298
0
0
0
4383
7516
6884
0
4705
7509
0
5520
7230
8685
0
0
0
0
0
0
7478
0
0
0
0
6301
7755
3860
0
0
241
5605
6311
0
2134
0
9764
0
3990
0
2823
6396
0
4188
0
765
1024
0
0
2128
0
5434
5829
0
0
0
0
7080
0
8028
5415
3088
0
7535
0
0
0
3006
288
0
102
0
0
0
0
6848
9936
2548
8323
0
0
0
0
9991
0
0
0
2935
0
3609
6027
0
0
9046
1611
0
1172
0
5026
3117
0
5986
0
0
0
0
8412
0
0
1649
0
4527
0
0
7067
1461
0
0
0
5787
8387
882
2718
0
0
0
0
0
5583
3333
2759
0
9044
7249
764
0
9330
0
0
7332
0
0
9384
0
0
0
0
0
0
4987
1880
0
0
0
3796
0
5396
0
0
9317
0
5186
1888
0
0
5216
0
0
0
5521
0
0
3685
3003
2917
747
0
0
2272
0
2263
6236
0
0
0
0
0
2219
0
0
6116
0
0
8325
8119
5814
0
0
2082
0
5037
0
0
0
0
0
8451
9330
0
0
393
8538
0
7781
7577
0
0
7078
0
0
0
5027
0
3680
0
0
0
8291
0
0
0
5505
0
0
7272
0
6433
0
0
0
0
0
9338
0
0
6299
0
1990
0
0
0
0
8258
7764
0
0
0
0
8539
0
0
0
823
1558
7781
3590
4878
0
0
4149
0
0
3574
7511
0
8667
0
0
0
5400
0
2519
8983
0
0
648
3916
0
9816
6067
7900
9438
5969
0
5203
8438
6617
0
7470
5466
0
1713
0
2475
0
0
0
1904
0
0
9236
409
866
0
2939
9726
3240
0
0
0
8754
0
0
0
0
1465
0
0
0
0
0
8132
2960
9309
6933
2193
0
6967
0
2024
0
5278
0
0
692
0
0
0
5261
0
0
5114
2479
0
9137
0
3824
3753
0
0
7401
63
0
0
0
6032
0
2938
0
0
0
0
2976
0
6048
4319
0
7035
0
0
9123
0
4174
798
1242
8323
1199
1238
0
0
822
0
6787
0
446
4507
1086
0
0
5239
7291
7859
0
1950
3970
0
3110
7050
0
0
0
7968
0
0
4082
5489
0
0
0
2131
8935
0
0
0
0
0
2104
8251
5452
0
4433
3422
0
0
3905
0
0
1178
2581
0
6942
430
0
1256
4225
4524
2361
703
0
0
0
9525
0
3272
0
0
0
3674
0
6444
4037
0
0
0
0
0
0
1722
1466
0
0
6806
8853
1363
177
0
0
0
0
8813
7582
2941
0
0
2518
0
0
0
7746
1785
0
2189
0
3462
0
6546
3462
0
0
9825
2218
1076
0
6221
6783
0
1178
0
9636
9162
8849
0
8729
0
0
0
5706
0
0
0
0
4628
7426
0
262
3806
1986
9694
0
5394
2886
0
0
6599
8624
5158
1764
0
2258
0
0
0
0
8227
2245
8304
5181
0
3324
2778
5201
4691
5611
0
3576
624
5985
1134
9865
0
8544
8539
7787
0
0
9973
7382
2748
2363
5973
0
4468
8920
0
6021
2304
0
80
1506
1276
7915
5253
7129
0
0
5771
7052
0
0
5656
6262
0
8059
1953
617
0
3756
0
0
0
6071
0
0
0
0
0
2981
2684
0
231
7833
3821
8486
7920
675
2717
0
5075
0
6968
8259
3436
0
0
0
0
2806
3551
1642
7128
0
6299
642
4129
4675
0
0
0
0
0
1675
8269
4000
0
1834
0
0
0
0
2702
0
1543
0
0
811
4898
0
0
1475
0
8583
2375
8531
0
8557
5037
0
2105
0
3423
0
6195
0
97
0
426
0
0
0
0
8725
5928
0
2939
959
8126
0
2666
0
5848
7201
6071
8963
4248
0
7199
2228
8378
0
0
3375
2394
7920
0
0
0
6051
8275
0
1064
5251
0
9900
0
0
2605
0
1623
0
6959
0
6386
9470
0
3275
0
7731
2587
0
0
0
0
3183
5915
3371
0
20
8821
0
0
4907
8776
8507
5033
0
3036
624
1710
3434
5540
3872
9738
7140
0
6707
0
0
9338
7885
2209
0
0
8
8417
1556
0
823
0
0
0
0
333
0
0
0
3665
5767
1332
0
0
0
4205
0
0
0
2423
6020
1236
5267
9607
0
0
7757
8069
0
2747
8981
0
1655
0
0
0
7927
0
0
0
0
3669
5045
0
4717
0
1275
0
586
0
0
4176
0
2659
0
0
1526
0
0
976
5698
0
8567
0
0
0
3363
5052
0
528
0
0
0
7731
2606
2407
5340
0
0
0
3711
0
7050
7022
0
6705
9393
1991
1671
0
0
1966
0
2405
0
0
0
8198
0
404
0
0
0
0
0
0
41
0
697
2473
0
5835
0
7872
1901
3269
5069
0
0
0
888
4578
0
0
9749
5593
7364
9236
7707
0
0
0
0
0
7249
0
0
0
0
0
5887
0
3801
5274
8095
2357
3677
1182
0
0
8789
0
0
0
0
0
0
6112
0
2675
8237
0
8040
0
0
4191
0
0
3
0
0
2311
6740
0
0
0
7734
8574
6738
0
0
5420
0
3278
1996
9478
0
815
4638
2163
0
3490
5428
0
0
0
7918
4407
3974
0
7508
0
1007
0
1378
954
3889
940
5341
0
1397
8017
0
1961
0
1655
8496
6266
0
0
0
0
6405
7858
8391
0
0
0
3765
0
3632
2565
5699
6611
6244
0
6705
0
3978
0
4474
0
496
0
0
7807
1255
386
0
0
21
0
5204
6965
0
0
1617
8010
0
5887
3997
5647
8947
2713
355
0
3950
9999
757
5428
7583
0
966
3243
0
275
6299
2695
62
0
9904
0
1926
0
0
9746
0
5056
5075
1760
0
1829
0
8263
8945
1515
7510
2064
0
9512
0
0
0
0
0
3801
6070
9999
412
6867
0
574
6654
2569
7403
7578
7366
7565
2315
916
0
8973
0
9904
4806
0
0
7267
0
0
940
0
4219
0
122
7035
6362
1429
0
0
1347
0
8700
3219
5567
3617
4057
0
0
3897
3864
61
2151
3812
0
0
0
6418
6225
0
0
0
0
0
1834
7153
0
2748
3641
0
2949
4798
0
0
9383
1364
6894
0
4106
2999
0
6585
0
8381
0
0
2514
1829
3279
0
2382
9670
8760
0
0
8661
8683
2086
5629
0
9146
0
5653
2024
1709
0
7573
5243
1426
8423
0
0
0
2212
0
6981
1944
9136
0
9085
0
116
0
9209
6260
0
8153
0
0
0
0
0
1644
4111
6089
0
0
7476
0
3740
0
1197
0
414
7362
3153
3090
3837
6533
0
3243
0
1100
0
5094
0
0
1993
3740
6631
0
0
5132
0
0
4621
0
4275
1296
0
1342
0
0
3474
0
6376
9932
7585
0
4484
8396
5558
9923
541
6636
0
6041
4390
0
3117
4152
1511
6760
5074
724
6570
0
0
4020
0
5692
0
6869
0
1878
3355
0
0
757
0
5987
0
8145
899
2690
1759
6141
2994
0
7455
0
0
6742
0
0
2911
4516
3655
9352
1904
0
0
3749
4450
6100
9392
867
0
1823
5840
0
0
0
685
0
7067
0
8188
9899
2967
0
0
6394
6468
1893
0
0
0
0
8508
0
5877
310
672
1088
0
6943
0
7975
9616
3777
0
0
4291
5809
0
2535
0
2808
4637
0
8725
0
2834
4717
0
3940
0
980
0
3288
602
1484
0
171
8448
0
2500
0
9133
4948
5762
0
9317
0
0
0
0
0
5471
1969
5216
2133
0
0
6869
0
1539
6913
2539
9210
7485
2684
0
0
311
0
1368
5913
0
9410
8061
4820
8456
1913
6295
2138
0
3911
7093
7515
8291
6416
0
188
6102
0
5356
0
5484
0
1963
7193
8040
4675
6390
8052
0
0
584
2516
3449
3303
9913
0
1704
7563
865
0
0
453
6134
7975
0
5209
0
0
0
0
9982
4707
1792
4652
4025
9306
0
8121
3332
277
4474
0
1350
1218
0
8998
8710
4529
0
3025
0
7670
4041
1650
5917
3589
0
0
0
0
8165
9504
3521
0
0
0
9126
6282
0
7686
968
8205
0
1048
8164
0
6216
9348
5189
3543
0
3146
7924
0
1682
7975
4217
0
0
7120
3161
153
1335
0
986
2678
4189
3860
1345
2312
560
4450
1686
0
0
0
3713
8364
0
0
9855
7149
0
0
5571
1795
0
1069
0
9327
6548
0
0
8178
0
1471
7421
2523
0
4618
4866
2013
2954
0
757
9951
7232
3387
6047
0
4946
8856
4915
2652
4209
6307
6926
0
0
3086
7871
8052
4607
0
3153
8935
469
9958
4076
9156
4109
7444
776
517
1532
6861
0
2899
7512
0
4273
0
4743
4680
65
7691
5798
8450
5401
0
0
0
452
6935
0
3818
7239
3620
1969
845
0
0
2310
3334
0
0
0
5330
0
7595
3513
0
9480
0
7659
2733
0
2774
3462
6678
0
389
1795
9280
0
7068
6503
1868
6732
1253
1205
0
7681
780
0
2405
4736
8697
5564
5666
0
9816
0
4268
0
5268
0
761
6343
9910
385
0
3612
685
3833
1691
2731
1484
0
1951
1643
1818
0
9525
6698
7188
9619
1819
0
0
7501
8412
0
0
0
8011
9547
0
593
2581
1553
9165
1509
790
1429
0
7741
0
4273
2521
7462
413
2103
0
385
3919
8746
4121
0
0
5509
9820
1605
0
688
2669
4704
0
1888
4585
8171
0
8837
8679
0
861
706
0
3423
646
8215
8069
6729
7450
1270
357
0
0
0
0
1425
6303
8884
9855
0
2518
5002
9966
0
4152
6394
8702
0
0
0
2176
5279
341
6695
5979
0
2048
2451
6257
9471
2644
0
5157
6240
7156
4096
2057
0
2749
7945
2637
9402
3847
4578
3815
0
0
0
7727
4750
9279
0
4981
7172
0
4934
6170
5239
4726
395
0
6316
2044
7987
1286
747
4526
6217
6066
56
9306
9065
0
7556
3100
7112
5311
0
5245
6555
0
2724
0
7919
5245
8450
3815
0
0
0
3338
8129
4953
5356
8952
3372
3066
1926
2482
0
5833
5135
3837
8262
4409
2018
7838
6804
6681
0
0
4146
0
8275
0
2449
0
834
4129
7362
4676
117
7824
6289
6524
5476
3504
0
3035
6311
2442
2274
4312
4572
0
0
8229
7856
1339
961
8449
0
850
298
1399
7455
3560
4027
9093
1474
0
0
3275
1532
3058
3944
357
9261
0
0
1753
4326
7731
4850
7022
5776
0
5733
4950
7105
7264
8024
0
1455
6620
9755
3394
9818
3587
7432
0
0
5575
8588
8711
8021
0
8785
651
3266
1746
8013
9511
1963
1231
6305
1360
5678
1458
7021
9953
5783
8149
0
5192
1524
5831
0
0
8733
9660
4513
0
6854
7023
2068
7787
5744
1012
7888
2070
6499
4755
8724
0
3115
4459
5032
0
6412
0
501
3758
4569
2767
8202
2102
7050
4714
0
9766
6867
766
7125
8008
300
0
2633
0
606
3059
0
6756
3618
0
1226
7908
127
737
9705
9995
9424
0
0
3283
4087
2899
8870
4687
8633
9758
0
1531
274
8072
0
4206
1340
5238
0
7147
5260
7892
1443
929
5360
1313
4705
0
314
8142
118
0
842
3205
0
0
0
0
3839
0
3072
868
5122
2226
3146
2054
7532
5419
4942
269
1500
6741
2326
8258
6609
37
7880
0
0
0
854
9321
790
6806
6746
5550
1209
8368
8012
2216
4731
4989
0
8795
0
9261
178
3788
7533
3230
8501
0
6724
3215
6596
6896
8320
5678
7125
5201
2306
2528
525
0
0
119
6641
829
0
4964
0
5634
1047
6776
5205
2317
0
0
0
3880
8404
2268
0
3808
0
1433
0
3889
8279
0
0
5482
1478
59
0
0
8539
0
5522
7305
6875
3614
5611
7726
5263
4632
4814
9695
3482
3462
8113
1100
9466
4085
8613
0
4341
8046
9766
5173
8181
0
0
2950
0
5546
2837
7053
1798
0
6048
9698
4999
7712
1283
8851
8128
3589
3479
8451
5524
0
0
5085
3739
0
6978
4357
132
8049
6833
3573
2783
482
8772
4951
9415
7730
9256
0
594
6312
1518
462
4367
6983
7923
0
5454
5184
8542
2188
8205
2802
1492
3772
4165
8404
6193
5152
701
4496
720
7131
1216
8082
6358
0
9033
8609
4554
8875
4300
9239
1814
8847
1540
8423
3323
0
84
9354
5772
5849
8534
5236
9861
3685
2101
9602
939
0
2884
0
4839
0
8754
3487
4628
5049
1732
6464
6780
0
6027
0
2941
0
8808
2299
1624
0
3765
465
1909
9299
0
7943
7432
5945
3914
2301
5136
7704
2994
912
1941
8530
7289
8684
0
8378
9398
0
7456
6452
5323
5505
3004
6786
2329
4499
6424
4899
5222
6736
4461
7750
0
7533
8395
1434
8033
8512
3807
799
6781
9995
4352
4800
6551
0
876
2195
9561
5780
0
2823
6984
0
0
3594
5519
1841
6984
5250
4341
140
58
4332
4946
490
2430
1907
0
0
3535
0
9559
9121
6506
9365
0
0
5436
1760
8292
2213
4658
2381
6316
3556
264
9829
1925
3405
0
9190
2010
865
7525
1361
4445
9
5472
7122
4668
6141
1624
9623
7414
0
0
4696
2263
5112
7892
4928
1585
2521
7029
6876
8141
2576
9852
9445
5654
7063
6399
4708
5275
617
7247
6226
3180
7093
4395
5805
3388
2307
5948
6854
6678
3329
0
1627
1537
2128
1103
7402
9641
7229
9235
5087
5158
8191
6586
4039
2501
6039
9746
925
24
1762
6966
3305
1136
4002
0
6998
4371
8818
2549
6689
7049
3375
5301
9490
483
9827
8354
6037
6697
2730
9741
4269
8727
9203
4139
5988
47
914
6675
9147
3456
8095
770
4680
0
1563
786
7918
5772
3897
9342
0
0
8816
9013
9315
0
0
693
102
3040
3612
0
4039
5743
6306
1793
5442
6292
5859
9147
7401
0
5198
1134
9265
5669
5547
277
1797
1837
7283
7457
6488
6244
8517
2685
5027
7641
5268
8990
4131
212
5206
3797
745
3616
1208
3324
4442
7682
8762
1455
4274
6311
3243
9891
2117
9741
7653
0
2311
7028
8563
5970
2272
7347
9083
4790
4072
6391
6100
2137
2748
9762
9575
0
0
1683
9168
3429
3001
9989
1575
828
2398
209
4048
0
9932
7727
8666
7431
8728
7841
1533
8072
180
1077
3561
1756
5422
4118
6698
3572
3374
6554
9806
4916
8220
2790
2169
7179
8156
3440
1447
1089
4320
0
2874
0
6601
5384
4967
5293
0
5577
9607
6989
2715
3606
9111
5819
2452
1154
7871
3819
0
40
2905
7007
4995
3085
2179
3630
2984
0
8922
8254
9616
2215
7899
6506
5071
9074
8063
8752
8856
1352
4609
1880
7239
7774
7511
8698
6161
8592
1208
1557
3697
2796
6001
4484
5842
1134
7012
6884
0
2043
9582
3589
0
6023
3778
6936
8469
5436
6428
3957
0
8399
6498
1418
4618
2392
8742
4178
9043
316
6813
7841
7398
1812
3401
2757
6548
5119
2583
7029
4921
8239
3174
8394
4470
2360
6923
9700
5369
25
7699
937
2043
3128
1763
4613
5783
8470
5565
0
970
1939
5497
9059
3430
7963
8800
6918
8759
4964
8750
8396
2369
8847
0
586
7257
29
0
4940
9582
4527
1805
8257
2452
4506
6682
657
2709
0
9920
8854
8852
2285
7514
7062
2198
2786
8686
2109
1473
4156
5923
344
8289
6441
6076
4791
3276
979
864
1845
1827
5661
8091
6477
7374
855
8800
7802
1273
1652
1746
8143
9274
4296
3949
7161
7139
9522
5122
0
6798
5772
1823
4918
7028
899
4438
3594
1805
3527
2246
4820
8996
2541
4363
5898
1091
7120
5737
1925
9651
7405
5410
5443
793
3719
2817
2079
1297
8829
170
6727
0
2157
9509
9858
2642
5072
9890
1984
7095
758
4599
9084
1655
3026
4270
9137
5416
3420
1941
5238
8080
5432
5180
7816
3208
2279
5730
4485
3210
1109
8807
8443
1268
5400
9710
8987
1897
1033
5504
9470
9506
5340
3042
5261
6206
8385
7133
290
5483
1335
3442
3823
9080
256
2329
645
43
1132
1798
6510
9974
7534
6140
9672
6862
3523
1483
2949
3098
804
1028
3423
9092
1999
3201
3277
3180
5557
6308
4719
7388
1901
4341
7250
3522
8543
2257
4887
7596
162
3070
0
4168
9211
5663
2389
2054
1429
4908
1269
2556
9904
9526
704
4874
7779
6344
4171
3335
3533
3804
9008
7537
9702
3538
3885
4332
6609
1283
5908
9290
6178
2051
9500
4005
5863
1557
9208
7671
4603
8302
4201
9994
5614
3425
5149
1415
4969
5775
7611
5460
7562
3686
2743
473
0
7200
9779
3742
3295
6192
5125
8936
3408
5780
7019
6224
4329
73
6949
8645
617
7586
8784
3715
4264
2400
512
3334
4383
2999
5606
4949
9814
7452
3505
1889
4267
