0
2411
0
0
0
9504
0
0
0
182
0
0
0
0
0
11659
0
11619
0
0
3988
6714
12118
0
1611
0
9371
0
0
0
0
10378
10837
0
0
0
0
0
0
913
13871
0
0
0
0
9116
0
0
0
5173
17279
0
0
0
14545
7601
0
0
10176
0
0
0
7333
0
0
0
8800
0
0
0
0
12354
0
0
11923
2612
5577
0
0
19983
0
0
18059
0
14738
0
1937
0
0
16980
0
15343
0
0
4652
0
0
0
0
0
0
0
0
0
19461
0
0
0
0
0
13360
0
0
19213
8909
0
0
1592
0
19393
4176
0
0
0
10815
0
13631
0
11986
0
0
5699
8866
0
0
0
0
2740
0
100
0
0
9620
18040
9884
0
4992
16625
0
0
19676
0
0
14517
0
0
5246
0
0
0
14265
0
16259
5833
0
0
0
16504
0
17827
0
2756
0
0
0
0
606
0
0
0
365
0
0
0
0
9653
0
707
0
11224
0
0
0
0
0
0
3843
0
8295
0
4240
2063
0
0
0
10612
0
0
0
0
0
0
7624
0
16199
12067
15537
0
9204
0
0
0
0
11136
587
0
0
3513
0
0
0
0
12510
8611
0
0
0
10089
0
12983
0
0
0
7465
11790
0
12547
0
0
0
0
9680
10010
0
0
0
0
0
0
0
0
17755
0
0
10860
0
1958
0
0
0
0
0
0
0
0
0
0
0
12520
0
0
0
0
16226
0
0
0
0
0
2237
7051
8513
0
0
166
0
0
0
14246
14048
0
0
11581
0
4473
815
0
0
0
11668
9169
8399
6622
8454
0
5581
0
0
0
0
6408
0
0
0
0
13016
7237
15990
0
15403
7186
0
0
4176
12638
0
0
10956
0
0
0
0
5775
0
16303
8373
0
0
10417
3151
3212
0
0
0
15327
10150
11399
0
5572
16827
4215
0
0
0
0
0
0
17880
0
5998
0
0
0
12207
0
9437
2521
16517
0
0
12742
0
19535
0
7761
9710
10439
9395
0
2724
0
0
422
0
11619
0
0
12316
0
6440
0
0
0
0
16047
18567
0
5707
7012
0
0
0
0
0
0
0
0
2893
0
13704
0
0
0
3945
0
0
16192
7835
13921
1242
7177
6159
0
18782
2659
0
0
0
0
11555
0
5007
11283
12396
0
0
0
0
5927
0
0
0
18672
0
0
5015
6858
0
0
0
18626
14419
9178
0
0
0
0
3323
0
2317
0
0
6830
10057
18255
0
0
0
0
213
11977
0
0
0
8292
0
0
0
0
0
13467
0
0
0
0
0
0
4270
0
0
2448
0
0
0
19602
13130
18424
0
0
3419
0
0
18925
0
0
15565
16979
0
0
5698
0
0
0
5899
13749
0
0
0
456
0
11273
12906
16068
12753
0
4548
0
0
0
0
0
0
0
0
0
10154
0
0
0
0
11444
0
0
12809
0
18120
5904
0
1492
0
0
15692
0
0
0
0
15907
5596
0
0
0
0
0
0
0
0
11355
0
0
0
5880
16693
0
0
2958
11347
0
16017
448
0
0
17900
0
1358
7940
14636
0
0
0
0
0
0
0
11182
11271
0
0
11399
0
0
0
5461
0
0
0
13384
0
7110
9043
0
0
324
0
0
3169
0
14964
0
0
0
9036
0
0
3937
18671
0
0
3414
0
13253
0
3614
0
684
1875
0
10154
0
7919
18127
4646
16100
0
0
0
9464
0
0
0
0
19970
0
0
0
0
7764
0
19216
14497
0
4122
0
0
0
0
0
0
0
4284
0
0
13079
11394
0
0
0
0
0
611
0
214
0
0
0
14217
0
0
676
0
0
17267
0
12788
40
0
1792
0
19544
8149
0
13028
19438
0
0
16082
10316
11692
0
0
0
0
0
0
6690
13686
0
14597
3963
17496
0
10123
3449
19158
762
2606
1773
8363
0
0
0
14783
0
0
0
0
0
14411
5399
0
0
0
0
546
0
14884
18340
11951
0
0
13548
9194
0
0
0
13166
41
17277
2619
0
18129
17640
1781
2650
0
11654
8438
0
19868
8451
3323
0
10644
4104
0
0
3153
16148
14805
14050
0
0
0
1923
3662
0
9351
19776
0
8566
0
0
0
953
0
10333
5208
19540
8064
0
0
0
0
8184
0
3170
15897
0
0
0
0
0
0
0
16258
0
0
0
15197
0
0
5266
10636
14535
0
0
0
0
9872
7148
2135
6877
0
0
10599
7907
0
0
7832
19564
12123
0
0
0
6357
0
0
9681
0
0
0
0
0
15459
8222
24
19959
0
0
0
7152
7809
11428
0
5976
0
18729
12703
13743
0
11755
19379
0
6390
0
0
16648
7073
0
0
0
0
9128
10136
0
0
17863
16139
17413
0
6779
10920
0
0
0
7835
0
3398
17767
16781
0
0
17852
0
15365
5011
8469
17669
0
0
0
3900
6964
0
0
0
0
1958
1255
0
0
16223
109
0
0
0
5062
0
0
0
0
15979
0
0
0
0
4481
4537
0
12011
14317
10376
0
3291
0
0
0
0
0
0
0
0
0
0
0
0
740
18219
0
19647
14189
0
0
0
13609
8450
5232
0
2906
17619
9412
12309
0
0
0
0
0
0
2856
0
11737
413
0
0
0
10082
0
252
0
16526
18713
8169
1527
3777
0
0
0
0
5529
817
17683
0
0
6489
8449
0
8815
0
0
0
0
0
0
0
13668
0
6037
7333
0
0
0
16800
0
0
4750
0
0
0
2520
9006
0
0
15620
0
19908
0
15600
0
13609
9800
17214
0
18843
0
6565
0
13307
0
15565
17224
15963
0
15438
0
7981
0
0
5282
0
0
1187
0
0
206
0
0
0
8011
0
16327
0
9534
0
0
12377
0
10553
0
0
0
0
0
0
0
5644
0
0
0
0
264
0
0
0
7293
0
2548
0
0
0
0
7092
14644
10198
0
10041
0
6411
0
0
9554
0
16612
0
0
0
0
0
1843
18553
0
0
0
12865
0
0
0
0
0
0
14784
0
0
14828
13380
5074
7836
15944
0
0
0
0
0
0
0
0
0
0
19425
12014
1414
0
1400
0
0
0
12945
0
0
18541
16996
0
19817
0
0
2594
5055
0
11397
18870
11700
9906
0
15664
18870
0
5170
0
10854
16405
2026
7261
437
10255
0
0
0
7626
5560
0
16178
0
0
16750
10294
16782
0
0
0
0
0
0
0
6945
0
0
0
12443
0
0
12420
0
0
14090
9112
6762
0
17707
0
0
0
0
2086
0
2842
9634
0
0
5019
15931
0
0
0
0
12210
0
11019
0
14989
16743
4710
0
5144
0
0
13307
0
0
0
0
2406
3841
13535
0
5036
14606
0
0
0
0
7368
4932
0
11599
0
3265
0
0
14776
0
0
0
16270
0
8635
0
0
0
3131
0
0
12121
0
0
16155
0
5768
3524
8909
1689
0
2710
7586
0
0
0
16149
15491
0
5926
0
0
0
0
0
3151
18024
0
0
0
0
0
0
5112
0
8781
0
0
1738
0
0
10296
0
0
6580
1151
7399
0
13338
0
0
0
11379
18857
13302
11351
17888
0
10741
0
16982
0
1793
0
0
0
17265
0
0
4548
9500
19175
435
0
525
0
0
0
14982
0
7680
15633
11379
14541
18705
0
0
0
3657
11728
0
11646
0
14775
7323
475
13921
5787
0
10387
0
0
4175
0
0
0
0
0
0
15518
0
0
0
0
1413
0
0
0
0
0
16703
13767
19853
0
0
15679
0
4179
0
0
0
3449
0
10775
11353
1544
0
13691
0
0
0
0
0
7091
0
0
0
13342
0
3670
0
0
0
0
0
18423
0
10928
0
0
4779
0
0
0
0
8586
8852
0
10472
0
18195
15994
1519
0
5598
0
0
0
12942
8754
0
0
15655
15713
12078
0
0
20
0
15398
0
0
16091
0
1613
0
3034
0
0
12201
0
19250
15730
19995
0
15340
0
19790
0
18104
0
0
0
4896
0
15532
0
11932
0
19839
10275
19841
0
7437
2712
16352
0
4226
0
0
0
0
0
0
7887
19524
0
17158
17167
0
4436
0
0
0
0
2687
0
4081
15928
15013
0
15445
0
0
15408
0
0
0
0
0
0
18226
0
0
0
0
0
18017
5291
0
10691
7437
1653
0
16216
0
7364
18271
19473
0
4344
2596
4129
0
0
0
17608
338
0
0
6177
0
2863
0
2221
0
0
0
0
0
2932
13379
0
0
4069
9132
0
16808
7118
7191
1304
0
17785
8223
9306
0
0
0
0
7505
351
14018
0
19527
19891
0
0
4464
9341
19016
0
2528
0
1857
16419
545
0
0
0
0
0
0
0
6495
0
0
11039
4567
4945
0
4197
0
17273
0
0
19998
0
10748
0
16082
16888
3502
0
0
0
0
14869
0
0
0
3598
8996
0
0
13055
0
0
18833
1792
0
0
9744
12528
260
13858
0
0
0
0
0
2878
2874
0
10774
0
6009
0
0
6813
0
0
11012
8888
0
9959
0
0
3691
18133
11215
0
8400
0
4867
0
10686
2394
19473
10053
0
3844
2760
5910
4829
0
0
0
0
0
9717
0
0
448
0
1009
0
0
12501
0
0
16045
15333
0
2866
0
17081
1901
0
0
19473
0
148
0
2594
0
1092
0
3263
12256
12095
0
5362
5685
0
0
0
8634
0
0
0
0
0
10524
0
0
1565
0
0
5127
12316
10940
4872
0
18309
0
6751
19560
19215
0
1683
18859
0
16929
0
0
0
12799
1258
0
9782
8218
0
8097
0
0
0
0
647
595
0
9782
0
0
0
0
0
14648
319
3151
0
0
18602
0
0
359
18749
16349
12490
18504
0
0
0
18390
3448
0
0
9203
0
0
0
9659
10348
16716
0
45
8266
13783
19993
15693
3670
0
0
0
7480
0
0
16416
0
5393
0
0
0
0
0
6753
0
0
12545
15887
17381
308
15006
0
0
19582
0
10956
14992
0
0
0
1419
9753
9710
16101
16145
0
18154
0
11750
10681
18108
0
1318
14689
0
0
12336
0
0
14884
0
8414
0
3939
1905
0
0
0
11982
7385
0
0
10570
0
12520
13647
5081
16303
0
9877
0
17673
0
9710
15867
19752
0
5642
16035
1940
13895
0
3672
0
0
2157
9383
16129
8617
9744
0
1299
18462
187
0
14851
0
16085
0
9906
0
6310
8914
0
10367
0
0
10660
0
6292
7716
0
0
825
0
1284
0
0
0
0
15760
4652
17737
0
10670
7539
7142
4051
0
0
0
0
10986
0
13003
0
6043
14958
13870
0
1659
5531
0
17229
18017
14699
7907
1918
0
8600
9966
4051
9868
1882
11294
19278
8069
13698
0
11140
0
15923
15340
0
0
0
0
4632
8003
0
0
0
0
0
0
19756
0
0
2187
3758
8654
14766
0
0
0
6285
499
0
19767
15564
1062
9910
14400
0
5412
6662
0
12210
12122
9895
3291
2141
19178
0
0
19972
0
0
90
4526
17871
2185
8005
0
8245
9953
3935
3812
8816
0
4212
11579
0
7722
0
0
0
16979
0
0
3385
0
0
0
0
0
0
0
10959
0
0
2287
9918
17710
16778
0
4458
12927
0
2696
0
1492
17948
0
417
13698
0
0
17520
0
0
10415
0
7408
0
13671
0
5805
17828
0
0
8472
0
16340
18121
0
1755
269
0
19082
7377
7738
0
0
0
0
4427
0
7407
662
0
8659
7599
10217
723
11740
11911
0
3145
14383
9245
7089
0
0
16402
0
0
0
4637
5510
0
4512
0
11956
14866
0
0
0
0
0
13559
17608
0
13490
0
18580
14071
0
6493
52
0
5766
5605
11347
18717
1018
0
1470
0
0
19716
0
9114
11733
6023
0
17228
14472
15538
0
19998
14737
7959
0
6375
15698
17527
0
18955
5312
0
3972
18362
13331
8229
0
11446
9688
0
3176
7096
0
360
3014
17597
0
0
1853
17669
0
7068
0
15737
0
4817
16398
0
0
10812
2961
12480
0
7318
0
0
0
7409
11539
0
13189
0
5169
0
17894
16886
0
0
16551
0
7511
19516
11461
9434
0
18355
0
6919
7015
0
0
2345
9829
0
6459
5740
0
0
3447
0
0
9627
0
19439
0
12078
18858
0
6409
19740
4805
18749
8343
0
16128
13746
0
0
0
0
14543
4919
17366
0
0
0
0
0
9572
16980
7674
8630
17863
12900
14289
18888
0
8971
15569
3713
0
0
3528
17767
522
0
6025
0
4681
12946
0
518
0
2483
7422
11601
0
6
0
11306
15970
0
0
0
18447
0
19489
0
0
0
0
13081
0
0
18686
6696
0
18818
19385
0
14052
4277
7475
13579
5347
15400
8193
1837
0
6328
10902
18814
6065
0
1273
9865
0
11491
13268
4729
0
0
12215
0
0
11825
0
1536
0
0
0
16680
0
7334
0
411
17768
14553
0
2323
0
0
5543
17945
16206
12101
0
17297
0
12596
15329
1556
0
0
0
0
0
9763
4044
0
13612
0
0
16154
11857
0
15841
3136
3189
4411
4351
0
18791
8078
0
7075
0
0
0
7753
7336
0
9774
0
0
0
15453
12029
18400
0
0
0
0
13219
4585
0
0
0
7863
4909
1189
14801
0
0
384
1264
6493
0
5223
6863
8240
7140
0
7330
13774
16551
6624
10304
0
9359
15959
211
0
8094
3604
9424
0
0
597
0
8734
8036
3390
0
14367
0
19537
0
0
0
0
5404
14860
11947
14584
0
3113
18383
0
19213
13280
0
19730
18884
0
0
0
0
1560
0
0
14274
0
4570
8843
0
2535
19984
0
1363
0
1736
12867
0
0
0
17091
12424
13534
10348
12980
4068
3113
16276
0
0
12299
1662
0
17415
13490
0
2595
8938
0
0
0
15347
0
14199
8337
4206
416
8842
14935
15970
8297
5078
10967
19250
7276
9020
336
1766
3864
0
16977
6374
702
13743
0
17042
2206
976
0
14897
19328
14020
2157
0
0
7277
5602
0
7095
8792
14384
0
0
0
0
16195
19793
12638
0
0
0
0
0
8335
11592
0
2531
0
14033
0
0
6183
12537
19544
13332
0
13245
0
0
4847
3063
15873
0
17827
15978
17323
10959
9174
6290
11979
17211
1017
11263
0
729
0
1431
10566
0
0
3727
17914
1578
19036
17246
12679
0
0
5633
9041
16310
0
12872
0
10986
0
2204
11347
0
0
15133
0
0
11400
0
0
15854
0
13702
0
0
0
5266
9329
827
0
2668
4755
0
6926
0
12198
10032
2381
0
0
17482
0
9129
7065
0
11671
13113
1931
10455
0
15706
0
0
16221
0
0
18279
3872
0
4179
0
19228
0
4157
0
570
21
0
10361
19514
3881
19170
10813
12583
18915
8918
0
0
8351
0
1080
8597
18891
1190
3595
17490
14024
9208
0
0
11314
1453
0
0
0
0
0
0
18580
0
19202
0
0
14385
0
0
0
2681
11665
0
5785
0
6943
0
0
124
13182
0
0
14484
6593
189
8734
11468
5995
7855
0
4472
8630
0
0
12027
10702
16931
8194
9336
0
7001
424
2679
18782
14443
15739
9639
17573
16293
7225
6393
0
530
3479
0
16929
0
0
17597
11625
8281
0
14971
9664
4677
0
0
0
0
2031
825
0
3855
0
11141
16310
0
13216
16960
1829
0
0
17037
6196
8024
8160
18071
0
0
0
5697
0
0
0
10905
0
19090
0
0
0
0
6870
0
0
17110
12026
0
0
0
0
0
15685
2732
16961
9234
14443
7313
0
0
15192
0
3877
17572
6066
9013
0
0
17434
4244
7446
11581
7404
13562
1843
11476
9639
0
998
0
0
2465
14032
11009
3640
8194
6962
6959
4565
5285
0
8743
5161
0
0
4269
17515
0
13015
0
0
3334
2940
12146
12805
3666
0
12635
17240
7143
9434
15576
571
17264
0
12454
4773
0
19655
15630
0
13554
15007
3623
0
3723
234
4164
16698
16839
5591
12334
10315
0
19450
209
0
19705
9459
5544
0
16522
13222
12579
0
12323
4226
18299
1905
0
0
0
7911
0
0
12808
0
17619
18362
3598
0
3132
15086
0
0
0
1697
0
0
2840
0
3485
4557
0
4011
9884
13440
8188
13262
0
5561
0
0
17644
8064
14762
0
0
5111
0
0
1773
10688
452
0
1198
0
0
620
0
10321
3048
17986
3025
0
8238
1287
2117
8109
0
181
0
8104
7097
6143
3828
4590
0
0
7588
3666
8655
0
961
0
2785
0
14104
11794
0
0
0
10622
4897
2878
669
0
13548
16251
0
0
8513
2144
7761
0
5291
0
0
0
10278
16299
11865
10691
1643
10618
19860
0
0
11152
5461
8420
0
10066
0
1916
3064
0
19372
0
0
18215
0
18006
7533
6572
0
6237
9664
13117
15427
14066
18059
1274
9446
7851
14405
11862
0
0
0
0
0
0
2108
19823
9689
8554
18422
0
10358
0
11277
18007
558
4229
16863
0
5060
0
0
0
0
622
0
6836
0
15867
3563
1148
0
18753
10730
0
15983
3890
0
7349
206
14037
16683
8090
0
14430
0
19090
11126
0
8787
13729
4448
0
9977
0
2260
4507
7232
15532
0
1267
0
6835
17259
6383
17640
10352
19254
15305
8730
17399
9460
3288
16517
11348
4481
0
2652
2984
7355
10997
0
0
0
13413
0
0
8187
10575
18123
1303
17146
0
16362
0
8405
0
18704
2596
19863
0
0
15413
8417
299
0
11496
0
0
9247
1607
939
18483
5185
16129
11185
0
7236
11871
0
16886
6830
19679
0
0
0
7338
0
0
0
0
3852
19761
0
1360
0
4561
84
0
0
0
12201
1026
0
18894
8628
2796
0
17451
0
16721
0
4002
0
0
0
2190
0
0
0
0
0
0
14849
0
9703
11842
18750
14120
18808
8950
7978
5226
0
11582
0
7163
4948
0
5235
0
2183
12133
15851
18977
0
650
0
5588
0
0
0
2174
0
0
4744
18311
1883
694
0
15936
13127
9620
6904
7334
0
5564
16223
4859
12427
18439
11373
16837
19564
2053
18492
19987
7203
2331
960
0
10900
15395
7435
15562
6146
0
0
3024
0
0
18929
8607
2396
1715
8067
0
1431
7234
13527
18205
717
9375
1077
0
13079
0
0
15962
9663
0
15329
161
0
14637
12770
4289
4442
0
9036
17719
114
13271
779
9114
0
17191
19141
10995
12332
11874
9391
0
18084
10966
15760
9672
13676
0
2931
12932
0
15741
342
17590
17961
0
6541
0
1395
4164
2329
737
8752
7562
0
18688
16847
0
5061
7532
13999
14869
0
0
11491
911
0
0
0
3036
16572
4874
0
14975
15432
0
0
8692
4962
2232
14344
3248
0
539
16408
19167
0
0
6630
4294
0
934
0
3420
16642
11314
0
0
13691
0
0
0
0
19567
9583
9600
6639
4420
7518
0
12905
0
12029
0
9213
1984
14921
0
11907
0
15328
9639
0
8761
0
4010
17556
0
9718
0
1535
13117
3203
17589
0
0
16003
11552
5169
19224
0
9611
3404
8543
13696
0
0
15474
9019
1151
19550
11552
16270
0
0
15318
0
0
13639
14048
0
1259
13712
2493
6376
9707
5488
19882
2320
6314
14693
0
6439
0
0
3676
16384
12430
15608
16749
0
18681
14388
0
19111
1082
14039
10575
7355
0
0
0
9560
0
15659
18687
3560
11409
0
0
0
0
0
12199
0
0
0
0
14381
0
9690
0
16551
0
16240
0
8864
7881
6988
0
6886
4027
18084
0
0
0
0
15383
15375
3733
0
8291
1755
1073
12607
1093
10611
7814
6527
0
0
5061
0
0
18825
19183
0
15040
19494
6735
0
14767
15292
0
0
15805
10816
0
15453
3793
17641
8207
5081
7639
446
7546
3339
14285
18419
0
8104
15758
1560
0
3313
6339
10311
17629
13300
16197
3153
0
0
0
0
13977
0
16304
14053
640
9617
5202
0
9673
11654
13854
0
4670
19410
16976
0
0
12975
13301
8323
2528
16271
11579
11311
0
472
18878
14147
10500
16068
0
0
10620
0
2837
0
8487
0
16387
3935
19439
231
15785
0
5923
2305
0
0
5646
17644
322
17906
584
6103
0
3208
19144
423
12706
0
9685
17733
9482
0
0
19853
0
2633
7427
1506
0
19538
11845
0
10458
0
0
6410
10818
5518
16974
540
6854
11303
696
3129
0
9124
12514
19403
12978
10213
0
1797
0
8437
7278
7504
103
1695
15991
87
3614
11905
14802
750
14229
15627
3832
5011
0
6945
17633
7316
13064
0
7065
0
0
9129
0
18615
13833
1644
11634
11891
897
11646
0
0
0
11311
212
0
2481
3299
5002
15823
15861
11619
16196
3477
0
0
0
2588
8364
17104
0
19232
12479
0
6458
0
320
19422
0
18217
3053
14032
15273
2079
11091
10865
9563
0
9260
10930
11938
4432
13220
10929
0
11365
0
18235
2596
9325
4005
6080
235
11559
0
7729
7100
0
6643
0
9770
16872
6596
0
13905
7788
13843
4802
12122
525
7352
19170
5144
0
3187
6237
7984
8961
18695
0
8368
9126
0
15798
4074
9069
546
4377
0
0
14559
6049
1560
0
4963
803
7449
3842
2790
701
571
0
0
15052
8795
10715
9157
17740
2540
0
11367
13294
8583
19908
0
1887
14050
9518
7376
8908
7016
14417
13992
408
8240
7500
19558
19842
7711
12825
0
9889
0
17906
7501
3058
10089
0
552
6435
6122
0
12094
525
17779
18088
19209
7991
6579
5902
0
15738
4419
0
0
11123
2244
5544
1956
16990
14062
1044
6451
1386
2787
1715
6840
11740
0
8549
9074
2285
7887
0
0
14743
19403
0
19658
15825
0
4635
0
2147
12213
5019
18431
8457
0
0
15401
6872
0
15117
16915
6415
11234
15549
6601
0
9174
11950
0
11592
0
11958
10241
4910
14066
14634
343
10572
5575
2331
11802
9352
0
18489
0
4164
0
1568
0
16769
15291
0
12278
0
5680
16983
100
15388
0
0
3163
17376
1362
0
17324
778
7189
17767
4283
19424
17406
16338
752
10618
10725
12521
919
2668
8971
0
0
1293
15333
3678
11218
4129
0
9530
8851
19633
0
0
16011
14073
18697
9616
5433
0
3548
10477
2527
4919
9147
5714
18313
17186
16279
7576
15940
1222
19613
18424
17933
16396
14278
16426
0
0
3947
7082
8473
11491
0
0
0
2032
17846
6137
13342
16308
4350
16815
0
0
9732
18608
15368
0
13423
17868
17063
3220
0
11259
0
19575
16856
8274
9426
14826
0
17143
10188
17298
0
0
0
2211
17810
15422
0
14929
0
2581
17324
0
2264
8003
16955
19657
835
9552
2632
0
8852
3055
11123
11862
0
16624
0
0
0
11685
5949
4083
866
523
7957
17818
12807
331
0
9256
14979
6065
9534
0
473
14894
9749
10917
1459
0
7836
3107
0
5873
0
0
12501
12740
5472
0
8772
3156
8993
0
16578
15929
17109
14699
9790
0
10832
18167
0
15989
6231
0
7702
10198
12551
0
18828
11701
17117
14530
2424
0
19134
13111
19220
8006
8448
3223
9106
17328
0
13069
14222
0
2381
0
0
16670
2588
16188
17538
0
15476
0
4772
1534
8776
18824
6323
0
17446
1545
7397
16598
17195
15793
0
7436
17271
7318
331
9858
0
0
632
8579
0
8001
14940
0
8486
19418
14155
7355
0
1424
12327
984
5469
7706
0
0
0
9701
0
2791
14312
19393
11971
6320
10330
17426
4349
11068
15655
9040
0
97
9760
8405
16917
12175
11428
18280
0
7784
9560
1571
0
0
0
0
14802
0
18912
14111
13697
7386
1529
13394
0
15979
0
14084
1462
4346
7812
12484
618
0
629
7999
2426
4217
0
5139
4081
5706
13081
9736
11408
6874
12879
11762
19148
0
2931
0
11314
7093
17817
13078
0
2946
5106
10649
0
9638
1326
1179
3259
17542
17681
3370
1715
1802
9556
5071
1541
15231
1424
4958
9567
5359
13066
0
0
3001
7485
14621
9314
14923
19335
2412
10803
0
19079
2309
0
18158
3295
4065
0
2037
19672
9817
3866
4030
0
0
13231
4533
5692
0
0
10350
7918
19762
12699
5949
14909
12462
6334
5696
17669
0
3414
13940
2031
12943
11219
0
13239
16027
16004
703
3697
3678
1732
9588
15184
11533
0
9583
0
0
0
0
4586
15832
0
15206
13006
0
7803
5401
9823
16740
309
5794
6078
15255
8768
0
5532
0
17570
13198
6823
10258
13046
18780
1319
8676
11430
3075
0
9315
0
19296
15315
8826
11053
6528
6065
1651
12336
18032
15600
3346
9868
15295
16461
8603
4068
2702
14511
0
17862
0
0
12254
14193
12436
0
4419
624
5309
1073
18575
16687
12185
0
1324
9702
0
5283
0
5511
0
10054
19527
621
2573
13280
19723
3000
2210
0
0
217
0
5153
1525
15223
0
0
15865
3022
10506
8063
0
2302
9954
9519
14195
12682
17163
16864
4479
16077
7493
9629
19561
7848
1798
0
0
0
0
6964
16422
15585
8020
7128
18178
13633
570
12116
13701
7131
8867
4671
0
10116
19719
12008
0
1046
3784
2668
16802
0
0
2440
0
17318
12857
0
9870
10049
0
2009
18837
7359
11870
8227
0
11631
14104
1814
800
0
7893
11471
9867
3307
0
14836
12869
18504
19766
0
18141
4178
0
7324
0
3715
659
0
1405
13245
16362
0
12658
6374
533
11703
0
4200
0
6692
8099
0
19382
13831
3850
4842
1055
2938
2419
3911
2314
564
9255
2142
10640
0
18506
19357
9928
8041
1505
14231
0
0
4460
16977
11432
0
15919
0
17592
3697
6874
9014
6681
0
0
7482
0
9693
15552
1488
5768
0
13676
18627
0
12283
1710
17048
11976
19254
14772
1710
0
19612
16642
9513
8435
6817
8247
12004
16470
4985
4436
2073
4104
8167
12890
8683
5108
19760
1505
15990
5950
15066
0
8896
14382
6048
17922
10631
5436
17673
5733
0
9691
0
9834
818
15021
2200
0
0
13342
0
10512
14079
0
15554
15892
18976
12071
5332
8195
6489
0
14247
9580
1746
0
4055
262
597
9054
14741
0
18768
7589
0
11824
0
15361
5324
0
9469
0
7389
6964
18508
4114
2425
0
5497
5680
3098
11092
6755
16750
9034
10906
581
4451
1706
2385
4953
8714
1809
11911
8067
2403
17672
0
19202
2706
0
3935
4163
6672
10606
17198
9538
8521
8350
7903
19100
12221
4690
2542
0
0
16080
11058
5617
9434
3071
12618
0
10892
4442
15249
13964
14849
14671
10405
6041
13527
12959
9209
0
0
12265
0
3004
0
0
7575
10742
0
10896
11158
11516
0
9654
18543
11123
3440
682
19053
14283
6050
10191
10941
5236
16977
0
0
18102
10094
19218
8477
4565
2589
0
962
4821
978
15945
18268
0
13243
11276
670
3664
18207
4889
0
18240
15358
17130
955
13902
10647
6643
0
0
6805
8515
11096
9513
12727
6101
426
9728
0
9703
9908
6320
2827
0
10896
15086
11665
0
7035
14367
4924
0
2604
0
1522
0
16776
4502
1438
2385
16269
14644
4682
1380
16016
1407
0
13812
14413
2414
12939
0
13921
16655
15366
14109
5720
2526
19808
5577
138
16521
6266
0
13618
17268
10724
10433
0
2827
1675
16012
17103
9706
11942
5198
0
19853
12415
3406
4112
10913
0
17365
10761
13132
17695
17950
567
19196
12105
6787
0
13351
14148
1696
4057
15670
14462
0
6090
3091
10864
13057
0
13924
2619
7584
0
3536
0
9054
11214
8355
2460
2930
13510
4879
10466
7892
11292
18014
18627
9508
3230
0
8948
7854
8358
408
7504
14465
8415
17655
621
17434
17249
14208
6583
16995
9837
3870
8459
7032
214
3163
12274
4191
8363
3658
19359
4616
1564
0
11823
789
16893
13091
0
2403
13397
10783
8911
7662
9708
7215
16376
7393
0
4083
10740
18855
469
0
14964
15448
7173
16620
7843
3229
3622
18508
3180
18504
8581
469
0
9825
8909
9682
14939
16034
8165
2229
13789
10863
17656
523
0
4072
12143
2550
12018
0
16255
17273
10685
0
13674
1840
9275
0
6692
3174
2920
539
14640
17934
13343
2496
0
14697
19825
1267
11333
16424
6365
18008
4741
0
3097
3355
7571
0
14652
5787
9638
8857
19873
14840
18916
12108
1329
14879
3629
6017
1684
12981
8144
17707
12680
13755
9289
6496
4353
6252
2155
14508
5370
0
2554
880
2065
8925
18724
0
6971
0
13658
0
3320
3992
0
0
6103
16086
0
6110
2944
0
7995
8749
0
12483
606
10874
13687
4640
2304
10190
15508
12961
0
15696
13097
16502
14212
6991
16140
441
8168
5084
0
15966
1627
0
16873
10757
15879
0
11827
1503
7843
17018
0
13323
6293
18579
6096
0
7309
5293
6535
7202
8830
8891
9585
6269
13873
13801
15284
19784
11743
8660
15291
14523
18915
17419
8703
0
18513
17174
3910
6743
8152
9823
2539
8597
14675
19
11624
19923
19261
2227
13512
9151
0
0
17861
10054
16161
4950
2202
0
17155
12024
9108
6023
4491
10225
7997
19676
16225
15927
3823
0
17557
17880
13529
17238
4498
0
16899
6974
4051
4076
16730
8427
6541
8297
7511
16501
13829
18830
2863
2847
15518
317
0
5281
4419
12769
8813
17360
0
18443
12964
16682
15140
16169
7274
16512
1627
15303
9030
5059
12037
11310
5546
4942
14747
12776
4847
12051
16723
1896
16791
10732
217
1452
0
3661
13664
11023
2147
9958
14053
7781
8881
11131
10816
17183
19980
8281
16347
5580
1760
3705
0
6022
8207
8871
0
6475
0
19718
10848
17514
8652
6620
10113
501
6854
0
12059
9286
15276
16849
3596
6166
12673
14614
10367
15686
1282
2785
10340
12083
6637
18081
6572
19315
0
7263
14773
5771
19409
19413
2526
7052
1256
7153
19475
10990
0
4031
15550
1692
6764
6519
0
7838
17636
5322
14467
15902
18057
18643
9253
12315
5394
11908
3868
18064
5330
15746
0
19078
13997
6371
7777
3411
554
9054
19766
16612
16025
4702
1631
1901
8562
18748
17608
18361
13842
15151
11900
8037
3395
14351
9761
11313
11415
19630
16230
9434
0
0
5953
17307
15229
9441
11646
4222
17397
0
913
17991
11381
0
16254
5449
13397
617
5227
2279
0
9873
16730
0
13832
10354
2328
1205
19779
0
1492
5751
9100
11222
6241
4782
1999
18932
10899
0
10930
11203
4977
16221
15445
8075
17937
2478
0
10750
3372
5099
3640
3520
16334
16572
19015
18735
19356
1372
12041
0
11078
9157
16911
4270
4794
13246
15334
10391
0
0
2770
10933
10763
12342
5236
19879
0
8571
9006
1859
6019
0
1170
12738
14457
0
15701
15226
8424
16562
9960
15879
2675
5790
18465
18042
16834
191
761
12998
5980
2300
13701
17655
2359
773
13483
6197
9008
7239
12716
2787
6749
3874
16219
17425
18506
154
2054
18955
5215
7676
4056
7490
10178
8972
8637
10992
17429
8356
0
9160
15379
12211
10239
7533
16984
16628
16662
16413
17286
15093
17980
15308
13242
0
11077
0
13025
16892
2160
14040
5987
3367
275
3596
14571
9360
4500
9090
8964
12600
0
19324
16001
10203
1802
16665
7751
5111
4734
10362
6455
5789
17190
15636
5689
9530
15488
10448
13757
54
10351
0
8605
70
296
0
18697
589
11982
16039
3974
2073
588
1428
16798
9235
1873
3359
3365
11769
0
5085
2559
11184
8659
0
1033
17928
14603
0
6046
13251
2479
3954
4184
1304
6939
13825
3052
5167
4648
6160
14917
16867
7730
7516
17913
6099
8404
2758
9634
452
6227
14371
7695
11701
0
19145
16052
6794
4483
11704
5973
13888
1073
19662
1573
14521
10982
4921
18763
19495
8600
4155
0
19663
9469
0
0
13374
8012
15543
13957
17430
14381
2019
12008
4288
0
7877
10978
6429
11573
1676
16295
18956
8337
9996
10604
14235
5454
7949
1176
12522
9140
13505
0
2541
0
15770
13595
2007
17170
9022
10088
8260
0
4378
17687
11396
10992
19562
658
1535
11130
12642
9981
16341
8181
5283
17200
1649
16665
4468
11246
0
4450
12171
9463
5270
0
16084
19646
6815
10021
14212
0
10337
6890
19764
17013
14926
5837
17789
8817
17064
5730
7449
3257
19886
6441
2581
13620
6112
3138
12532
11490
8986
10707
0
10032
1563
17726
0
16188
1195
15660
7348
12522
19460
2016
12878
11062
9981
360
0
3625
157
19579
16673
17587
16873
0
1980
4097
7359
10092
15241
16104
2498
3340
13388
14570
5683
9240
9140
14817
16472
9291
3027
14474
11366
842
18620
3710
7628
7155
14094
7157
3680
18526
336
13363
15464
964
17467
19976
7261
1276
4599
4829
0
18726
17176
1673
6107
5972
1273
5297
4273
598
10923
12473
0
1820
11961
17239
611
11705
10022
18064
8661
12774
7001
11461
1916
6718
4263
8825
446
19093
3663
11132
11604
3746
5907
2072
13852
5703
10787
13313
3412
3085
0
15176
14037
8720
6811
4845
2763
10054
17570
7127
18422
1279
9879
4450
12625
8754
10356
17741
12605
7407
7293
8612
4224
6822
321
16168
9411
2088
12621
16564
19784
7131
18857
8273
848
17377
14259
9774
3538
12798
15947
7562
12539
2337
12460
3904
11838
6754
9317
1478
17585
11916
14289
3285
11859
7906
16250
13578
15424
11083
3244
11413
17380
511
6155
19942
6770
1299
8628
0
15183
14078
0
17187
5022
9400
0
4755
17250
14938
4187
17644
8632
0
1347
8256
10448
17941
9192
11762
17753
17881
0
19093
3095
0
10342
7412
11916
9920
10528
5669
18298
19610
16247
19382
11551
0
37
1492
1724
4397
16261
12818
14618
733
10957
5253
8167
12341
3268
18799
19120
18173
16815
0
16352
10777
11213
0
3153
5476
15506
16114
12505
19299
18055
16106
3359
11425
9321
304
17680
11531
18793
12106
13992
6956
17855
9039
9613
15678
0
1257
8275
8382
19036
1863
7759
7763
6869
7808
11959
11118
17448
376
2251
19920
11978
2527
6957
5256
1010
7910
0
12459
3069
6931
18496
7083
9013
13087
18495
4275
6217
13341
12564
969
9866
7975
7506
9063
10109
2512
14558
12516
17807
0
7301
351
17712
8181
8320
6691
4906
13197
16975
2610
6125
15300
11246
19506
2247
14306
6629
681
3790
0
0
11860
8402
7146
12359
0
4935
1425
13426
16250
8736
4409
18550
19599
2002
8751
16459
16720
0
5675
1923
11462
0
15171
18693
0
16702
3161
5061
479
12804
3579
11763
19154
10486
12453
11129
137
5446
6204
11911
8794
8597
10894
5339
431
8737
5934
8871
14300
0
3126
17338
11333
5467
7538
4912
19078
17321
14771
4374
3683
8645
2739
17275
9760
13843
8400
19616
7559
10804
5308
4502
0
11463
10109
5718
8042
7672
18166
18876
12223
18606
2574
11673
14870
15225
1405
0
4097
6858
18367
324
5088
0
7476
13003
11067
14327
13077
14489
17642
8911
10577
307
5989
0
0
1490
11564
10130
16806
3027
16129
15716
6401
7153
19885
10164
12983
710
14277
17470
19301
10416
5496
11915
18240
3628
5426
12049
17732
5834
5924
12165
1468
825
8511
4357
954
573
8477
18029
19450
9
9499
14136
18635
12279
4042
8906
4952
19193
18423
18664
2621
9438
6473
14977
6259
14426
10189
11441
10986
2377
6871
8584
9190
13514
7544
14545
6131
1864
9428
18822
15100
10862
18479
17994
7565
7663
11053
773
9410
242
1365
10032
13743
8175
3391
8121
14381
728
12348
5620
5443
8100
15884
2722
15504
3661
10005
14995
2239
3526
9653
2354
16205
5411
15650
8309
2969
15901
12482
787
2481
15625
19593
3860
8148
1532
14384
4336
17555
13890
5143
19738
12772
13753
13493
67
0
7593
7736
9647
4994
5885
2462
12985
9289
15122
10177
6996
18516
1062
17133
14029
10691
2512
13447
14314
3670
13219
19638
13695
18355
13078
10280
585
4954
16118
15760
6135
9178
1407
1185
5714
6676
18206
4273
7142
5915
10183
7290
14673
7439
13351
15156
3922
7543
12067
9638
16721
11333
14812
9565
9717
9473
17151
0
18927
0
9836
17513
790
7623
3404
10905
12765
11580
2726
0
6712
14149
4052
13350
4277
18591
13636
3531
2392
17893
15974
14269
17251
0
3387
16293
14033
10102
1994
19500
1241
19270
17687
10006
16783
0
0
0
18254
1004
0
1243
2879
14011
3002
19501
14473
17938
13917
1821
0
1491
12662
5416
14135
8988
15457
13291
14339
0
9882
14697
11995
4771
11086
6720
13477
19517
6627
17469
10848
8607
8378
4693
3336
17876
6306
16946
12130
6666
3207
11525
1829
3489
15049
16761
4896
7422
0
18626
792
19438
3230
15001
12724
53
5949
18592
7521
17569
14274
15397
2847
14230
4787
2591
9574
18519
681
4119
6208
1016
16141
16384
13136
3948
388
7475
15735
2150
746
12027
8019
0
9137
16808
10796
2467
10594
8655
15485
18022
17121
17426
170
13667
5801
321
12547
13406
817
10694
18157
1766
8038
9038
11207
16652
1605
17474
5082
10744
619
7615
548
0
3978
18953
1928
13655
16190
17616
9070
18892
17360
1931
10496
19682
18617
5111
17662
4259
1233
9620
5102
14603
10244
9670
13156
18725
9888
3743
12071
531
4295
9862
9558
14510
6835
12785
8616
3399
6914
8506
2039
9135
11430
13396
4675
13613
10095
19225
0
7469
13194
11802
6394
15176
635
9459
8513
12780
2504
4514
9711
16830
3968
17242
17141
11055
8573
2913
18972
17015
13997
2424
7185
7652
18630
4804
16427
3784
9623
1094
7570
12967
13569
10231
10112
5237
5488
2824
17843
16366
19121
16149
18252
7633
6407
5617
19697
11950
18695
8458
7502
15650
7666
50
9475
7187
13809
511
8104
3307
1554
19453
6630
7507
10383
6545
14307
17148
11359
2801
17121
19216
3462
19478
302
1733
16533
3853
15779
820
12192
19918
17123
18291
2505
2974
4691
10644
685
1937
17785
2301
3241
15137
6336
17320
9933
17671
18675
4015
7279
876
3554
16249
12840
17626
17852
11648
8357
11470
5323
10227
