0
0
0
22901
3281
0
0
0
1631
1510
0
20439
0
0
0
0
0
0
7064
0
5659
0
290
24229
0
0
0
22273
9953
0
0
0
18402
0
0
0
23419
10131
0
0
0
0
0
0
0
0
0
6505
0
0
0
0
0
0
0
19739
0
0
0
0
6769
0
0
0
15126
10553
0
0
0
0
0
2948
0
0
17275
7062
0
0
0
5006
1856
7505
22357
4737
0
0
0
0
0
0
0
21307
0
9155
0
0
0
23951
2922
0
20559
18753
12654
4500
1897
0
21971
0
14902
11529
0
24467
8707
1698
0
23461
0
0
4879
0
0
0
2087
19849
0
0
21322
0
8536
0
0
0
0
0
3846
15674
24531
0
0
1049
0
11840
0
11406
17775
23936
0
0
0
16607
3214
20810
0
17893
0
10014
684
17495
0
0
0
11787
0
0
0
13229
0
0
0
0
20213
0
0
13343
0
17043
0
0
0
0
0
0
23094
0
2178
0
10605
0
0
0
0
0
0
899
7830
0
0
0
6004
0
0
0
24296
0
19065
24072
0
0
0
11884
3422
0
14365
4289
0
0
0
0
0
0
7096
0
21387
6157
4669
0
0
3031
0
5588
0
0
0
0
0
4207
0
0
0
0
16126
0
14737
11312
0
0
10605
0
0
14058
6735
0
0
0
21912
0
4756
0
7926
13374
0
16981
13965
3974
0
8447
0
0
0
0
0
1118
0
8464
0
2673
0
0
0
0
13602
0
9847
0
0
0
0
0
5915
0
0
13272
0
0
0
19530
0
0
0
992
0
4681
0
0
0
21959
0
0
0
0
729
0
18462
0
16953
0
0
0
8664
2096
23415
0
13301
0
0
0
10093
3437
0
0
0
19804
0
16233
0
22435
0
5371
23934
0
0
15388
0
0
0
20839
0
0
0
0
0
6535
0
14967
0
21822
0
0
0
0
0
6393
0
0
0
19573
20156
7056
0
0
0
0
0
0
6004
16646
0
23383
0
0
0
0
6330
13893
18851
13135
0
0
8041
0
0
16144
0
20679
5770
0
0
17581
5372
0
6591
0
21880
6638
0
0
0
16167
0
17433
0
938
19524
0
0
10060
0
3629
13067
0
0
0
0
0
0
24115
0
0
4223
19817
0
0
0
0
0
0
10952
820
0
4582
0
19684
0
0
14282
0
0
11351
0
0
0
7679
16655
20849
5645
0
0
17868
0
21795
21143
563
19007
0
18631
0
0
15900
10962
2858
18751
0
19763
8741
18450
4923
17638
0
0
4977
0
0
21912
3502
0
9086
3068
11709
0
0
0
7620
0
0
546
0
0
15050
0
0
0
0
22452
21451
0
0
14199
2510
0
6748
0
0
1234
0
24949
1501
11635
0
19656
10498
0
0
6456
0
0
0
5674
10583
0
21327
0
1011
20566
13243
0
21704
0
0
11575
0
17685
0
24829
10329
17794
0
0
0
0
0
23489
3670
0
0
0
0
0
0
16275
0
0
8177
0
0
15304
0
558
0
18667
9409
18432
2708
0
21414
1327
19655
4398
7578
0
0
0
8387
0
0
0
0
23945
0
4209
9591
0
19918
17397
0
0
0
0
0
24449
16208
4123
0
15356
0
0
0
20291
12540
0
0
3781
0
0
0
0
0
8696
0
1562
0
8632
0
14345
0
6035
0
0
0
0
0
0
0
0
18270
0
12926
0
265
0
0
0
22655
0
0
3133
0
0
22486
0
449
4362
4871
0
0
13735
2104
12601
0
4213
0
0
0
0
0
0
2602
0
5358
19101
15385
23879
20447
0
0
0
7260
0
0
0
0
0
0
22313
20101
0
0
0
17671
6539
13452
8183
0
0
0
11010
14346
0
0
0
0
0
0
2420
0
0
22403
8527
0
18056
0
0
0
0
505
0
0
11072
0
4108
22966
0
17729
17662
0
0
0
0
21734
22268
12694
973
0
23581
0
0
8195
0
0
7297
10226
0
20400
0
14108
0
11504
0
0
12871
0
0
0
0
9039
19829
0
0
0
17366
0
0
0
0
0
15776
0
0
0
0
0
0
3029
0
0
0
4037
10124
0
16252
0
0
4737
6460
0
16937
10991
0
15020
24553
0
23603
0
6021
0
0
0
0
0
0
0
0
0
0
0
13209
877
17033
0
0
16787
0
11945
23903
0
15625
0
0
23235
0
9891
0
20865
8080
0
0
0
0
10674
0
0
0
0
11167
17671
0
0
0
0
2711
19488
0
0
0
0
20861
0
0
0
0
0
0
0
0
0
0
0
0
11503
0
5410
12824
9616
1173
20497
0
0
0
2694
8750
4638
0
0
1840
0
0
0
18013
0
7225
0
0
18419
8975
0
12806
6663
0
0
0
0
0
15535
0
12311
4312
13097
16277
1560
0
1191
20236
20689
0
0
0
0
5875
0
3506
0
0
3126
11010
0
6879
0
0
20213
0
21700
0
0
2463
0
13783
14607
18743
8192
16935
14055
24170
13955
20642
0
0
0
0
0
0
0
0
0
0
0
19294
21127
15668
14800
0
0
22337
22698
0
0
0
0
0
10098
1915
12494
0
0
0
0
0
0
0
0
0
0
21255
0
0
0
0
0
0
11147
2677
0
0
5090
0
324
0
0
19739
12902
0
0
0
0
0
16743
0
0
0
0
8219
1281
15571
4661
0
0
12492
0
0
9665
21756
20635
0
0
22901
24939
0
22457
0
0
0
4380
0
0
3319
0
0
5779
6224
0
0
17060
18285
8689
0
0
0
0
0
0
0
0
10355
0
0
0
0
13853
0
18517
0
18863
0
0
18662
0
0
0
0
15312
0
0
22367
0
20933
0
0
14693
0
1034
0
0
0
0
5893
18258
0
21670
12069
13414
0
0
16098
0
24201
8339
13488
0
0
0
19042
8556
7312
24060
0
7174
0
11462
0
15680
0
0
0
0
0
0
0
0
2091
7535
9947
7802
18276
0
0
0
0
0
6697
12994
11275
0
0
0
8392
11299
0
24588
0
0
0
0
0
9705
17791
0
0
0
8128
0
0
22369
0
0
0
16211
0
0
23676
3454
5052
22894
0
0
0
20517
18001
2905
18484
0
0
0
12936
5420
8901
5515
0
0
11286
0
0
0
19486
0
8774
6812
24373
0
0
23749
21483
0
5238
12475
0
0
1934
0
18339
0
21508
3193
10513
0
11064
7593
18420
1672
10392
0
16448
0
9821
11419
8723
0
20701
0
0
0
0
0
0
18288
0
0
0
0
7333
0
0
19438
15707
0
9964
19549
0
0
0
0
16527
0
0
0
0
0
5606
0
0
0
0
0
0
0
0
0
8368
0
0
9908
15869
0
9527
0
3193
24738
7747
0
0
15023
0
0
14969
0
0
229
22445
19836
0
6199
0
0
9486
0
0
0
14993
370
510
2680
6242
0
3882
0
0
15758
21639
0
0
0
19220
0
0
0
9240
4673
18153
0
9623
13233
0
3144
22389
12475
19286
0
0
2883
22046
6619
1062
6248
0
0
0
6531
0
0
0
11687
0
0
0
0
0
0
0
2294
7499
0
0
0
10682
0
0
0
0
0
10825
0
0
0
0
0
0
7644
0
11224
0
9624
10909
0
14299
14160
16228
7873
0
7526
0
0
24274
20476
0
0
0
0
3888
0
3844
5761
0
3653
0
12586
21095
0
16906
10477
0
0
0
16831
0
433
0
0
0
5576
19590
0
10551
1032
22719
0
5742
0
0
0
20208
0
5204
7107
0
0
21272
0
13711
0
12470
0
0
13892
0
0
0
0
249
0
0
12859
13157
0
10047
18895
5722
0
8025
0
3942
14922
0
0
0
0
23181
14028
13966
18785
11806
0
0
24683
0
0
0
23198
2023
2216
5294
0
0
0
10856
317
0
0
12087
16801
3536
837
6359
2271
0
6912
0
0
16214
11039
0
0
0
7322
0
0
0
15966
0
0
24325
0
0
0
0
235
0
5674
0
21658
0
2054
20098
0
0
0
0
0
0
23803
22565
12723
18530
2618
0
0
0
0
0
0
0
0
0
0
0
0
9251
0
0
20214
0
0
20679
12056
0
21251
0
0
0
8817
0
23898
18931
0
12662
0
0
0
0
23642
19614
16250
24812
22701
0
0
0
13779
15012
13141
22323
0
0
0
0
0
13130
0
5780
13301
0
0
19725
20909
0
0
0
0
16444
0
0
0
8112
0
0
11222
0
0
7453
23511
7799
0
19102
5155
14074
0
0
0
18898
0
13242
0
0
0
0
0
0
0
0
0
24802
13591
24279
4293
8789
0
6542
0
19063
0
13369
0
9155
0
9925
0
0
0
0
0
0
14628
11613
0
379
0
22434
0
926
0
0
0
16523
7489
0
12459
20550
7106
0
0
0
1681
19375
0
13407
0
0
0
0
7446
0
3008
0
18735
0
0
16579
0
0
0
0
0
11518
4709
12755
0
24794
0
0
11060
0
23783
0
14461
5917
0
0
0
21243
0
0
0
1497
0
20656
21272
0
0
0
0
0
0
0
0
0
0
0
3502
6152
0
0
1262
23767
20566
0
17527
0
0
4726
0
0
0
21353
10270
0
6629
0
4109
24320
0
6132
22182
0
0
6298
13352
0
0
0
0
0
0
0
0
19115
0
0
11906
11706
0
0
23291
0
0
11034
19480
23771
0
20869
2896
7308
0
17824
16078
0
17603
0
0
10544
0
9425
0
0
0
0
0
0
0
5457
0
0
0
7059
0
0
0
0
7474
24173
0
0
19314
2129
5530
10961
14341
1829
23536
6132
0
9961
0
0
18158
0
0
2711
6188
0
2641
0
9929
5583
0
22350
0
0
1495
0
0
10416
20484
2822
17254
542
452
5563
16947
0
18884
0
0
0
8349
0
571
0
1645
4993
23884
0
2218
0
5161
0
9803
0
0
0
151
16899
17141
21661
0
11163
6238
0
0
0
15114
0
14045
12149
0
3821
0
0
0
0
18929
0
3375
0
0
0
0
13226
0
0
0
0
0
0
0
19480
3422
0
0
12311
0
13364
21263
0
7952
0
0
18414
17276
23479
0
18034
19585
14390
10925
19299
6646
11928
2838
0
0
0
0
1045
21431
12746
0
1235
0
16226
0
9694
6986
0
0
0
0
3418
1646
21343
0
14919
7965
0
20076
11995
0
0
0
0
0
0
6812
19534
13077
0
0
4714
7364
0
1921
0
283
18583
0
0
0
0
16230
6141
0
0
0
16236
7101
3625
0
14189
0
0
3694
7824
2424
14948
0
17117
0
0
14465
0
1286
0
0
0
0
0
21529
0
0
6607
0
20756
23162
0
0
0
18740
0
9771
0
787
21287
16997
4919
7506
8601
0
0
0
22018
0
0
0
0
13628
0
0
12606
0
0
0
0
2283
10325
19789
1560
6073
14513
0
17479
0
13018
24083
6793
1913
0
0
0
0
0
9918
0
0
9954
0
411
3454
0
0
18077
0
13803
3835
0
12465
0
10188
0
0
0
0
0
3523
0
0
0
7963
0
0
0
6017
12662
1250
17932
1141
3809
0
0
13930
21858
15596
18708
16759
4560
24629
7216
9578
0
20387
19585
6756
121
0
9742
0
0
14960
0
0
0
9558
0
2688
4402
5501
13352
14129
0
0
16942
19864
5438
23298
548
0
20502
0
21016
10406
21492
0
19298
11677
0
5896
5799
16236
3905
1426
14263
866
0
0
0
0
0
18627
3042
0
5818
0
19073
16567
0
5820
0
15101
12875
0
13150
7292
11761
20226
0
0
0
0
0
0
8867
0
0
0
0
10937
0
0
10998
0
18276
14197
13822
19324
15611
0
21063
8774
2813
16141
22689
21700
9708
0
6152
23696
18294
0
24833
0
0
0
18906
11183
0
8453
0
0
0
0
24143
0
8886
2708
0
9813
0
0
8231
0
0
18753
24209
0
0
4445
0
0
1669
13005
0
0
0
0
0
18609
0
18493
4096
10112
3225
0
9463
0
10093
0
0
0
126
0
2819
19253
0
0
14139
16786
5931
13435
20269
13746
18137
17634
8465
0
0
1698
3659
21462
8591
8435
7482
16784
0
0
0
0
0
0
0
3475
0
0
0
23764
17500
0
21018
0
0
16678
4035
0
23187
18689
5363
0
0
0
16352
0
0
9318
19066
0
0
4004
6880
9055
21626
0
6385
19631
0
0
0
19698
0
19919
0
0
10125
2804
15041
15284
3491
0
0
9589
5271
13582
15469
13928
13853
17336
16994
20977
0
0
0
2658
9382
19290
18125
2600
24
0
0
11632
0
0
22250
23586
0
0
937
13249
335
21963
0
0
10666
12297
19402
20150
0
19043
0
0
0
17666
0
0
0
0
7549
22785
0
22550
3827
8389
0
0
7428
3987
6857
0
3169
0
0
0
0
0
8134
0
15452
0
19617
2858
0
0
0
6092
16812
0
0
0
0
11567
24139
17969
0
9852
19224
14134
22819
18837
0
16356
9431
0
0
0
5420
0
18257
0
6402
14680
15844
11845
0
4496
0
0
20868
9414
21201
0
8993
0
0
24629
0
21012
0
0
0
0
0
3745
0
0
0
23420
12736
0
14518
23708
0
7094
0
0
14626
0
0
1981
17271
0
0
0
10814
22576
24479
0
8011
17314
0
0
0
14608
0
0
10423
7474
11953
0
0
17525
0
0
4868
6978
0
13025
2012
14741
4314
4977
0
17509
24972
7133
0
13536
0
0
3195
525
0
0
16812
0
0
14062
13641
11088
0
7033
0
17756
367
24801
2858
0
0
0
5934
1873
13827
19234
0
0
0
3649
0
0
0
8342
0
0
0
0
7210
21148
22182
0
0
0
16881
151
11292
0
0
2249
12844
8370
0
0
0
2748
0
0
11939
0
4278
0
0
0
18455
0
10102
0
0
0
0
9535
0
20126
6825
8358
0
7927
448
0
0
0
3049
0
0
0
9247
11743
2685
0
10760
7550
0
0
3298
12768
13627
0
0
0
0
21447
11486
8082
0
0
5756
0
0
0
11417
0
16495
10387
0
4569
0
10674
3512
12235
0
23141
20803
21760
0
3623
0
0
0
0
0
0
23799
2718
0
0
12575
0
0
0
19335
16739
21300
0
7589
0
0
7937
0
19336
13641
0
5251
0
0
3939
0
0
16436
0
3793
21958
11537
0
0
14680
0
19410
24055
0
0
14871
0
23016
20220
8770
494
0
8162
0
0
0
12540
0
21167
13014
24766
13765
0
12418
22565
0
0
0
8348
0
0
13587
0
0
2692
0
0
14555
0
0
2868
14941
0
17837
14219
0
16964
0
12422
3463
18027
0
0
1336
3846
0
0
17702
7985
0
6922
0
0
5004
13484
0
0
21915
0
0
8632
0
0
0
0
3448
0
0
0
3992
5692
0
15825
4594
0
14932
0
2859
0
0
4009
0
21249
5753
0
22029
2641
7343
21438
0
0
2633
3942
21584
18291
0
0
0
0
0
0
21177
0
269
6707
0
2805
21468
15055
0
4863
19073
5674
82
6354
21598
21825
0
14840
9699
2206
23041
18067
12678
5803
0
9598
23152
20659
13311
10447
21995
0
172
0
18541
0
11727
0
0
0
14088
8192
17944
5775
3659
143
0
10421
2844
0
23235
0
4347
11727
15366
0
0
23742
5071
20106
11904
21679
2693
0
17028
0
22197
11635
19081
6629
0
5121
0
21358
13463
0
0
0
594
9518
3919
20439
4191
18474
0
0
0
241
0
0
15290
15435
5717
11063
7302
9058
3686
23784
9174
0
4696
0
17552
20303
3184
0
2478
10750
12912
1189
0
3676
1080
0
17148
1928
0
0
11049
0
9649
0
9605
0
17282
0
16375
0
0
2862
15015
7309
17739
0
0
23540
0
19499
0
0
0
0
0
13568
16119
0
8971
14951
0
420
0
0
24588
0
2711
0
9755
0
0
10391
453
23263
24856
0
0
10335
9574
4508
10497
0
0
0
0
0
22650
10546
7093
0
1896
11073
2036
2432
0
16410
1736
0
0
0
504
7238
0
0
16368
16949
8754
0
22393
0
0
5408
8079
4571
0
2415
14213
0
15545
14107
0
0
0
0
18065
3304
2925
11389
6528
15739
9011
0
20499
0
0
2650
0
0
14120
8768
0
3755
13684
0
0
15914
0
0
2844
1032
5695
1767
0
5034
8401
8587
0
11915
24399
0
22500
0
0
8951
0
19335
16880
6561
17358
19011
11294
0
5172
2119
1416
16320
19298
0
0
0
11022
14187
606
7988
21328
0
18520
20477
0
24659
0
0
17912
14592
17312
3461
18920
0
0
0
14034
23788
13114
0
0
17339
0
5905
0
19336
22911
9004
0
720
0
0
0
0
0
4176
8433
0
0
0
10282
23082
0
3230
10649
0
14707
881
0
0
0
18064
2716
19567
706
1923
14929
16172
0
0
1099
23150
15005
0
1407
9548
11173
4418
1633
10335
8211
6444
15239
0
0
583
0
0
6377
22800
0
19429
14658
1793
21462
5379
0
15685
24374
13339
24503
9280
17982
0
12893
0
0
6900
17211
0
3920
4604
0
14701
0
0
23569
0
6266
0
17934
0
23023
0
0
19547
20354
13866
0
632
0
0
0
4496
0
22680
16113
0
16403
0
13348
2629
0
5202
6667
15855
0
21791
0
18863
0
10183
0
13352
0
4818
0
7537
11342
0
20631
17137
0
1446
0
0
0
3744
2765
18494
0
4848
11370
0
0
17341
6615
4231
0
0
0
19557
6430
5574
6422
20262
6202
2015
0
6689
11127
14382
2873
0
6763
13268
0
16376
12923
2269
20385
18649
0
10496
1405
372
0
19388
0
14346
7238
0
7415
18576
0
17163
221
12999
3828
23840
2153
7296
0
18091
0
9582
0
0
0
16514
14248
21946
4638
5166
9011
7077
0
18402
4141
7533
0
0
0
5135
0
19112
14410
0
23890
22559
0
14230
18283
1773
0
0
0
7505
0
0
3104
1029
0
19083
0
8986
18031
12102
8141
12137
1111
0
7494
15468
1350
21448
18843
22202
23624
12912
10352
0
24850
0
5879
21049
3844
12715
19083
0
12998
0
21996
0
23424
0
1439
8560
6826
0
0
0
12897
0
0
420
20310
1419
0
10155
1322
0
15167
16530
15038
16199
17534
19358
3135
13245
937
0
0
15079
0
0
0
18013
0
11721
0
0
0
0
12714
0
0
0
0
4557
19287
9814
0
21124
0
0
0
24733
0
2340
9046
0
9609
0
12647
0
0
0
0
2992
0
0
15734
20178
0
14583
2098
21230
0
7120
2757
0
3033
833
24422
0
0
13978
0
22796
17739
0
0
16356
0
0
0
19366
24774
0
20679
6786
981
24643
0
6089
5878
10301
0
0
17614
612
0
15842
17000
18276
14905
0
0
20230
0
14912
20249
15842
9103
0
24532
0
0
0
23421
16016
0
787
0
0
0
617
0
12149
0
21002
0
0
0
3874
0
18583
450
14846
16303
10988
0
0
0
0
0
0
23655
0
1794
3762
0
19860
3519
16357
0
0
3883
0
23429
24235
14219
13330
0
24490
0
0
0
0
8098
11713
190
0
18734
4918
0
13741
0
19352
2407
0
18892
10440
10200
11871
23455
15886
3821
0
4368
0
0
0
0
0
8119
0
21689
0
0
0
18934
13470
23924
0
16840
0
0
0
0
0
17509
0
0
0
13073
5037
0
0
5618
881
5961
179
0
9887
7112
0
0
0
0
14350
0
14238
5128
20116
23782
0
0
19847
0
666
2955
0
352
4467
7494
0
23196
11257
0
1672
0
7724
18023
0
4416
17380
875
7236
21858
12220
0
1633
20374
16224
0
0
4598
0
4114
0
8224
4154
3290
7832
0
7752
12964
0
18768
19161
0
0
0
13026
0
11982
23996
0
5676
3068
7466
17662
0
18524
21871
0
0
3659
17854
0
10231
15304
2928
0
24240
0
747
18553
799
21634
14846
12150
0
8183
0
0
0
23461
0
0
153
23068
15979
24775
0
10925
4495
11789
2231
0
0
18695
13591
0
12897
0
0
0
10296
18343
21254
92
17164
0
0
8559
12829
16586
0
16209
0
14399
24388
0
17273
17392
10436
5080
0
0
19881
9222
0
22303
0
0
10069
21327
6986
0
15335
0
530
0
0
0
20763
5606
0
0
24252
18382
0
771
0
17338
0
20679
0
13545
7015
10545
15693
4476
22482
0
0
14815
23683
15396
23181
24326
765
0
0
16618
16517
0
0
0
0
0
15894
0
0
16121
0
4114
22867
0
12452
18054
2678
6436
5046
0
15042
0
0
0
0
11538
0
1887
0
0
12446
0
0
0
0
24973
0
0
0
0
0
22629
0
14658
0
22833
0
4042
12057
14460
0
18017
24441
6929
22238
9414
15499
0
0
11392
16913
17880
12642
16603
12203
2617
0
0
24698
144
2731
9080
0
18816
20647
16858
0
14047
0
5333
0
3206
20149
0
2957
23349
18959
7503
5480
0
101
0
9049
0
0
3178
0
0
0
5620
0
14100
0
0
22886
4948
7961
6927
0
0
17748
6982
7842
0
18157
11904
9727
14363
15410
548
15675
4941
14100
0
10367
23681
24576
0
0
8345
22624
0
3508
24333
8687
0
0
18979
0
18723
9742
7106
0
2323
2409
0
14556
0
9568
22033
0
0
607
10673
2423
11791
0
23279
2418
910
0
8570
713
18790
23058
0
14019
0
15541
21827
4312
3831
13494
19677
19143
0
18170
17700
8102
0
17603
11945
1907
4283
11827
0
9930
8358
24979
0
0
9939
0
0
0
9262
0
23966
5077
252
5331
0
16334
6930
0
10906
0
3623
2558
11608
2957
23737
0
2967
19155
10247
0
0
9232
22149
24243
10962
9021
0
17488
14663
22449
10006
19067
7862
2650
0
6354
20271
21665
0
23349
16683
3993
1015
0
14908
0
0
0
0
0
22291
0
0
0
15254
0
2617
17661
0
18776
15721
9392
1017
0
24770
0
0
13874
4286
0
9818
0
0
0
0
18107
23380
8120
16607
21640
20967
8031
0
20630
10893
18226
0
9674
0
0
0
0
0
12816
1579
2794
0
0
0
9558
8154
0
16032
16269
5756
0
0
6046
22468
11727
15927
7284
13073
0
0
21372
0
126
0
12262
13351
0
0
14889
13913
0
13411
0
7201
0
4041
9248
2532
0
0
24492
1182
7525
18638
0
0
15162
15686
0
0
0
17403
18205
2103
548
23454
17488
0
1310
0
21638
0
2542
19260
0
18134
0
4717
22654
0
0
0
6271
0
2881
0
4953
8897
6439
0
17889
9504
0
5716
0
24454
0
13695
0
21938
14597
19307
0
0
2071
24132
17576
4912
9568
5946
7439
22244
9938
40
1287
23992
4474
13145
5520
10115
15031
0
6323
13172
6854
22454
22416
0
17655
19272
4672
3805
0
0
1200
19308
0
15181
0
0
5498
7559
0
0
0
24990
19237
0
6349
0
12049
4987
16412
17535
4362
0
9109
18827
12588
8886
3429
14372
14861
0
8067
0
19720
19534
1027
0
0
0
21855
8878
7401
6083
0
4229
2315
0
7503
23130
21595
22095
18534
18066
2228
19934
0
0
4522
5624
0
9788
15030
11540
0
2352
0
13214
889
15169
0
0
19672
9088
19637
17840
10229
10236
0
0
18799
8871
0
0
19729
0
17484
0
12686
21149
974
19521
6689
11007
2619
0
5214
0
8804
0
11815
23767
14291
5082
5305
0
19846
0
0
19949
20133
20330
0
8320
0
0
3469
4647
21097
830
7047
0
0
0
0
6503
23122
9734
0
20239
21240
15063
15719
0
0
0
3462
13943
4880
1216
12240
7617
8679
21388
20743
15996
0
0
5199
20695
0
6898
3764
17465
8425
23844
2787
0
0
20600
19642
0
16582
9300
2422
24899
0
0
0
16471
2129
0
18925
14988
7742
3260
21074
10690
0
16659
0
0
5424
2864
0
2532
1763
11995
19369
9330
21919
0
20323
0
11167
4515
22256
18865
0
14213
14205
24594
0
0
15345
22692
0
1412
893
11334
0
18347
4356
0
5337
7316
5301
898
1407
22195
3707
5274
20547
14688
18350
7290
5826
2792
14906
0
0
0
17586
19090
0
352
13624
23418
4973
0
4339
22577
0
0
0
4176
16611
4016
0
712
21973
0
22970
7093
1401
9097
4113
10931
15439
7200
0
6085
0
11581
5150
2751
0
0
17714
0
20211
24730
11882
0
0
0
11080
0
0
5475
12734
2819
16016
15795
24275
11190
3615
19941
13944
14447
19750
12251
0
5753
18352
21046
3167
14366
0
9401
0
24554
4872
9690
20596
0
5550
10281
23705
0
3887
0
11141
9100
0
22854
0
19349
13777
11930
0
10701
24959
0
8588
24898
3102
12293
10240
6682
411
23528
0
20622
1680
1849
18926
16982
0
1755
24865
23057
0
11995
17755
9467
0
4773
0
16381
23276
2718
12251
2490
8084
0
8120
13046
19016
0
10440
12424
20488
1221
0
21920
9414
23125
0
0
0
18905
13656
24180
6131
0
10580
0
1887
3307
14953
24553
10298
16843
0
3566
1115
20359
13587
18901
5515
0
18023
2905
18103
0
23784
10413
0
9356
21624
4204
6005
0
15832
0
3590
8610
18058
3891
0
0
18275
20883
0
11175
16193
6185
23493
0
20339
0
0
23769
19444
21157
16329
0
0
9296
3394
20596
8150
0
0
0
0
2871
12566
0
24073
10320
8026
21994
15847
10687
23071
17010
12952
2374
0
5310
12881
0
6782
5
24488
15693
15288
8259
17653
24468
4100
7443
6625
5313
7428
14116
12395
0
12256
3547
14863
0
141
16890
0
12765
0
0
5165
5485
18233
0
16197
23520
0
13298
0
12429
18483
0
2878
7084
0
11341
0
0
8778
22342
0
0
14984
2499
0
3969
15964
9356
24421
0
19147
14738
22891
0
5643
18338
15438
17695
12768
13707
15790
0
21559
3179
21064
5942
7796
23724
11420
6234
0
0
0
0
20640
20575
0
16306
3703
6186
6610
4252
4354
1183
8432
12699
23736
21317
18180
0
17010
8365
8257
20235
0
2617
13171
8650
20841
0
16132
0
11564
0
10778
0
2608
0
23981
3764
18218
460
18979
0
11277
9588
0
0
0
12778
11171
0
24855
18320
0
17539
11820
17373
0
0
9968
950
0
0
0
22546
0
0
0
0
20678
1409
0
0
4673
12218
15280
22194
10161
9230
16872
24215
17152
6297
21603
19582
21271
20741
0
9187
8081
7288
0
9183
0
5372
8846
15643
4719
3322
4436
8387
22383
18874
0
0
0
2322
19140
9060
0
0
23196
1435
18063
23088
10399
12810
17305
18154
0
1194
8206
20869
9782
22493
13013
23194
12505
18912
11746
10402
0
22021
0
0
0
9637
0
1233
9515
1520
2263
0
7601
0
0
1600
560
1281
0
4665
0
7509
8101
3608
24764
0
0
6085
22309
16864
20041
2435
22371
4165
8906
0
12913
24824
0
21492
20473
13716
11023
16542
23593
739
0
15944
4021
7446
0
18720
0
13649
1339
24389
4230
13364
520
3400
14389
8640
17439
17097
9690
2028
14345
19148
0
7443
4138
24543
23822
1763
9637
21360
0
0
23910
7140
20647
0
22242
0
1851
0
5378
10773
0
13607
11975
18310
8498
632
23504
0
13232
14466
7894
8026
19896
2274
19168
2219
0
5780
12306
11081
24161
0
23285
4785
0
7747
3102
0
6509
4899
3040
0
20700
8795
1327
0
24443
0
1284
2390
1165
2890
9022
4234
21766
19787
22155
7402
9667
15154
1099
14789
21260
17037
20901
5053
9516
11120
0
7422
14360
18571
0
0
0
3881
0
8533
2896
23062
0
7524
13411
20395
0
0
4873
0
19954
7778
17713
24872
20781
0
23198
0
20280
2983
367
17955
14144
14050
0
9363
21145
16272
21183
0
0
16244
5269
0
6205
17484
15508
0
0
13548
13479
0
11919
21162
15610
2113
24860
0
11968
22416
11880
0
20222
20882
19947
15562
0
9005
0
3402
17688
22504
971
16395
1638
24183
23764
8067
22265
850
19457
4553
24377
3270
20150
17130
0
22985
18329
0
22952
22449
0
10916
11392
9667
6954
0
20790
0
18825
0
0
0
0
11688
6615
6680
10545
0
8997
8322
13593
5409
4876
5825
0
24669
0
8706
0
14670
0
18751
0
634
17238
20264
15502
2254
13691
0
311
9508
17645
5808
0
22138
15749
12127
18330
7804
4521
3867
6314
3816
18455
6760
3559
8328
15195
0
11179
24341
0
526
0
18768
9048
4977
12957
2917
17826
2594
9047
24241
12170
3526
24150
13982
16045
788
0
0
13354
23596
11757
322
5737
15654
12404
13052
3248
0
15574
17341
5640
6593
19941
20566
13354
9350
0
0
6930
18412
11966
23504
0
9831
19904
19624
6532
3083
16587
13532
12164
0
13662
8398
7930
2490
12120
0
0
19423
10870
16607
0
15648
13902
0
2535
18543
0
16856
1152
6761
771
11325
6966
19999
0
19994
0
11294
9020
4211
24327
0
21598
15117
23845
15524
0
21908
20191
8329
2593
19609
7138
15809
0
11449
20861
21844
18769
13910
13659
10779
7505
6160
17924
24199
12741
6728
20023
10702
0
14715
17075
0
0
7442
12956
23903
17192
1080
8579
0
12226
9825
638
646
0
23757
19282
21275
0
587
0
12105
0
6534
6282
0
1145
0
11118
14706
0
0
6495
4587
0
0
11316
23251
13089
24635
12412
23940
17406
14969
22345
15931
23754
12607
6575
5622
7008
22826
13227
0
19623
17810
0
17948
0
6902
0
0
21878
0
0
4005
21182
23997
721
10933
12438
6258
20458
7676
19139
20735
0
5660
0
18441
0
6290
14854
13319
6989
19296
7176
0
0
14638
15948
1754
1897
14923
7093
13098
14023
3713
5914
19914
8742
0
5564
0
0
0
7004
1368
24434
22238
24291
0
9062
21951
9369
14362
24421
24583
10103
15760
0
0
0
18725
5582
13549
0
24443
20548
6492
0
7792
4659
21910
0
10219
24737
0
18662
16244
505
0
14958
6955
814
0
3536
6088
15502
7449
24335
13916
0
14229
1967
10370
0
21134
21683
7413
15816
20992
8414
11260
18588
0
15576
5304
16662
0
19810
12250
11754
0
2407
12102
8415
2209
7206
4721
15942
23298
19170
1076
1374
7849
17217
0
10284
6020
1980
0
6037
0
14333
20992
1039
18149
16899
668
0
0
4756
0
0
17907
4081
23600
0
24835
11812
17976
8227
6863
8899
8682
13387
0
0
4835
21720
0
13484
10651
19908
11754
0
0
20377
24377
4439
7650
337
13557
15747
0
0
13987
1388
9882
0
5905
13271
20335
10326
4960
0
0
10726
15946
0
4956
0
21843
10550
0
15676
14123
1745
0
6832
9003
0
5413
1860
11946
17881
0
0
9306
9641
0
9162
6082
20165
10212
19652
6732
13924
0
19774
0
20007
15652
0
10631
7010
3371
3948
21474
20643
18348
13935
21115
18616
0
13253
17267
0
15318
8917
13687
0
16968
3956
19063
12585
20056
23956
4202
13731
9688
0
16243
16463
4906
20383
0
3628
17028
17484
14244
21058
9004
22784
24373
4579
18849
13939
0
6668
0
7269
603
5704
19091
3435
0
18275
898
0
15050
22393
22486
5324
7719
2973
432
8651
17655
199
1537
18151
24980
0
12439
15039
0
16190
19038
24248
12240
18501
0
9062
15099
18662
12676
918
7472
19630
6754
15703
0
1520
203
8360
1056
11096
8162
13652
13062
11386
20555
20670
12745
12557
596
854
4797
11303
12516
21446
5512
22938
8994
15268
12559
7218
13091
23173
17880
8177
701
10243
22819
22402
9284
0
7755
713
0
16923
9406
0
0
10691
13755
0
4182
0
20964
2550
1649
10235
0
16831
14061
17617
105
15445
23922
16556
16308
13055
11065
0
3098
14220
0
10590
24599
0
0
2922
18819
0
20505
8612
484
13376
12347
22829
22390
4525
3736
11014
16887
20593
22545
14734
0
2325
126
22738
13960
18780
320
15621
22559
13134
5252
0
6185
0
16540
14982
24940
10283
22265
7427
88
23091
20177
4512
7183
2927
21672
23702
13738
7776
17334
0
16662
0
0
20534
24901
21083
23869
4795
23623
17680
13070
3910
21504
13279
15807
11593
7453
0
22353
3265
0
11486
0
6814
1876
8008
19919
16857
23169
8951
14253
13811
19083
0
23443
15345
2323
22810
0
8137
5485
0
0
2165
13762
8522
12647
7127
11766
19357
19253
12616
20473
6084
13266
2365
18935
4533
0
22300
8219
1624
0
12356
0
4434
21871
20920
11826
16402
7156
0
10129
15038
15178
21362
21170
10111
20784
14087
3454
0
17677
18044
1644
15604
17374
11821
9796
9643
15591
4953
0
0
10756
1158
23971
13268
16401
20910
0
24019
23598
0
17833
3640
7411
15663
23299
3562
16767
10436
20035
11218
11829
2904
0
23237
365
4665
17910
2208
24295
14332
0
8934
6137
5318
7237
22049
11709
0
13497
0
8945
3477
8673
18537
5616
0
2566
9124
9729
8113
13190
19078
1416
780
17223
15324
12595
20856
7557
15945
0
19902
13637
0
16900
10727
2497
0
862
94
4697
5744
21155
7868
7943
3567
2747
24081
8999
21858
4098
18021
16633
24526
1462
0
5751
6407
12801
19744
12289
17949
4684
20746
11582
21847
4284
14073
7311
16869
14662
679
0
5899
24964
7037
3869
0
1482
21991
5350
12946
6451
7069
7976
2705
2807
0
5661
5772
24001
9097
9758
7567
14062
13590
21545
24210
18981
2922
0
0
16681
14201
0
12598
4008
3170
11067
20797
19456
18060
24246
21572
0
17013
3593
994
0
21653
13677
12941
19807
0
20394
16032
24774
10423
2671
24396
4466
23319
15389
20551
1810
13030
0
21916
606
7934
10458
23470
5083
0
9371
2533
0
10807
7992
19873
16043
21572
9883
0
11468
8758
0
15805
9967
0
0
23076
22164
9448
2992
24258
18175
3920
20451
0
0
60
16696
21604
7085
13388
13876
15074
17566
12224
20299
18484
18283
11113
24
24410
4006
0
4906
14420
14110
10523
8805
1925
18433
20348
13712
2523
19998
5742
24162
167
0
12873
10920
11776
0
590
6934
13808
11168
22258
5148
810
19941
17379
6515
14906
24889
16537
2031
14738
0
14244
23702
14062
18959
3674
24148
12960
4435
22076
6699
15438
0
0
8195
6539
12770
22407
20535
15881
16274
18526
19264
16092
3439
15640
11664
19535
17482
3527
8255
17823
4353
13086
11454
20032
16776
0
8225
9703
876
19138
0
18742
5918
14647
10258
1990
2291
6693
11953
0
22999
0
18148
0
8700
22208
11058
23718
20807
21704
17685
19840
0
8003
0
11957
7653
6365
21030
6268
0
11810
19064
4212
0
24794
55
16258
0
0
3808
5818
10745
0
6255
22582
18850
0
173
9380
0
8156
0
2282
8509
1473
15115
21306
833
10185
5593
19057
13539
15115
11355
7526
17084
18832
2332
15500
8295
5865
6844
22158
6687
8668
18664
1291
14067
13972
17221
8505
17383
8307
1569
1844
20181
14341
21068
1683
5685
4239
8625
8819
14860
18645
8663
20790
9039
18543
5945
13332
23624
17993
20133
11439
5521
18094
15687
5789
10309
24137
5506
3174
5746
5940
6504
0
7369
0
0
17122
5743
23343
10577
8258
14574
11215
4615
0
21766
19284
0
24007
9689
12007
6703
10493
9914
15709
15413
19949
23530
14196
19902
10225
0
19626
0
21582
9113
15651
0
0
0
20839
12975
11061
0
24523
20183
3401
10877
12368
14866
17868
3070
21529
5461
11596
7789
23405
19337
22719
7670
0
5527
14046
17218
23777
5452
4220
390
0
24565
22803
0
10618
11928
8019
0
1714
8154
7676
4228
23576
11655
14060
7990
23739
18479
0
0
0
17932
2226
3157
24931
1004
1497
22018
24667
679
6129
7683
82
7180
1950
10461
0
3851
0
5326
4487
13140
16441
22917
9605
24632
0
11578
16391
9096
12497
14869
7900
23701
23845
19817
3921
19775
10515
0
5764
332
11761
2709
5263
11173
12556
1715
0
14641
5300
0
0
24239
16217
24208
17352
0
19524
4026
14219
21635
10949
20207
5316
11029
0
12691
2551
23742
14203
22698
4790
11179
1147
24472
3656
8298
18236
15019
0
9239
7162
0
7880
16104
854
18266
13918
1579
1889
16448
4358
10735
19386
17964
3243
12253
10998
0
1059
436
15172
1548
10541
8085
4088
309
23905
17030
24801
18353
24003
5948
3168
8912
5294
5550
18962
4864
17083
4100
6459
3875
6679
0
1982
20324
22884
12933
0
0
23516
18165
4221
7
21955
5159
16713
4121
6189
6893
0
20090
6645
23898
14426
19703
0
3905
13048
13252
7240
17549
13492
23674
18823
4778
19323
914
0
5364
0
14601
2030
9403
12120
21424
11030
1969
0
4499
14678
22222
7454
23162
0
10086
22808
5320
16106
10056
13943
19405
18052
2831
10102
5381
451
21260
14326
10924
11408
2408
7072
18247
9563
3199
4137
1466
0
0
14641
21837
1336
22868
20297
258
21560
0
20322
7382
17266
17776
11879
14390
0
2440
18832
0
10667
6191
2660
14412
5957
22129
4434
15424
18756
9029
20339
14853
11154
20796
13530
0
2828
18357
0
5587
653
22796
18176
0
18913
11727
3560
3727
389
0
0
20773
19990
16242
12500
0
24982
8561
23991
15053
8583
4015
22259
24728
6754
2756
9009
20775
7763
24093
22381
4071
125
9186
24425
3884
5368
16899
23650
23726
5266
3472
12154
9784
13052
19718
0
13020
13110
24310
6965
2554
21543
20456
14261
4617
0
21272
21963
1367
6672
19042
2582
18474
0
4979
2062
18901
8777
21889
10545
2900
21397
23981
11489
39
7232
23615
13751
24448
17705
22978
12046
7141
14814
24056
14982
15468
8898
12984
1950
15866
11147
17488
18265
11576
12069
0
11789
18998
5423
1152
10802
23029
2481
4079
23047
1586
2465
10827
13171
5236
19118
2268
0
14137
19831
10038
15928
12734
7159
7094
3242
3370
3511
17091
13477
4544
20934
6792
6790
4967
3101
6708
6778
2121
15588
21341
18743
22220
11625
10164
9331
20702
2203
20489
21950
10849
9666
0
24469
7621
16920
15018
8999
2654
0
2551
7666
0
6671
397
0
12588
4763
4020
9305
14135
22651
12426
508
20939
14064
21888
1982
3093
7701
23598
22302
24581
125
434
12090
13425
13480
19720
14329
18502
15032
22868
774
0
6167
6628
6857
0
24160
11054
2049
18943
5675
2939
20757
2528
18620
23072
13232
17771
0
10590
10092
17435
24600
11682
0
475
21128
24919
0
782
15459
11454
0
19290
5233
8394
4933
18300
559
22613
23860
15389
24251
18465
3081
16457
24926
0
17093
19688
0
18825
4450
2451
4301
1005
15994
9863
9921
20875
23533
21816
0
12876
6098
22780
8883
10170
16231
21705
7458
6824
16197
23442
22135
19619
0
14221
21200
20362
19954
10061
12490
11043
3732
129
10810
13854
13920
0
10014
4912
23984
12477
0
18374
8659
0
10276
0
462
15429
19561
13096
5196
24404
3649
13812
19205
5833
21915
14702
2151
14253
8199
20612
20459
5605
11920
10572
9749
9516
2316
10503
14392
18371
8463
0
2791
24954
9614
4221
13426
15493
21104
12990
6841
8374
20121
10443
2835
11740
8025
21537
5976
13868
15597
14860
15915
514
12723
14339
20122
0
6771
3310
19639
14346
3314
16837
8970
11496
17963
0
0
2392
0
4032
0
5757
2666
17087
23984
16351
17867
13431
23939
1613
23206
7840
3628
7217
22431
14964
2965
13042
448
0
16191
7353
4345
1396
8610
19000
22162
23593
10607
17631
24788
6985
5910
7528
5122
4814
8156
2190
5250
9763
3959
11506
571
18412
441
3621
0
20773
17209
24181
3823
24940
23413
8010
18615
11698
24693
11941
10989
21571
0
10107
21613
6545
6262
21115
10098
13288
8548
4332
14793
19214
0
16405
4869
23862
7036
19119
18546
17150
0
23087
16090
14142
8209
7731
18501
22858
765
19968
13217
22523
5619
14364
18030
2449
17476
10245
571
15049
18214
19631
20579
8761
20690
22745
1996
9987
22507
24166
17975
1065
10987
8046
8995
21673
18382
11688
2477
15508
21241
10832
7971
4586
12412
13875
2255
3282
0
18474
23329
14039
20567
20821
959
18413
9576
3461
23566
20040
11554
0
0
14749
24988
0
20320
18538
6379
14338
15283
10881
0
13229
15018
22139
20326
0
12662
14200
0
13818
15234
0
0
13377
0
0
5213
22467
0
12660
21384
1512
15572
24814
1595
18665
6082
7277
2143
12426
23841
0
6081
21168
0
12888
4381
5496
0
12337
4637
12955
5629
14303
21807
8601
8717
24821
15876
2577
16174
13757
849
305
14778
3196
292
22444
18123
23856
22368
4956
19722
2203
17833
20802
24117
5076
3991
0
24436
9779
8721
3564
17981
5050
1130
0
5166
16320
20608
23377
5638
5598
18656
10068
12596
19156
23879
0
13400
13546
9541
15775
8831
0
17322
12245
15793
17693
10341
5773
20185
7171
11662
21358
17865
10435
5480
13357
18890
21351
8066
2969
9369
5559
0
19702
12140
4282
12297
11133
15953
17700
5591
5396
11893
24824
23596
24527
22604
21639
23076
4126
21819
3407
4427
17668
4365
12955
0
12317
6695
14622
5846
19607
11598
5072
23070
12626
4885
2422
23902
7976
22249
2582
12812
11623
20385
15313
18268
16633
22161
13433
20802
17241
13160
11576
9645
8077
15237
18918
14175
16983
2599
23485
18911
1886
1091
13936
18025
11846
10988
3298
0
12513
0
19524
15721
10440
12851
5324
6935
0
23812
22751
21856
21713
0
12193
23164
10246
213
1304
0
18001
12902
4106
22189
9692
1217
19929
8973
24830
15126
22977
10348
7652
24918
21558
21929
13338
20271
13077
20583
15440
11650
19276
4470
7194
20549
21857
0
21833
4288
14620
4353
0
4821
22966
19737
2758
3703
16591
239
3081
14451
0
20046
0
4330
7485
24702
24148
18090
14457
10540
22383
8650
17256
11503
9843
20973
7882
20606
14462
20735
0
13226
15210
9484
24706
16313
4583
15221
12883
0
7084
24690
13899
13225
3467
3588
19374
11565
13281
0
4578
16594
13028
2094
18608
1262
7447
7814
12518
16295
12692
18678
14258
2607
11758
24757
16403
10800
0
17113
8431
19124
13675
7816
43
16693
19261
16495
12021
5488
4867
5114
23252
4172
2688
2569
23045
22214
17339
568
22481
8077
16003
21700
3411
18599
0
20349
7971
5077
7653
23655
825
16454
14559
8848
18471
15949
7344
21375
24798
10959
6447
22060
11204
9307
3159
6489
17218
12378
9053
11883
6108
7499
14625
7194
10905
10036
0
10689
15593
14390
1281
15496
23468
1317
11435
0
18417
21204
11830
2100
6976
9819
8538
16913
0
10230
23000
9595
22410
329
5159
1462
20336
3007
14921
12514
14141
13299
904
19444
418
2746
4741
0
3805
1386
4411
15521
1382
13452
11202
17749
6010
9519
18735
24141
24267
15614
11836
20819
14900
11327
20793
19455
24660
0
10441
3282
11466
21073
20633
3142
9102
15731
4491
21068
5908
1931
24668
23523
7566
5812
16580
8212
0
0
0
15860
19329
11915
7332
21051
18532
19081
12539
7509
24878
18454
12522
22011
7902
4258
2010
119
766
5136
18466
19663
3684
12951
20785
23887
2287
10266
0
22770
21286
13461
3884
21700
8340
23364
6652
6711
14018
0
23217
18974
3375
4864
23924
16335
731
24450
24924
7458
12554
24646
7454
9595
17186
16359
20024
8955
9831
17782
18943
82
3194
9258
5249
14448
24931
9714
15377
5071
10303
13437
24891
22941
23368
12502
0
18824
16151
4802
18692
20431
8444
14562
15329
8694
19920
22470
17125
13154
5417
22298
14794
18958
11421
7428
3368
1407
0
1155
2381
10580
17407
1609
10000
3732
17673
21758
5959
21581
4534
6884
8768
5451
1713
2965
9415
17518
14377
8418
6551
15402
19069
546
5358
9778
18993
2878
4619
6500
5304
14719
21026
19487
10191
13542
24143
7303
17979
16896
6070
21564
22614
8964
5650
12699
24676
15005
22099
78
11303
20839
22912
11636
14196
22809
12024
5004
24937
4273
6702
13173
19029
7326
17148
20438
7675
16251
16853
3766
10627
16805
17610
4736
15339
6766
11731
16895
16498
22877
8037
8747
164
15613
19273
11050
21301
3041
20624
14969
3341
10820
20577
3641
14346
21779
17399
7665
9691
7225
20750
24736
6421
21758
9910
11202
10452
3456
10802
21025
17822
17016
7211
21158
12124
2150
21615
15356
943
22905
7013
14875
0
17224
18185
23102
23012
802
17154
0
9665
3397
16433
0
11088
1581
23828
16934
24688
4654
10815
4704
8429
20606
7569
23316
14262
4364
4781
5564
22417
13949
9782
9269
13301
17245
12471
15679
13912
4593
7623
4763
1011
6029
19431
22179
14136
23242
0
22273
14731
17106
39
19380
759
22522
11802
12898
7625
20221
4246
6109
16710
10127
4487
16954
10655
2606
4233
19553
22185
13464
21640
15946
12894
0
10161
15024
13558
0
8642
20693
19205
1036
13744
22498
2767
3075
14979
13598
18291
19557
9001
20262
9136
7224
0
7273
12424
11088
2009
14969
21732
24652
8730
7418
19251
17689
24692
622
0
18918
17848
20525
16437
12256
1111
14377
11256
15128
19882
19967
19484
16855
16717
1556
19135
0
16690
23642
16387
8801
11356
18446
16961
16341
8025
15776
12975
14473
2250
11572
13671
22948
2793
23618
22085
12744
14502
9665
19729
18003
10690
2392
6750
3527
207
3888
15654
7098
5797
12620
2607
2285
3661
12082
16369
20176
9557
15676
22241
5387
20987
24490
66
2943
4593
19827
10424
23857
3774
11352
4859
15653
928
1286
2317
3423
18333
6290
4639
15298
3352
20886
20968
7182
21723
856
19285
18007
22209
6161
9170
12524
19743
16061
11429
3468
15848
13722
6525
18555
0
22839
10228
8653
4594
12060
22346
2605
4546
7163
21678
15095
22067
13760
5523
10142
23
0
17742
19998
23163
13895
12569
9674
16244
23956
10795
19629
21660
12844
23961
19330
13748
13990
4302
23762
5963
21818
2291
22749
14103
8701
15863
18944
11135
15928
10988
1299
12983
13275
12017
3791
6892
22309
5852
7968
13920
19779
13477
3249
23975
12247
12173
23730
5761
19989
21255
10164
11008
1395
16001
18408
10073
4963
6933
8905
5411
6265
1713
23279
8501
20572
265
23094
270
7649
5567
20249
13708
63
1398
17183
22369
3989
17602
14105
21127
9024
6626
18349
12551
9929
18875
15264
12406
233
14932
2351
23482
24022
22950
16673
12497
9934
23468
16302
4295
10387
1959
6999
6978
5116
7031
4492
416
22794
9560
4000
0
2286
3398
2936
24175
7146
18046
20913
18176
8755
10203
11226
16279
10586
13830
29
0
19214
13701
1361
9295
22723
19770
5252
17679
12055
2646
22404
20371
13899
13161
7664
433
65
17372
1690
5682
3862
22261
20471
19223
3640
24633
14353
18297
6218
24028
22889
15156
14585
24400
2278
21915
15451
11000
11110
2738
