1383
186
2377
1137
648490
3330700
2607
1105
13230
2611
116314
3322902
86319
727
2598
31477
513
2592
17280
698
3341056
3395599
156545
42189
3364336
165
246872
2585
1350
1758
1399
1848
2598
854
2605
735755
1758
84805
1282
2623
1200
233840
1675
569
3361777
2587
295653
3341021
218
753
874
2599
8348
3482256
81974
33907
2589
3390313
2614
1
892
43
101169
237
1771
348204
3268904
824
12669
622
632107
184
1760
2586
442
882
2596
968606
1218
3385224
222
706803
1079
1099
197537
177051
19839
3286885
59
2587
748371
1100
1090
852
1165
821
17867
3351445
3276590
1329
727281
14187
248
1579
231367
974
3302296
3432293
3297122
1863
2599
3372229
2600
2161
525601
1220
1750
309158
859
423
3263787
790
122396
16396
51725
1100
2596
1057600
50696
2595
1631
1210
3681
443244
846
214300
70838
7208
3330700
210205
90855
1333
34876
659
223913
1107
3335829
3274039
1420
1845
782
1151
3353932
2581
299503
209928
273166
3276598
297
189904
225169
29540
3341056
1988
17050
727247
5989
3361840
0
3274031
2609
10448
3351456
2583
15137
1132
2563
1679
932
2595
3351418
3351408
3377374
2608
61
300947
501
3284309
3359249
2604
3354000
1101
276
141474
1859
3292004
7616
3302314
140779
2607
3322896
3421772
560706
405499
957
2625
1044
610
979
1194
2623
558460
3346208
24381
414881
1930
3367010
2126
2623
2600
868
1737
304994
1152
1930
2639
369804
92856
2598
3315164
362
2608
6776
9567
299
3366920
654569
73887
3312588
3364392
666
383687
1160
19764
572543
1486
1188
2608
3395648
2603
79183
410116
1331
422
1381
1801624
640
1173
1266
215696
1438365
2632
2563
994
1235
1198
2612
678588
2611
620022
1357
61886
1261
644851
938
706
537
10769
903
1343
2603
1144
2589
2604
938509
2078
1173
88936
3276602
3390414
2569
168063
107465
2613
1371
2988
2619
316
3411346
2587
2601
1777
570
2367
3340972
3348823
101377
2601
222558
2604
125002
3297160
2133
3279177
2606
1460064
1617
886
29631
2600
2578
55417
10271
95568
1387
2620
2611
2614
23075
84
17975
1735
172011
417
750
2635
915
292657
796
3359202
4327
2606
13788
95886
1528
2638
2626
3338403
315102
2623
10981
350
658
2616
1343
1422092
2590
208363
62968
2612
357618
31665
854
2189
1881
1577
741378
2575
611671
15947
689
3328136
2607
448585
3348822
174
3351403
1911
1148
611673
41788
2595
1716
3343661
788
44168
2400
344468
1169
1012
2593
2629
3541
3312628
94107
135730
104805
1500
3379965
260818
1060
2009531
1692354
289
292
3343599
406
3307451
22978
519
171026
19771
3279170
797
16159
43157
2581
1872
2029
59237
3281717
285987
377955
2593
1207388
1703
53335
189
3366975
977
813445
524
3274027
281480
21006
25685
139057
383193
839
1063
367
2615
2593
258564
2622
1228
3351371
3617
1593
2624
1085
911
3361777
3367013
12227
2622
3268904
159
284
3377367
3372224
91567
830243
14692
3274039
1641
56758
1105
7263
3390435
1036
2606
778
186
1741
430812
371595
1225
1194
2265
2593
1772314
58336
1287
13280
763
1286562
3328133
681
1439
536
2230
408475
2641
2622
1148
2617
3333274
1627
23559
2603
653
287805
3315206
717893
3385153
2610
1571
307478
3312636
5307
2592
2631
858
854
197964
121454
2575
52990
2642
323
14879
911490
1185443
305
710
913
16469
452808
626
610824
120
2590
1104
1992
286
1346
1155
166
3284297
148496
1384
2596
63802
2645
2618
3338410
630
1633
755
16257
3307427
399173
368
1388
2592
36447
1590
1487
2609
204239
114564
10270
3330711
248
1090
3364425
7534
657
2091
3297169
399
867972
50358
33045
2620
305
288517
2189
369778
3286888
15572
1506
475
107225
3374814
1101
236
51838
573
2587
3292017
430
2616
25
3387809
300427
45712
806790
1444
3312636
95
215822
3320354
351691
3325504
2253
330689
1346
2613
194159
2597
94408
1117
776
2595
611
1313
3374770
1232
253
255532
350
2593
928
2628
11706
70034
74658
822
24678
1919
45890
524276
1795
1730748
341
3403407
708
3359228
1286
475606
803
2607
1683
82750
2605
850
1468
2587
3330670
374
3338391
193
3369530
1528
244
387463
712098
818
3338403
469
1052
2624
1274
3390438
745
1511
2595
1495
1054
3421735
1932
3387853
6499
1111
1457
1695
1233
61
9249
2641
4190
1053
762
975
345
1200
3338480
2576
2598
696
1339
1723
510
1071
683310
200
46472
7796
2588
2613
2611
1189
19071
3299724
2602
2592
78966
1522
1362
1982
9045
3322962
67967
3372130
1048
2602
3346203
1884
98927
3366953
1372
2591
56603
2614
4530
3335840
326452
28850
3361828
2622
1804
3343649
3294600
433067
175281
46507
373
150702
677126
665
1610
11529
877
488
713462
2568
36362
2581
2615
2611
343
3385105
131482
104361
1473197
3328037
756
2607
1779
2585
2583
830933
2591
15870
2599
323
3421739
30836
233338
3289436
767
2589
478810
794
3390400
84604
1285
2595
953
203594
51710
33848
131496
984
1346
5218
495739
736
2042
215701
25143
515
2567
136
3346208
913
721267
3359171
312
937
1449
2605
67795
483
684334
11750
878
478817
3367035
99490
404592
1061
3266350
1730
2573
1041
3346259
1203
2619
29424
996
70227
1120
19386
1441
635
3351433
2578
3330661
1225
231806
1932
1088
132626
758
3304882
1936
3395562
128335
632
96525
12813
672
1480
3322929
1427
405297
5934
3335842
2017
2622
1086
2615
2224
10088
624
2610
1471
2627
2630
3310055
162456
378950
1016
2592
1066368
29497
909
353
1778
2581
3263785
3315155
1168
673
991
320
3320354
1479
382564
79591
7670
342
1541
120973
3289448
1722
221
90575
3335878
2615
1106
2597
402927
339
255759
2627
2594
125691
421750
22157
3304848
3279170
101273
100821
3356559
2598
2222
47237
1507
2612
33127
2629
558
1423
493
2595
2641
2635
352
593
1150
2586
522
2616
671
429824
285050
1055
53767
1020
2603
3299736
2039
348
2016
76223
2130
7876
2022
2586
2531827
1913
243
3432262
3341085
623965
39308
508
325973
2596
553
3310059
1289469
985
1351
2598
2586
1457
1448
71423
2600
2573
3268904
79056
870090
904
2596
11904
36721
1233
1534508
808
1102
2613
1495
1034
967
2573
634
402
11546
214204
1316
925
29269
415502
272775
291
1696
1035
374
1188
420
3310007
1508
854
705
1017
3302281
3279174
339
2600
299104
380715
27790
17595
2589
2587
3338493
713
280401
288
2594
3364420
897
583
894
1586
135
2625
5984
633463
4544
2596
762
305
1691
698
42573
33315
2591
1350
2618
1483
30976
1265
2585
479182
640
740
3330628
318
782617
2610
983
389
3385125
3266344
293276
2585
2622
80910
1138
50089
147
2593
1517
1779
2612
2609
1584
1170
898
3369591
810
1193
968
1476
1531685
2041
182106
920
184680
3440103
3356598
31228
24856
63646
438604
3340990
3304853
3317742
238
651956
299243
3317795
342
129
2578
1476
781
188203
3317714
771
2584
1967
867
6966
14727
7868
3348813
1503
2612
304176
2608
34053
272324
341162
2609
47487
4768
1627
1042
2621
992
484001
3351423
728147
3052
784
1185602
143263
1516
9874
2592
123219
589
9289
106622
916
62566
281221
1750
7748
2572
967
91993
8503
1771
325
729
41416
1177
3351433
24720
2581
832328
2624
1329
5165
113300
3343618
3276609
18042
3330620
1112
1812
2621
683
989
1048
2585
56444
2639
1422
639
1098
835
1705
2590
2066
3312615
4810
3359182
984
3284301
92229
1350
2564
1770
429785
30063
2611
5803
1452
381661
2630
806
1646
216
850
716
3294593
2617
3284283
1059
1287
3382556
1657
21695
909
2615
2618
2588
96
525
10577
342413
3374735
3328082
2607
665
146687
458
2600
2603
456139
1746
1043
15578
29423
250338
2584
1414
791
625700
65815
1267
36061
545852
3289415
107884
1746
112462
89490
54986
675
273707
135
3393011
134
87128
254
3361821
39489
5544
476
1177
365
3374776
7817
3292023
3387600
2640
357
3328052
1222
997270
3333229
79464
32803
211479
907
2612
804
1601
2619
3429643
3343645
2595
3364425
1164
2636
3286888
1584072
465358
2595
13565
59932
3379776
110946
3330674
2588
3343618
956
1167
1073
1342
9095
3372160
3374810
526183
1015182
241
2621
197868
3294594
63554
185
1848
3372195
718
6137
2586
2595
813
290
2594
3276612
1470
2616
2582
1116
1364
2287600
4587
19116
1327
3406085
831
3292023
1669
2604
382
512
2613
2579
366492
1350
3266350
942
849
1375
2590
1233
992
221784
2640
2621
2613
662
1981
2562
1507
1589
1593
1145
2568
396628
204881
698
1144
718
2626
5664
1184
1673
26702
3310065
1450
1126
1322
618
411
2598
2060
239
2606
2594
918023
48382
2622
1256
233
193770
3356512
4182
1279
3274042
24349
3266347
1315
777
316
2621
42
2630
3343640
640
18923
250
734
139100
258210
2636
870
973
3330674
1310245
102986
1525
25205
1179
580
3353913
2631
2584
245
3366944
182
780
2610
719194
2618
2619
3292023
747
114829
93788
1696
3416512
586
24285
1418
200
3369608
2586
2611
695
2568
2600
260
3387830
1121
884
1560
2611
3292023
584376
3343565
794
2619
242
207364
412
204161
2595
247769
304729
3385186
346262
21
13956
1883
2617
2605
2605
1591
3437514
683
2608
140884
2849
1871
3356566
3359126
352
680
361270
527
3424427
3335889
400
48447
85692
2611
795
2592
3343672
3281746
3286868
328239
230200
3382639
149520
40355
1091
245
538
123
2603
7673
74823
574
3343603
3317762
2628
1513
2051
2585
683241
6
2580
1545407
702
224388
1170
1072407
2600
3317805
1252
343
3359171
1463
138034
528074
3387820
711
742
253291
3369477
955
2616
2636
19521
47838
616409
32666
2570
3320377
779
176516
1436
370268
1400
255287
314987
3325548
224107
3664
109444
142570
18357
6
7395
2574
846
3304884
33884
9176
28
529
709
59822
1298
1283
112955
49928
40361
2580
67
1054
445
1366
3364420
1827
437634
3377444
2588
3359246
3367027
167739
5227
755856
9192
76317
2158
106614
427
117356
57763
2635
387
4598
3387814
2376
1063
2580
2633
720
628
1711
121352
1048
409901
2205
311118
2620
2625
561
2612
2604
1833
3419174
1955
3276590
32207
297431
723
619
33695
2577
3372216
79529
26953
78162
1207278
76280
3320300
386
830877
2639
2021
396642
2607
1557
20371
917
2594
3310012
3437474
658
373
605718
3307479
2602
826
14185
3310055
3320373
451
2631
2583
225
3338414
2607
1799
1943
3356572
2588
103216
1419
1109
223188
2572
1510
2603
1292
1557
834
845
66661
193
231
24560
2080
430412
345471
2605
405143
3325544
543262
1053
1693
3325519
2628
3302270
1228
2622
3359246
2598
725
2621
1539
52
2614
2587
1339
1329
2613
1579
1038
1101
3266344
958
193
2616
3317742
306606
179966
1524
122006
1587
2640
2589
163207
1733
70617
973
28284
3315214
763
703
3307463
33541
2627
2602
3335879
1243
567918
2588
11093
2604
2620
148416
798852
2968
315418
149844
31070
3434664
1050
3335819
47748
2580
767
3289440
2575
3379983
2606
193
2594
2625
2612
280347
3424346
3398213
2606
2597
239
2612
3335789
426
162568
648818
618
363349
622
664
2615
3359193
511
117578
1047
114380
10265
955
75167
104099
1617
93301
116671
1367
2039
1186
2047
14578
2593
1490
46813
516201
1558
452
3328127
1388
338954
144348
2130
3317770
1720
1028
3382601
184
1131
311
1420
5615
319557
13878
1127493
1552898
3340967
1742
2604
628
535
428516
1050063
2533
2576
3398197
384705
100866
2587
2588
541334
3297137
3286868
251578
129530
1868
308
3346251
171673
1028
3317801
321
2595
497
3289426
1764
484622
42895
1513
3343661
890
139404
70311
1996
21571
35339
17962
876
15554
3330721
39667
105878
2578
1282
244955
16995
138113
635
744886
96427
2618
2605
171826
3348732
3361695
3320317
44441
184349
3322958
19869
2600
2351
2581
564
515429
1799
1050373
1852
2635
2576
50854
3307459
28265
1006
6784
947
2600
3297165
142216
537
537392
3310059
610
2618
3274035
109721
3312573
3341056
1665
529
115395
2625
943319
87850
764
651
3597
369
18090
1004
12614
3294562
1402308
533
2634
1009433
1058
1613
1179
2610
180356
523
2104
3284309
2645
49614
423386
3325535
394728
3328069
2587
1637
131999
267286
422
741928
3299719
3059
584
41237
1533
3348837
851547
550
60147
77303
1320
4453
3281723
52248
293
1966
391
529305
3312588
1763
163337
73297
225877
3366999
3356583
1184
1521
2607
2608
3359249
2618
2609
23046
3263787
353604
98825
1286
1327
3351399
739
1628
850
61594
1283
3312632
3333263
1225
1149
178788
3322944
157
2604
498
126970
51392
2641
782
1184
1277
44652
590820
859
1054
2610
2598
256914
1515
42289
43013
636414
3351445
3348754
1055
3315218
1744
2583
3346238
1265
71538
12170
1170
43088
3398213
185829
3382612
946
618918
2
1179
1058
130475
3268904
3335878
3304874
454611
1903
774294
1541
1323
32762
2628
2591
3050
632
744
1470
3437497
646
111110
13749
1161
3385193
3315164
56940
10020
3328102
1408
3361807
485286
2634
1099
2579
51062
84258
723
2615
921
347878
2579
755298
2214
120496
3320379
646818
124496
1251
1233
3335834
3325458
2612
1454
473
1770406
1356
2162
492
65
7067
1817
3304884
264
21634
37760
41564
95488
62073
3372160
3372202
937
2601
2610
2598
547
339342
3364372
2180
1073
218538
1365
256744
429350
1633
2597
579
114748
44596
320
59
3416576
2585
212264
33248
9388
2607
3343653
32424
6734
969
1977
117429
2598
3348837
673078
183
339073
44617
516
37035
131472
684569
1567
3281743
2620
2646
755
3335853
635
355753
20493
53219
69943
690
2596
240231
6077
415
1766
3292009
15
7192
549660
774
123284
2603
3312573
14232
202477
829883
262666
1700
555
58067
4337
1959
254
2147
2012
2619
2040
3335840
414
528
6434
11941
1276
573
3400806
1424118
2636
277066
44360
1446
690
509
859
2594
2142
12040
2302
104644
565796
181
2600
2609
1127
684
3338395
115984
2614
2622
125
550958
422182
2405
1544
964
28659
2611
270240
3543
460908
3346159
2604
34867
767
1086
2600
186590
3364392
597
77133
2604
2606
2047196
2602
7373
3320348
1044
1401
1028
334019
3302296
1706
22767
456
3341056
36754
2611
2579
963495
3369477
125049
499
2624
1064
899
2613
966968
75
532
1033
2595
128022
3877
621
19471
1990
3450662
42451
647523
284232
87696
6835
1528
1380178
2619
254779
734882
263
1482
12225
2594
111889
325324
427
2590
1071
3346262
2627
763884
291838
839
3353932
2581
27
3359181
1756
3307463
955003
8291
3387775
47615
1345
9291
3369486
762
1705
225
601
1138348
954265
425773
1071
260341
3393008
930
60470
24209
1656
982
845
2227
1507
3330668
76373
3294578
75121
1397846
251720
745
2595
1048856
431
829
3229
461828
3328097
1380
2532
3315187
7836
10682
851
303
2574
604484
749
1552
488
252990
747
3356645
2618
2985
1163
3328082
3307451
39436
3307421
3284293
3330621
207686
1623
802
287
2600
56152
260795
3289444
294110
691
2627
2580
1836663
588
3369608
3483
2601
529
196455
2591
3328075
488706
3354038
537
3408704
632
326
1425
1379
2589
2574
2632
3411352
1502
959
545
515636
906312
1564
623225
13044
1105
310
3385216
436
6
3346192
323601
18040
7640
2578
1472
2596
17572
2377085
3274035
205532
1507
20
981
1066
3279170
1937
1591
318376
3322949
630990
20690
643
1151
1614
8193
30871
1338
32391
800
146717
2632
1266
901024
2627
2578
1103
2613
742
280
70652
2591
2595
2621
575
2576
77581
469792
2594
1072
767
3416543
2584
2643
565
3440110
3328040
689195
384895
3343629
210328
1489
3390199
1055
1657
408919
593
2604
557
80708
1128
665
10084
675
2589
345652
940
3333279
1081
971
6
2641
2610
1775
1521
1006
3343583
295
413955
2613
1729
439
140213
2625
3714
5179
20087
1465
297527
2636
1311
1725
2607
1793
910
806
1629
193298
73951
56212
1425
2606
28184
126355
1497
40323
477272
1530
358
225
2612
3304888
1838
1537
1022
2850
1683
485
3411313
1278
97249
1171
313380
14507
20223
979
1292
1599
2628
2626
1142
7363
504
535
3317775
1691
45671
79867
3699
11221
861
50850
3315150
1544438
2592
1975
1342
2066
2565
326
337118
2598
193867
1834
3333274
2620
156424
3374824
1482
3385258
2577
1309
1116
631844
1918
1983
69116
491239
644079
1650
603708
1770
2601
3353942
3281746
2627
940
2585
379
3310062
3286854
93896
771661
715
238084
1631
187920
3304900
2628
72245
1461
1032417
121151
469
1407
560
110320
361303
3343629
804
46170
3432247
525
3440120
340496
824934
4005
1398
1152
3328040
1005
16494
433
2590
855
37
102591
2599
2566
2608
236137
3364336
26527
2014
3366961
12136
2618
10833
11715
37307
879
2614
2035
219982
7666
19602
361120
116684
1049
18222
763968
138825
2568
3445411
1474
2598
902060
132
517906
518811
3828
926
616
3354035
77796
3372186
903
2354
1157
16755
898
2574
1661
25785
1569
938
3424391
569
35883
45093
1665
3307456
277680
2620
14731
271
3310001
830
1651
431230
1033806
200
704917
1708
3408491
555
2342
1338
2609
542812
29316
449195
420357
348
3366953
2599
1444
176344
2601
3338391
1205
2223
1425
1354
12821
3294551
5792
3351438
466
2607
178522
2595
1536
21022
2596
1301
819
844
1718
292
2626
1926
3366999
657
3364378
1799
2606
1286
2035
2567
86274
166231
27594
1062
347038
293
71732
1125
72185
2583
283371
2634
1873
2026
3346174
3348818
677
2055
2609
2607
175196
2616
435208
145347
2639
2586
34
3364412
58403
1117
181899
1395
868
3325454
2593
852
324752
1052
1592
2624
487
931
3302322
3356543
482
3284301
1440
127
48425
1090
801152
1747
3289457
185
1582
794
169640
741904
1275
451
74488
1343
222093
912
42056
7105
2588
654
2600
3294583
1473
21374
147737
1527
53895
1763
1672
574
179625
2613
934
4564
1603
832
55910
466
15175
640
1011
269394
242477
1174
1524
970
949
31120
423
2594
1051
3289431
3359133
882
2599
420
3292026
1786
156609
317167
119556
3340995
2601
1238
2609
13199
728
849
1097
226875
626436
257718
934057
106342
116982
1605
746
45635
1064620
314
647457
836185
81565
1134
917
1419
1033
3450671
1439
1425
3366956
3317795
770
2055
3351345
109382
1335
1046
3372195
2585
464
257
1754
2591
56115
3325549
16881
45314
166706
596078
268
1440229
1089
142226
991659
1223
918
3458533
1512
1639
857
953942
3281739
3335842
2628
285
1887
750
1635
66597
2640
776
2620
52201
2089
4777
2617
585
1028091
1192
1196
1164
1258
1118329
1892
503514
