2855
265
3972662
1591
2847
4009346
3756
1315108
4071875
3964235
4080281
928
40628
858396
1703
131318
2854
2890
559850
2341
2865
2859
4074714
4000906
4091727
2835
3992501
4051775
4077464
2878
330689
4009311
4032008
664
2883
36492
1191
113251
2894
2240540
354680
28136
1763
102445
1275
223171
2881
2866
1840
2857
4026385
2846
1130
2846
4012251
463
11835
40406
4068851
112339
1896
2868
866701
1805
2863
112843
2871
3992412
232
745
2869
4091913
4114691
2859
2838
2978
4015035
1042
2862
2003
4029265
2842
120641
17728
4015038
1252
3995244
1454
2313
817
2857
149233
225
4083114
470491
2888
905
1018
10275
2868
2844
156
104
235119
2866
3986796
2839
4012127
4117555
4023508
2866
4032035
3981113
4094685
733
1030966
4086121
2882
1184
917124
314
2828
1349
2861
4029221
1379
1573
2873
2851
442
2889
2837
2841
1417
4068939
1890
2863
2093
2861
17789
4006581
760
2833
51582
2836
159092
2840
4037774
2876
1889
2849
3992412
478225
4114641
3981150
132111
83351
2862
4074696
4029219
2871
4051784
361
764
3624
1036
1211
1443
4071913
22326
75738
4000964
207022
2857
7042
4017890
4037640
36796
1288
9535
4071869
89048
1317112
102733
282524
46586
620
630
4094626
2850
2853
2877
4034935
130512
85800
3995238
4023497
553214
1256
4029205
42315
2819
708
4117529
2255
3961431
5866
1179
373
183554
3995299
9
2841
4080316
2882
98533
3969867
555
2095
1233
2885
53666
691
62061
4029287
4083271
88659
6424
2881
738193
4088913
2873
1018
310
49361
4006615
2842
192299
1310
2877
2843
3
1040
9736
260713
4114691
452
4203995
2876
189384
134363
4015095
79793
1240
2232
2868
2871
359631
861683
928
202
740
4049035
2054
2832
849694
2842
2880
735922
2854
2862
955802
782
4006550
1311
4083231
426
2848
2849
2868
2871
4097540
3989675
640
2870
2882
365
1168
2628515
1729
1347
4083271
2851
2852
2846
483992
57446
2870
4040589
3995245
8693
1539
2057
4040636
2872
2857
2851
1276
1368
2852
706
1982
1425
1414
42597
2821
4009387
2870
3964222
1580
1707
810
941
2840
4026441
4086017
1564
159
3978313
547
1417146
1737
185
2850
4012149
1059
2886
1621
2847
237545
2552
1498
694
2833
3998059
160753
4040557
1541
2872
23639
2860
1607
329
2856
4037708
114311
2834
2856
2021
2867
2534
4063145
4201137
4071764
3969907
1252
481
3975508
4083106
1216
4029221
520487
514288
4077655
393404
4043463
4023543
4023593
2056
3983999
4140493
443804
4054708
2861
430439
136993
88276
410
123494
2883
4094742
4026436
1980
563
2880
2854
22207
887
2863
762
472
3961433
2860
2847
16935
2821
2860
4034957
2888
1430
1892
4060453
21367
4012165
4160698
2850
2839
2860
473340
3992431
560
1282
2820
509323
2233
1905
1429
3989647
531
141337
4157713
1296
2844
4023600
2869
508383
1005
2875
2872
2875
4034886
3952993
4015115
1084966
690
1528
716
769
4032037
97090
2278
150059
11522
1899
2848
4054733
1480
3989658
1380
306
119856
3975556
2848
2864
2861
3952985
2850
1122
2856
9152
182707
11108
237506
4120478
2860
4057600
2841
4114570
7844
322238
4046337
3961423
1422
4017895
364475
2847
2831
2858
1067
131348
454903
553
4000964
2838
4054715
2855
967
3972683
4080410
3958611
431
2858
673
2860
2857
2848
4026375
4026429
2875
4120423
1340
1565
7812
17886
160797
2857
1706
23070
4015124
546
2861
4043471
4051862
4026415
4068995
2849
444
4012211
376163
1662
2826
866
2847
2892
4043477
4206895
3992413
2850
1215
4051973
2850
1047643
2845
4049030
1581
2832
909
706
81191
3955811
10136
4020655
2873
4015103
130915
4015043
4069024
125
2867
3947371
2861
3989582
473
225
2841
63848
2824
2894
744
1910
2873
1774
1110
4046165
4088908
109575
481099
1241
4009335
2874
1776
3964244
2860
2856
84523
4023550
58282
1774
442
332
53537
3995254
4054870
4085997
1007
4114656
987
1736
4066127
443
2851
2826
2843
3998072
4069082
132207
4015077
936549
4094615
2859
3972731
584
80098
2869
1167
2873
4029198
3950176
4051910
1664
2843
4051744
2370
11163
7122
683654
2865
72179
2882
2851
4152002
2878
2845
4639
179394
2854
2858
3989689
4066047
366
2867
2861
4029184
1241
995
2872
4094566
656472
4015115
2864
2843
2886
4128961
2861
6374
4083279
3964244
3964244
4083153
4086087
6402
2853
425317
546
2865
4086105
1323
1200173
1612
781
2393
1922
1633
1401
4029287
2853
1775
1207
4086226
54
2853
3998103
2829
4006564
1674
97098
700
3578
805561
3989616
2840
148924
4029205
4029211
3984035
206700
147599
2815
4054708
4020779
936
98776
3978296
4046173
330
609
2864
4111872
4000841
749013
575
764
4742
19838
2843
3955794
2049
2885
2860
4117553
2856
2853
868
381280
4029211
4091906
1530
64982
2874
4120517
2860
4069064
309944
2855
399
913
526064
4003745
2867
14552
2837
139629
3992501
188
138056
4054775
2172
4077624
172839
2838
2843
2861
4117566
2842
4034800
209431
2855
4077403
4017910
99600
2451
4046165
764
4037790
1111
2857
57609
4009379
2832
517
3992407
1295
2827
4088867
1310
2837
2837
2215
1659
3981190
2845
4034935
794
2861
22855
1280
4063145
926789
313
2827
2857
2844
3981160
4066250
1273
1332
2855
4103363
1146
19074
92566
677278
2863
1973735
4049016
1037
74698
4034716
1117
21158
4108963
1750
1347
2829
2864
469
2876
3978344
5286
956
845
2877
4029120
4012149
2862
1624
734
4003665
2844
1759
771
2289
1107637
386140
3995333
1212
530
35766
1371
2834
2857
3950187
564
916
710
106270
27238
1917
232
39766
3955
2847
1559
2858
167006
2877
474
4043455
3412
885
4023452
1860442
458079
145594
4020788
743
85173
2821
179422
1291
468
4083258
3955794
2860
2895
1488
4443
4049062
2878
421
2846
2378
255698
92724
650
4015084
10295
780206
1759
2837
2864
480663
120098
2816
2875
2860
241
17594
2870
2094
2827
2880
2825
321243
32873
4131953
1323
2839
1325
7973
4051958
4086057
2179
4054647
2846
1119
2867
2857
2875
2853
2874
2334
4051821
4046322
4074658
4163531
2853
2421
3030
4241
1179
4100363
4175076
349
4049147
242
2894
157011
93021
3989689
400
4040622
953
4060546
2872
3992478
2881
2863
137079
2831
4106015
857262
3995233
4157693
3992501
133831
26905
4088952
2814
4006615
3184
4120376
2861
4103363
4086096
351404
187
3961412
36140
640
2843
633
146475
1137
4023606
2875
1299
2856
1324
3967057
1055
218
57671
1209
68943
54076
360
93735
10999
695
1447
4040614
2845
75025
3992447
2852
2847
1017
866
1654
1810625
4020646
199582
2839
806
1037
1793
4120478
249731
3975545
1035
2850
702995
1225
371226
2868
46017
3978303
1858
1597
462
516953
1329835
1020
467
1717
2864
2893
1020
2872
4015012
42116
925
19180
840
225101
4009369
841435
121853
3967066
4015046
1519
2031
1083
2857
4071682
2971379
2887
4051754
24852
4085957
4077506
1918
1982
2851
616748
4003648
2842
638
2837
335305
2303
795
2883
2876
4134737
2859
997
4003764
786034
2841
2853
4049089
4015004
4137668
2840
191974
77152
265228
2868
4074558
2128
2857
324
576
4017816
2835
4012199
2001
2829
1987
939
2885
42627
2823
2865
15325
107854
1006
2202
4114684
4089020
914
307609
2869
4020646
1015
2859
388383
2889
123842
2383
171
4006474
4026360
66799
1040
277894
2630
4049181
380
4068836
4123389
1265
646
1504
22684
3998132
4114791
4003794
395
222
4043385
4083229
4080403
2867
2843
430
46672
663892
48682
4054726
3981140
2834
2850
3392
1457
1166
1565
2858
1724
729
910
2861
1933
2839
149777
871
1684
3969867
989045
4117529
4046319
2008
1573
2881
2882
854
4017870
2865
4037796
246350
4014966
154239
4097504
14612
2871
11386
2863
132805
281492
1176
155540
8824
4006550
1149
1182
2834
3040
4054835
2872
4077533
4020711
4154814
4009379
1407
870217
4068858
922
305
2212
1425
256103
2843
4060383
2847
2871
4066106
2829
1563594
981
414996
1896
2852
20670
512664
179
4111729
4026385
477
2859
4085964
4091695
466
1885
4023452
4040558
2860
2819
2896
4108973
1856
388346
114816
2224
4000946
1499
2844
1076
2879
2883
1309
1519
2228
4051744
2826
425
75981
4003740
4103282
453706
2879
2356
441800
883746
1721
2878
1004
2868
528821
240
55732
176335
2877
1831
1042
119
26654
2831
27508
4069092
449060
1697
19296
2210
4017861
952
309
2854
2876
2878
243
4012285
849
4031989
2862
6792
4057609
587151
72263
4023578
2832
2865
2847
1186
4106145
4051910
2826
1699
4003675
2859
3975508
3972694
1000
3986853
2861
2888
287
2846
1634
817
7126
2865
1083
31290
4189555
4026329
467145
72351
11663
2848
4017806
1381
289
710546
52174
4040630
2552
998578
3989589
2863
935
528264
269375
2843
2204733
2840
4083229
52382
2839
3967066
4063367
1059
1319
402
3992509
1792
4003805
2846
4088882
2834
2862
2840
2852
3989600
4060453
372
1413
4069017
4080517
2871
472
66771
17
4014995
1143
66954
1405
1656
4114710
4046212
970
4046247
1099644
735
4043343
2880
4131824
10448
4080395
2073
16913
1388
15972
250766
2864
538
2859
86305
4049181
211171
880
38160
381
2860
10063
1864
2890
94786
7986
4094555
2880
4088913
1366
4037782
1018
4040495
2833
181805
693924
1047
4057604
2846
24210
1569
160441
2858
2876
2852
4069017
217
4080258
2858
2877
4043398
4017861
75517
4071700
2816
74332
2859
2835
4037774
2813
2879
4088961
31839
4037811
1788
779968
3983949
2855
2880
2860
1045
1960
2831
4015095
704
4071856
2884
4023486
1
3964244
1572
311
2860
2866
3975479
842
4074654
4066113
461
2838
1559
3995333
1992
3969870
2841
4054755
1631
649
2859
114172
4051912
12934
2885
1348
430
2845
1129
2854
2835
367586
2878
371
2844
2895
1743
467
705
4088931
399
4052009
10698
186919
2838
1476
2868
3995289
1821778
113079
139
2857
3995174
156404
1256
1026
1128
2864
2873
2852
928050
4051887
745
1965
2867
2853
6480
2839
2873
4043438
1079
1550
407671
4015035
2853
3984018
3986817
483166
2839
4175067
4094605
4032050
4023543
48469
662
4054588
1604
107
672
535
4032089
4017862
594
2842
500760
893
2128
2172
512890
113891
107512
3998166
2865
3969870
2856
2855
38273
611
931
408
40934
83413
1866
813
261
2849
33230
1109
2850
1901
2831
173
1481
2880
4146174
5114
139408
4023565
1896
2852
4106153
578647
691
2862
630
3961431
16853
1891278
1106
1166
1127
2848
3998066
76880
1687
2880
2839
2859
2850
1961
452
2853
4066077
2854
2839
237205
709
1475
3969907
2827
439
2849
148625
110306
160514
4051932
2858
2168
3998166
566
3765
845
1431
596391
2837
254903
710255
2885
295022
4043323
3613
1765
32567
2878
2896
2191
1251
2859
4066119
4051912
210642
1934
4057580
2880
1310
4000890
2827
621825
19632
1418
4029211
2855
4046305
4040558
4026385
3981209
4015095
2337
2069
902
1133
4034820
2867
1680171
2891
1660
1838
574410
938
4032110
2817
2862
4083291
1498
2118
4120384
1919
107
200470
4054819
1515229
14458
4123326
2833
390
2079
2833
3967066
3998086
3998166
829
113871
2850
2832
1656
4157721
3958611
4074624
2857
65341
83803
564
2836
1360448
447979
2849
5050
2886
3986778
3989595
1635
3958603
3989589
1840
622975
2078
2841
236
103379
2847
2863
1322
1226740
4046212
4114585
670
263
4040503
419
2853
4057647
4152067
3995174
4088814
452
2891
60256
186618
185591
165
4060453
1114
3984026
3952985
1368
635801
1240
1517
2739
4071717
29130
2889
1436
1048
8213
823
1766
1362
4040572
1164
2872
4037574
1260270
4160602
4097462
4043252
4029287
340086
4023572
4052009
3955794
2832
1865
165923
2633
86246
2859
1380
602
2844
24
1129
6444
2823
3961442
4063402
2836
4057619
2851
1483
1360
69916
94653
880
4140460
2889
1617637
4017852
1821
2876
1515
4091853
2826
1415
1753
970
2051
36095
1659
2836
573
11170
505927
2878
4054775
2861
4103338
449231
324
1002
1604
3986778
4074726
444
4043222
4009346
799
2366
1971
614667
4114720
2816
518
2865
544
2871
22435
2850
2410
565624
2842
997
1144
243
2837
1147
1625019
4015023
3986761
4006591
394
3969880
4012256
3981171
4006570
3981171
2820
2309
3989589
1162
609
2823
4029221
2836
2843
62995
2846
153839
4051894
694
16730
1659694
610866
81270
2850
52766
433
1349
1543
129920
4083153
2848
4009346
733522
2189
1522
187
7385
757
4034872
2292
3978323
1560
4040557
1458
2841
8778
2834
2627
1655
10227
2838
4034889
4126257
2879
998
4094672
2849
4032049
251597
2862
826
2839
2859
2820
2842
1887
692204
523
849161
2663
1781
99974
2849
4086093
2020
4097448
750
4026393
424
1480
3986796
129624
2851
2847
4083287
3975487
1018
889
4057594
1386
4037665
1114
201616
4057609
1923
278148
30189
2820
2854
16891
4012245
454786
83
1062
4017806
324524
3995333
2282
4017870
803
2837
2271
2223
4066058
1666
368435
4091720
191306
2862
2829
1717
4009400
467930
3983958
2859
3975496
7741
466135
4051912
2817
529
2868
63810
2852
35513
2842
1575
241622
1592
4143412
4032035
4034727
3958622
2107
1008012
1136
2844
2863
3961412
2859
462214
4012215
2842
4074714
1814
2875
4006493
1322
2847
8698
1304914
558
631
2890
2831
4120460
4094684
2866
6733
1044
4000830
4043352
4040503
187994
2863
4000937
2885
2862
4839
88453
2890
1446
1500
1545321
1143
2838
2854
85
2846
51224
2319
2876
94157
1091
2853
1037
1234
2489
4085990
439268
7050
898799
108
3972683
269
3361
4012217
468236
2860
9
2885
660551
1810
2867
4006615
173352
196524
4131856
2836
4049089
2853
1707
4017910
2856
3992447
736
17297
473011
2861
809
4046235
24286
1846
4080258
3969870
2865
1074
923
4080424
4040488
3978303
414598
2865
4091927
4123236
475674
4006615
32802
485491
3981160
900581
3087
4000946
2828
4137687
21673
4029139
1916
2820
1216
2852
4034954
3989591
14319
1612
44567
529
36158
2863
486
212681
3950187
4006564
1627
1268
3986847
413
1496
829
472
2886
256224
600
2884
195541
4034727
3808
666706
982
341
4057434
598
1425
139380
263
86544
4029120
4166375
4026340
2844
866
61180
128719
11283
2852
97136
1860
3969889
370
2829
3984026
970
2882
4020744
2837
4069082
72725
3992413
951
565945
4083265
438014
2855
2834
1281
3975496
637
458
418
1575
22039
392100
579132
4029194
2881
886
2883
3836
1795358
144014
72636
2849
2853
2872
2845
4060493
4034919
1023
375
186631
7382
1027
968
2856
95703
1632
4103289
251512
1555
3972662
4054626
2874
844
2845
3
730
3779
2857
4080299
2855
2868
275393
2860
856
80492
2874
171155
21275
4074535
341
1335866
2843
1553
4049010
279581
4023558
791
390
2026
1554
3978354
2844
667
3975508
7728
2812
4000841
4134789
1850
4077518
329464
134422
1037
4074535
54242
49976
2192
236
1463881
4108923
4111704
2831
295
4094783
4106093
1268
132
1911
4068939
654
2861
601272
416973
33100
2849
2828
889
2853
2874
2837
2862
14103
4006600
3992431
2412
239379
1686
59996
644
2874
438492
4017786
1887
2879
4020769
2849
4134825
2825
222792
1075
186
2387
3964233
113773
67532
2895
4026400
4012276
1411
2834
4083106
4046165
3989636
1478
674567
4046100
26469
2846
1184
4126106
4071844
2842
308
493444
136085
40941
1030
1267
915
221141
598
3995245
2840
44753
813820
3276
437
13978
407
395458
2874
2872
4057619
2835
4134754
2863
26874
4012266
61302
138267
1887
1289
2863
4097441
2876
866
4000886
120
4032037
551
113054
4029211
271567
2106
4000991
4097513
1722
327787
3983999
4034806
3967084
1008
1361
1782
4049130
581
32333
2819
1278
54152
2378
934
2849
2847
216
4068841
928865
637009
2672
2116
26073
2847
1518
1501787
1655
1119
1023
3992509
103268
2855
101
2870
4037640
4026329
469
140714
4086192
2862
130927
2390
2863
3986859
128280
2862
347
4020685
19314
2880
1442848
260107
422
2865
4074773
2845
2852
78524
1695
4015063
1234
1563
4051880
2893
2857
966090
1381
4137569
4080431
296
1573
2874
174591
3992413
2855
1062
139664
4108954
434
1382938
4003781
2872
35999
2849
4069006
2129
668
4040556
2562
2871
1290
4108993
1665
1434
4043371
467249
1632
2895
871
2832
1866
2854
4043406
4123204
2870
2861
4066096
2870
179901
3969857
949
3961431
1879
2832
2886
47348
1953
2225
93842
1533
4017930
4111759
66078
2841
2902
4051855
2866
1341
2845
73
2837
2904
2866
2856
522
4034872
3992431
101872
287346
381
2865
132747
1174
89485
93380
2835
1068
2860
577
5947
53311
2876
2031
1454
3972662
2823
2837
1056
614
24256
490625
3961412
29933
932
1777
714
744
1515
4009467
601367
4017903
1159
2132
4015050
2871
3989600
980
3431
1034
2830
2837
33915
118200
36174
896
1295
45404
194925
3983968
3992497
2854
2860
2886
725
4097568
4169214
634
4157804
2862
294
3995245
2879
424
868
118001
2887
76652
1312
3989658
2512
10520
2336
4020736
1613149
744
2359
1782
3998086
1069
4040403
4114691
192614
2872
4037719
2854
3981150
3989658
4046305
13900
4015070
2813
8881
4054700
950
470882
33187
343581
2849
4046319
467158
3961433
100941
888
2863
4066140
2870
4088899
2854
4032081
2834
1604
25119
4000981
6
671
151
2894
3986770
4000920
4040411
2403
4100251
112658
2861
226506
4049139
484905
4086105
149987
4097576
329264
2856
3955803
2252
1489
2887
7854
2833
1614
278246
4006620
89671
2866
1296
20613
3972731
395745
3978296
2858
4040614
38615
2864
1510
555650
54721
4054774
2836
2050
2838
2826
8852
2886
18399
4077646
4017917
2823
46229
2841
2641
2878
2832
8260
738696
2868
2171
486489
802
2869
2840
4046313
951
4068995
185316
2848
4009387
1371
10319
4088908
385
1301
2841
2852
3967084
567354
161309
4030
2820
4066149
2860
599764
589
4051880
2858
4083301
4020744
4000893
4086017
368460
4077464
2823
21719
2837
2841
4003816
1199
616361
63828
1452
6674
4017786
2855
727022
1565
2856
4154881
80332
2886
1137
734235
2875
859686
1761818
794
2878
3519
3992422
2833
1921
2015821
3998141
4051904
1321
528860
3995239
3995299
2873
2861
760
272670
2945
2886
2841
2878
672
2845
676522
10556
1766
1127
3967047
33271
957
425783
313
3950176
114488
402133
1599
1571
1315
4012207
2839
2851
8796
4120394
2859
1642
2869
11875
2823
2823
4063384
2855
1058592
22274
3964244
3995324
87418
2873
4128937
2835
3992447
963
1003
385
2876
4071794
2850
4003789
1468
4037647
4037742
4088891
103574
1380
2831
888
3978305
173016
901
1057860
178771
1296
1282
79122
2855
253594
1412945
2865
41041
571
3992509
2881
502321
4074703
1003
265
2168
2839
4088913
2865
593913
3995262
455
2857
197959
