419
233
0
211
2512
3251
159
193
87
164
3855
113
121
126
184
3691
108
161
78
13123
75
156
117
989
52
18
119
1349
1123
2430
84
82
31
2885
649
167
124
54
150
40
0
73
1018
1822
2678
854
77
128
64
594
130
92
1904
265
223
19
1613
1752
906
195
152
170
100
186
613
5
79
80
134
177
67
94
111
10833
172
60
13
21
154
7
37
2646
1688
2575
834
3603
5473
199
77
57
133
196
57
6248
180
1262
165
187
2431
104
204
46
10634
13
1125
4950
134
150
45
50
132
52
42
3898
2181
1584
78
37
108
702
69
31
101
78
160
203
67
183
0
404
231
136
142
90
50
469
1044
84
42
9075
3990
132
97
7515
4804
4044
34
9112
154
6228
35
181
842
807
53
0
48
79
111
1260
4932
146
139
4498
34
167
57
1487
474
33
138
65
205
11541
38
109
61
33
15885
154
2589
208
742
8
174
2939
44
225
150
144
114
49
2031
156
98
123
203
124
933
59
373
58
5802
5474
411
128
58
104
47
95
3074
87
5162
94
2118
146
708
141
86
171
10618
552
17935
130
1150
225
85
92
83
113
439
79
69
34
222
73
132
926
1276
373
103
89
14249
1982
2035
100
124
1354
76
141
33
159
10
1581
14
42
2011
44
6946
78
68
50
12634
71
35
8545
152
133
160
105
115
73
140
234
2220
436
92
