45
72
93
67
49
126
21
160
224
77
83
96
106
105
197
39
81
203
75
123
90
201
107
144
36
160
96
138
151
21
37
199
88
26
159
110
17
148
139
58
174
136
41
113
94
52
38
141
86
167
60
131
138
120
27
206
178
99
81
76
115
67
48
144
93
157
120
97
48
93
31
77
150
171
111
140
185
189
164
204
62
82
105
189
105
167
137
123
58
125
84
94
182
117
132
106
47
150
132
110
125
83
117
163
162
144
177
174
47
46
157
107
76
170
144
78
147
106
71
137
90
66
229
58
165
96
155
144
77
112
37
123
43
141
102
107
69
58
175
58
95
105
79
107
74
102
158
83
114
170
151
168
8
75
39
12
70
114
5
12
27
14
132
20
81
51
185
25
154
45
132
75
141
82
91
124
143
66
100
39
12
154
77
92
81
99
111
30
121
198
59
123
83
190
144
68
117
150
133
7
49
48
41
51
135
12
109
135
71
65
213
138
106
116
128
156
150
92
106
85
65
183
158
109
98
197
68
185
188
71
88
126
70
205
74
155
94
75
199
57
72
45
161
145
118
100
114
93
119
126
26
118
141
208
58
156
187
83
74
38
97
