146
117
207
107
13
47
108
84
85
171
218
100
92
81
45
134
94
96
225
159
140
20
54
22
224
117
36
186
112
115
79
50
142
162
170
146
119
220
19
43
166
53
143
225
54
43
178
131
224
121
107
151
45
235
81
106
20
110
139
96
160
159
75
63
21
16
49
120
95
109
117
57
134
153
32
41
121
58
127
42
85
119
84
108
188
211
35
186
126
142
71
128
93
84
144
8
69
85
125
140
130
199
35
73
54
66
127
76
70
115
128
42
31
162
66
54
164
132
10
204
34
172
19
76
224
133
104
98
149
67
112
184
63
37
204
39
104
90
149
67
112
113
163
76
114
51
36
55
118
94
139
25
87
65
90
185
227
87
67
32
159
50
143
97
175
215
193
83
161
142
140
32
43
89
95
132
99
206
88
37
44
17
159
162
20
140
42
25
38
70
